<?xml version="1.0" ?>
<coverage branch-rate="0.04926" branches-covered="97" branches-valid="1969" complexity="0" line-rate="0.178" lines-covered="757" lines-valid="4254" timestamp="1736324795060" version="6.2">
	<!-- Generated by coverage.py: https://coverage.readthedocs.io -->
	<!-- Based on https://raw.githubusercontent.com/cobertura/web/master/htdocs/xml/coverage-04.dtd -->
	<sources>
		<source>/code/modules/weko-search-ui/weko_search_ui</source>
	</sources>
	<packages>
		<package branch-rate="0.04926" complexity="0" line-rate="0.178" name=".">
			<classes>
				<class branch-rate="1" complexity="0" filename="__init__.py" line-rate="1" name="__init__.py">
					<methods/>
					<lines>
						<line hits="1" number="21"/>
						<line hits="1" number="23"/>
						<line hits="1" number="24"/>
						<line hits="1" number="26"/>
					</lines>
				</class>
				<class branch-rate="0.07463" complexity="0" filename="admin.py" line-rate="0.1799" name="admin.py">
					<methods/>
					<lines>
						<line hits="1" number="21"/>
						<line hits="1" number="23"/>
						<line hits="1" number="24"/>
						<line hits="1" number="25"/>
						<line hits="1" number="26"/>
						<line hits="1" number="27"/>
						<line hits="1" number="28"/>
						<line hits="1" number="29"/>
						<line hits="1" number="31"/>
						<line hits="1" number="32"/>
						<line hits="1" number="33"/>
						<line hits="1" number="34"/>
						<line hits="1" number="35"/>
						<line hits="1" number="36"/>
						<line hits="1" number="37"/>
						<line hits="1" number="38"/>
						<line hits="1" number="39"/>
						<line hits="1" number="40"/>
						<line hits="1" number="41"/>
						<line hits="1" number="42"/>
						<line hits="1" number="43"/>
						<line hits="1" number="44"/>
						<line hits="1" number="45"/>
						<line hits="1" number="46"/>
						<line hits="1" number="51"/>
						<line hits="1" number="52"/>
						<line hits="1" number="53"/>
						<line hits="1" number="55"/>
						<line hits="1" number="57"/>
						<line hits="1" number="66"/>
						<line hits="1" number="74"/>
						<line hits="1" number="93"/>
						<line hits="1" number="94"/>
						<line branch="true" condition-coverage="100% (2/2)" hits="1" number="97"/>
						<line hits="1" number="100"/>
						<line branch="true" condition-coverage="0% (0/2)" hits="0" missing-branches="105,159" number="103"/>
						<line hits="0" number="105"/>
						<line branch="true" condition-coverage="0% (0/2)" hits="0" missing-branches="107,156" number="106"/>
						<line hits="0" number="107"/>
						<line hits="0" number="108"/>
						<line hits="0" number="109"/>
						<line hits="0" number="111"/>
						<line branch="true" condition-coverage="0% (0/2)" hits="0" missing-branches="113,156" number="112"/>
						<line hits="0" number="113"/>
						<line hits="0" number="114"/>
						<line hits="0" number="115"/>
						<line hits="0" number="116"/>
						<line hits="0" number="118"/>
						<line branch="true" condition-coverage="0% (0/2)" hits="0" missing-branches="123,134" number="121"/>
						<line hits="0" number="123"/>
						<line branch="true" condition-coverage="0% (0/2)" hits="0" missing-branches="125,134" number="124"/>
						<line branch="true" condition-coverage="0% (0/2)" hits="0" missing-branches="124,126" number="125"/>
						<line hits="0" number="126"/>
						<line hits="0" number="129"/>
						<line branch="true" condition-coverage="0% (0/2)" hits="0" missing-branches="124,132" number="131"/>
						<line hits="0" number="132"/>
						<line hits="0" number="134"/>
						<line branch="true" condition-coverage="0% (0/2)" hits="0" missing-branches="136,150" number="135"/>
						<line hits="0" number="136"/>
						<line branch="true" condition-coverage="0% (0/2)" hits="0" missing-branches="140,144" number="139"/>
						<line branch="true" condition-coverage="0% (0/2)" hits="0" missing-branches="exit,141" number="140"/>
						<line hits="0" number="141"/>
						<line branch="true" condition-coverage="0% (0/2)" hits="0" missing-branches="145,149" number="144"/>
						<line branch="true" condition-coverage="0% (0/2)" hits="0" missing-branches="exit,146" number="145"/>
						<line hits="0" number="146"/>
						<line hits="0" number="149"/>
						<line hits="0" number="150"/>
						<line hits="0" number="151"/>
						<line hits="0" number="152"/>
						<line hits="0" number="153"/>
						<line hits="0" number="154"/>
						<line hits="0" number="156"/>
						<line hits="0" number="159"/>
						<line hits="0" number="160"/>
						<line hits="1" number="166"/>
						<line hits="0" number="169"/>
						<line hits="0" number="170"/>
						<line hits="0" number="171"/>
						<line hits="0" number="172"/>
						<line branch="true" condition-coverage="0% (0/2)" hits="0" missing-branches="175,191" number="174"/>
						<line branch="true" condition-coverage="0% (0/2)" hits="0" missing-branches="176,178" number="175"/>
						<line hits="0" number="176"/>
						<line hits="0" number="177"/>
						<line branch="true" condition-coverage="0% (0/2)" hits="0" missing-branches="179,188" number="178"/>
						<line hits="0" number="179"/>
						<line hits="0" number="180"/>
						<line hits="0" number="188"/>
						<line hits="0" number="189"/>
						<line hits="0" number="191"/>
						<line hits="0" number="192"/>
						<line hits="0" number="194"/>
						<line branch="true" condition-coverage="100% (2/2)" hits="1" number="197"/>
						<line hits="1" number="200"/>
						<line hits="0" number="203"/>
						<line hits="1" number="208"/>
						<line hits="0" number="211"/>
						<line hits="0" number="212"/>
						<line hits="0" number="213"/>
						<line hits="0" number="214"/>
						<line hits="0" number="217"/>
						<line branch="true" condition-coverage="0% (0/2)" hits="0" missing-branches="219,223" number="218"/>
						<line hits="0" number="219"/>
						<line branch="true" condition-coverage="0% (0/2)" hits="0" missing-branches="218,221" number="220"/>
						<line hits="0" number="221"/>
						<line hits="0" number="223"/>
						<line hits="0" number="229"/>
						<line hits="0" number="230"/>
						<line hits="0" number="231"/>
						<line hits="0" number="232"/>
						<line hits="0" number="233"/>
						<line branch="true" condition-coverage="100% (2/2)" hits="1" number="236"/>
						<line hits="1" number="239"/>
						<line hits="0" number="242"/>
						<line hits="0" number="243"/>
						<line hits="0" number="244"/>
						<line hits="0" number="245"/>
						<line hits="0" number="246"/>
						<line branch="true" condition-coverage="0% (0/2)" hits="0" missing-branches="256,264" number="255"/>
						<line hits="0" number="256"/>
						<line hits="0" number="258"/>
						<line hits="0" number="259"/>
						<line branch="true" condition-coverage="0% (0/2)" hits="0" missing-branches="261,264" number="260"/>
						<line hits="0" number="261"/>
						<line hits="0" number="264"/>
						<line hits="0" number="267"/>
						<line hits="0" number="269"/>
						<line hits="0" number="271"/>
						<line hits="0" number="272"/>
						<line branch="true" condition-coverage="0% (0/2)" hits="0" missing-branches="274,312" number="273"/>
						<line hits="0" number="274"/>
						<line hits="0" number="275"/>
						<line hits="0" number="276"/>
						<line hits="0" number="277"/>
						<line branch="true" condition-coverage="0% (0/2)" hits="0" missing-branches="279,291" number="278"/>
						<line hits="0" number="279"/>
						<line hits="0" number="281"/>
						<line branch="true" condition-coverage="0% (0/2)" hits="0" missing-branches="283,294" number="282"/>
						<line hits="0" number="283"/>
						<line hits="0" number="284"/>
						<line branch="true" condition-coverage="0% (0/2)" hits="0" missing-branches="287,294" number="286"/>
						<line hits="0" number="287"/>
						<line hits="0" number="288"/>
						<line branch="true" condition-coverage="0% (0/2)" hits="0" missing-branches="290,294" number="289"/>
						<line hits="0" number="290"/>
						<line branch="true" condition-coverage="0% (0/2)" hits="0" missing-branches="292,294" number="291"/>
						<line hits="0" number="292"/>
						<line hits="0" number="294"/>
						<line hits="0" number="312"/>
						<line hits="1" number="314"/>
						<line hits="0" number="317"/>
						<line branch="true" condition-coverage="100% (2/2)" hits="1" number="320"/>
						<line hits="1" number="323"/>
						<line hits="0" number="330"/>
						<line hits="0" number="331"/>
						<line branch="true" condition-coverage="0% (0/2)" hits="0" missing-branches="exit,334" number="332"/>
						<line hits="0" number="334"/>
						<line hits="0" number="336"/>
						<line hits="1" number="343"/>
						<line hits="1" number="344"/>
						<line hits="0" number="347"/>
						<line hits="0" number="349"/>
						<line hits="0" number="350"/>
						<line hits="0" number="352"/>
						<line hits="0" number="353"/>
						<line branch="true" condition-coverage="0% (0/2)" hits="0" missing-branches="355,362" number="354"/>
						<line branch="true" condition-coverage="0% (0/2)" hits="0" missing-branches="356,362" number="355"/>
						<line branch="true" condition-coverage="0% (0/2)" hits="0" missing-branches="357,361" number="356"/>
						<line hits="0" number="357"/>
						<line hits="0" number="358"/>
						<line hits="0" number="359"/>
						<line hits="0" number="361"/>
						<line branch="true" condition-coverage="0% (0/2)" hits="0" missing-branches="363,370" number="362"/>
						<line hits="0" number="363"/>
						<line hits="0" number="364"/>
						<line branch="true" condition-coverage="0% (0/2)" hits="0" missing-branches="368,369" number="367"/>
						<line branch="true" condition-coverage="0% (0/2)" hits="0" missing-branches="exit,367" number="368"/>
						<line hits="0" number="369"/>
						<line branch="true" condition-coverage="0% (0/2)" hits="0" missing-branches="371,390" number="370"/>
						<line hits="0" number="371"/>
						<line hits="0" number="377"/>
						<line hits="0" number="378"/>
						<line hits="0" number="379"/>
						<line hits="0" number="380"/>
						<line hits="0" number="390"/>
						<line hits="1" number="392"/>
						<line hits="1" number="393"/>
						<line hits="0" number="395"/>
						<line hits="0" number="396"/>
						<line branch="true" condition-coverage="0% (0/2)" hits="0" missing-branches="399,408" number="398"/>
						<line hits="0" number="399"/>
						<line branch="true" condition-coverage="0% (0/2)" hits="0" missing-branches="401,406" number="400"/>
						<line hits="0" number="401"/>
						<line hits="0" number="402"/>
						<line hits="0" number="403"/>
						<line branch="true" condition-coverage="0% (0/2)" hits="0" missing-branches="407,408" number="406"/>
						<line hits="0" number="407"/>
						<line hits="0" number="408"/>
						<line hits="1" number="410"/>
						<line hits="0" number="413"/>
						<line hits="0" number="414"/>
						<line hits="0" number="415"/>
						<line hits="0" number="417"/>
						<line branch="true" condition-coverage="0% (0/2)" hits="0" missing-branches="419,428" number="418"/>
						<line hits="0" number="419"/>
						<line hits="0" number="422"/>
						<line hits="0" number="428"/>
						<line hits="1" number="434"/>
						<line hits="1" number="435"/>
						<line hits="0" number="437"/>
						<line hits="0" number="438"/>
						<line hits="0" number="439"/>
						<line hits="0" number="440"/>
						<line hits="0" number="448"/>
						<line hits="0" number="449"/>
						<line hits="0" number="451"/>
						<line branch="true" condition-coverage="0% (0/2)" hits="0" missing-branches="exit,455" number="452"/>
						<line hits="0" number="455"/>
						<line branch="true" condition-coverage="0% (0/2)" hits="0" missing-branches="457,482" number="456"/>
						<line hits="0" number="457"/>
						<line branch="true" condition-coverage="0% (0/2)" hits="0" missing-branches="459,470" number="458"/>
						<line hits="0" number="459"/>
						<line hits="0" number="460"/>
						<line hits="0" number="461"/>
						<line hits="0" number="462"/>
						<line hits="0" number="463"/>
						<line hits="0" number="464"/>
						<line hits="0" number="465"/>
						<line hits="0" number="466"/>
						<line hits="0" number="467"/>
						<line hits="0" number="470"/>
						<line branch="true" condition-coverage="0% (0/2)" hits="0" missing-branches="472,479" number="471"/>
						<line hits="0" number="472"/>
						<line hits="0" number="479"/>
						<line hits="0" number="480"/>
						<line hits="0" number="482"/>
						<line hits="0" number="486"/>
						<line hits="1" number="488"/>
						<line hits="0" number="491"/>
						<line hits="0" number="492"/>
						<line branch="true" condition-coverage="0% (0/2)" hits="0" missing-branches="494,530" number="493"/>
						<line hits="0" number="494"/>
						<line branch="true" condition-coverage="0% (0/2)" hits="0" missing-branches="496,528" number="495"/>
						<line hits="0" number="496"/>
						<line hits="0" number="497"/>
						<line hits="0" number="498"/>
						<line hits="0" number="503"/>
						<line hits="0" number="508"/>
						<line branch="true" condition-coverage="0% (0/2)" hits="0" missing-branches="510,511" number="509"/>
						<line hits="0" number="510"/>
						<line hits="0" number="511"/>
						<line hits="0" number="523"/>
						<line hits="0" number="528"/>
						<line hits="0" number="530"/>
						<line hits="0" number="531"/>
						<line hits="1" number="533"/>
						<line hits="0" number="536"/>
						<line hits="0" number="537"/>
						<line hits="0" number="539"/>
						<line hits="0" number="540"/>
						<line branch="true" condition-coverage="0% (0/2)" hits="0" missing-branches="542,549" number="541"/>
						<line hits="0" number="542"/>
						<line hits="0" number="543"/>
						<line hits="0" number="549"/>
						<line hits="1" number="555"/>
						<line hits="0" number="558"/>
						<line hits="0" number="559"/>
						<line hits="1" number="561"/>
						<line hits="0" number="564"/>
						<line hits="0" number="565"/>
						<line hits="0" number="566"/>
						<line hits="0" number="567"/>
						<line branch="true" condition-coverage="0% (0/2)" hits="0" missing-branches="569,698" number="568"/>
						<line hits="0" number="569"/>
						<line branch="true" condition-coverage="0% (0/2)" hits="0" missing-branches="571,698" number="570"/>
						<line hits="0" number="571"/>
						<line branch="true" condition-coverage="0% (0/2)" hits="0" missing-branches="573,698" number="572"/>
						<line hits="0" number="573"/>
						<line hits="0" number="576"/>
						<line hits="0" number="581"/>
						<line hits="0" number="582"/>
						<line branch="true" condition-coverage="0% (0/2)" hits="0" missing-branches="exit,584" number="583"/>
						<line hits="0" number="584"/>
						<line hits="0" number="586"/>
						<line hits="0" number="587"/>
						<line branch="true" condition-coverage="0% (0/2)" hits="0" missing-branches="exit,592" number="591"/>
						<line hits="0" number="592"/>
						<line hits="0" number="597"/>
						<line hits="0" number="599"/>
						<line hits="0" number="600"/>
						<line branch="true" condition-coverage="0% (0/2)" hits="0" missing-branches="602,689" number="601"/>
						<line branch="true" condition-coverage="0% (0/2)" hits="0" missing-branches="603,605" number="602"/>
						<line hits="0" number="603"/>
						<line hits="0" number="605"/>
						<line hits="0" number="606"/>
						<line branch="true" condition-coverage="0% (0/2)" hits="0" missing-branches="exit,610" number="607"/>
						<line hits="0" number="610"/>
						<line branch="true" condition-coverage="0% (0/2)" hits="0" missing-branches="615,621" number="614"/>
						<line hits="0" number="615"/>
						<line hits="0" number="616"/>
						<line hits="0" number="617"/>
						<line hits="0" number="618"/>
						<line hits="0" number="621"/>
						<line hits="0" number="626"/>
						<line hits="0" number="629"/>
						<line branch="true" condition-coverage="0% (0/2)" hits="0" missing-branches="631,683" number="630"/>
						<line branch="true" condition-coverage="0% (0/2)" hits="0" missing-branches="632,644" number="631"/>
						<line hits="0" number="632"/>
						<line hits="0" number="633"/>
						<line hits="0" number="638"/>
						<line hits="0" number="641"/>
						<line hits="0" number="642"/>
						<line hits="0" number="643"/>
						<line branch="true" condition-coverage="0% (0/2)" hits="0" missing-branches="645,671" number="644"/>
						<line hits="0" number="645"/>
						<line branch="true" condition-coverage="0% (0/2)" hits="0" missing-branches="651,664" number="650"/>
						<line hits="0" number="651"/>
						<line hits="0" number="656"/>
						<line hits="0" number="661"/>
						<line hits="0" number="662"/>
						<line hits="0" number="664"/>
						<line hits="0" number="665"/>
						<line hits="0" number="668"/>
						<line hits="0" number="669"/>
						<line hits="0" number="671"/>
						<line hits="0" number="674"/>
						<line hits="0" number="677"/>
						<line hits="0" number="683"/>
						<line hits="0" number="684"/>
						<line branch="true" condition-coverage="0% (0/2)" hits="0" missing-branches="601,686" number="685"/>
						<line hits="0" number="686"/>
						<line hits="0" number="689"/>
						<line hits="0" number="698"/>
						<line hits="1" number="714"/>
						<line hits="0" number="716"/>
						<line branch="true" condition-coverage="0% (0/2)" hits="0" missing-branches="718,721" number="717"/>
						<line hits="0" number="718"/>
						<line hits="0" number="719"/>
						<line hits="0" number="721"/>
						<line branch="true" condition-coverage="100% (2/2)" hits="1" number="731"/>
						<line hits="1" number="734"/>
						<line hits="0" number="741"/>
						<line hits="0" number="742"/>
						<line hits="0" number="743"/>
						<line hits="0" number="747"/>
						<line hits="0" number="748"/>
						<line hits="1" number="750"/>
						<line hits="0" number="753"/>
						<line hits="0" number="754"/>
						<line hits="0" number="755"/>
						<line hits="0" number="756"/>
						<line hits="0" number="760"/>
						<line hits="0" number="761"/>
						<line branch="true" condition-coverage="0% (0/2)" hits="0" missing-branches="764,768" number="763"/>
						<line hits="0" number="764"/>
						<line hits="0" number="765"/>
						<line hits="0" number="768"/>
						<line hits="0" number="769"/>
						<line hits="0" number="770"/>
						<line hits="1" number="781"/>
						<line hits="0" number="784"/>
						<line hits="0" number="785"/>
						<line hits="0" number="786"/>
						<line hits="1" number="797"/>
						<line hits="0" number="800"/>
						<line hits="0" number="801"/>
						<line hits="0" number="802"/>
						<line hits="1" number="804"/>
						<line hits="0" number="810"/>
						<line branch="true" condition-coverage="0% (0/2)" hits="0" missing-branches="812,819" number="811"/>
						<line hits="0" number="812"/>
						<line hits="0" number="813"/>
						<line hits="0" number="819"/>
						<line hits="1" number="822"/>
						<line hits="1" number="831"/>
						<line hits="1" number="840"/>
						<line hits="1" number="849"/>
						<line hits="1" number="854"/>
						<line hits="1" number="863"/>
					</lines>
				</class>
				<class branch-rate="0.03125" complexity="0" filename="api.py" line-rate="0.1692" name="api.py">
					<methods/>
					<lines>
						<line hits="1" number="21"/>
						<line hits="1" number="23"/>
						<line hits="1" number="24"/>
						<line hits="1" number="25"/>
						<line hits="1" number="27"/>
						<line hits="1" number="28"/>
						<line hits="1" number="29"/>
						<line hits="1" number="30"/>
						<line hits="1" number="31"/>
						<line hits="1" number="32"/>
						<line hits="1" number="33"/>
						<line hits="1" number="34"/>
						<line branch="true" condition-coverage="100% (2/2)" hits="1" number="37"/>
						<line hits="1" number="40"/>
						<line hits="0" number="43"/>
						<line hits="0" number="44"/>
						<line hits="0" number="45"/>
						<line hits="0" number="46"/>
						<line branch="true" condition-coverage="0% (0/2)" hits="0" missing-branches="48,51" number="47"/>
						<line hits="0" number="48"/>
						<line hits="0" number="49"/>
						<line hits="0" number="51"/>
						<line branch="true" condition-coverage="0% (0/2)" hits="0" missing-branches="54,65" number="53"/>
						<line branch="true" condition-coverage="0% (0/2)" hits="0" missing-branches="53,55" number="54"/>
						<line hits="0" number="55"/>
						<line hits="0" number="56"/>
						<line hits="0" number="57"/>
						<line branch="true" condition-coverage="0% (0/2)" hits="0" missing-branches="53,63" number="62"/>
						<line hits="0" number="63"/>
						<line hits="0" number="65"/>
						<line hits="0" number="67"/>
						<line hits="1" number="69"/>
						<line hits="1" number="70"/>
						<line hits="0" number="72"/>
						<line hits="0" number="73"/>
						<line branch="true" condition-coverage="0% (0/2)" hits="0" missing-branches="75,80" number="74"/>
						<line branch="true" condition-coverage="0% (0/2)" hits="0" missing-branches="76,78" number="75"/>
						<line hits="0" number="76"/>
						<line hits="0" number="78"/>
						<line branch="true" condition-coverage="0% (0/2)" hits="0" missing-branches="81,85" number="80"/>
						<line hits="0" number="81"/>
						<line hits="0" number="85"/>
						<line hits="0" number="89"/>
						<line hits="0" number="90"/>
						<line branch="true" condition-coverage="0% (0/2)" hits="0" missing-branches="93,104" number="92"/>
						<line branch="true" condition-coverage="0% (0/2)" hits="0" missing-branches="94,98" number="93"/>
						<line hits="0" number="94"/>
						<line hits="0" number="98"/>
						<line hits="0" number="101"/>
						<line hits="0" number="102"/>
						<line hits="0" number="104"/>
						<line hits="1" number="106"/>
						<line hits="0" number="109"/>
						<line branch="true" condition-coverage="0% (0/2)" hits="0" missing-branches="116,117" number="115"/>
						<line hits="0" number="116"/>
						<line hits="0" number="117"/>
						<line hits="1" number="119"/>
						<line branch="true" condition-coverage="0% (0/2)" hits="0" missing-branches="123,137" number="122"/>
						<line hits="0" number="123"/>
						<line hits="0" number="124"/>
						<line hits="0" number="135"/>
						<line hits="0" number="137"/>
						<line hits="0" number="138"/>
						<line hits="0" number="149"/>
						<line hits="0" number="151"/>
						<line hits="1" number="153"/>
						<line hits="0" number="156"/>
						<line hits="0" number="157"/>
						<line branch="true" condition-coverage="0% (0/2)" hits="0" missing-branches="163,164" number="162"/>
						<line hits="0" number="163"/>
						<line hits="0" number="164"/>
						<line hits="1" number="167"/>
						<line hits="0" number="169"/>
						<line hits="0" number="170"/>
						<line hits="0" number="171"/>
						<line branch="true" condition-coverage="0% (0/2)" hits="0" missing-branches="173,175" number="172"/>
						<line hits="0" number="173"/>
						<line hits="0" number="175"/>
						<line hits="0" number="177"/>
						<line hits="0" number="178"/>
						<line branch="true" condition-coverage="0% (0/2)" hits="0" missing-branches="180,183" number="179"/>
						<line hits="0" number="180"/>
						<line hits="0" number="181"/>
						<line hits="0" number="183"/>
						<line hits="0" number="184"/>
						<line branch="true" condition-coverage="0% (0/2)" hits="0" missing-branches="186,193" number="185"/>
						<line hits="0" number="186"/>
						<line hits="0" number="187"/>
						<line branch="true" condition-coverage="0% (0/2)" hits="0" missing-branches="185,190" number="189"/>
						<line hits="0" number="190"/>
						<line hits="0" number="191"/>
						<line branch="true" condition-coverage="0% (0/2)" hits="0" missing-branches="194,211" number="193"/>
						<line branch="true" condition-coverage="0% (0/2)" hits="0" missing-branches="195,197" number="194"/>
						<line hits="0" number="195"/>
						<line branch="true" condition-coverage="0% (0/2)" hits="0" missing-branches="198,200" number="197"/>
						<line hits="0" number="198"/>
						<line branch="true" condition-coverage="0% (0/2)" hits="0" missing-branches="201,206" number="200"/>
						<line hits="0" number="201"/>
						<line hits="0" number="202"/>
						<line branch="true" condition-coverage="0% (0/2)" hits="0" missing-branches="204,206" number="203"/>
						<line branch="true" condition-coverage="0% (0/2)" hits="0" missing-branches="203,205" number="204"/>
						<line hits="0" number="205"/>
						<line branch="true" condition-coverage="0% (0/2)" hits="0" missing-branches="193,207" number="206"/>
						<line branch="true" condition-coverage="0% (0/2)" hits="0" missing-branches="193,208" number="207"/>
						<line branch="true" condition-coverage="0% (0/2)" hits="0" missing-branches="207,209" number="208"/>
						<line hits="0" number="209"/>
						<line hits="0" number="211"/>
						<line hits="0" number="213"/>
						<line hits="0" number="214"/>
						<line hits="0" number="215"/>
						<line hits="0" number="217"/>
						<line hits="1" number="220"/>
						<line branch="true" condition-coverage="0% (0/2)" hits="0" missing-branches="233,254" number="232"/>
						<line branch="true" condition-coverage="0% (0/2)" hits="0" missing-branches="234,249" number="233"/>
						<line branch="true" condition-coverage="0% (0/2)" hits="0" missing-branches="235,238" number="234"/>
						<line hits="0" number="235"/>
						<line hits="0" number="236"/>
						<line hits="0" number="238"/>
						<line hits="0" number="239"/>
						<line hits="0" number="241"/>
						<line hits="0" number="247"/>
						<line branch="true" condition-coverage="0% (0/2)" hits="0" missing-branches="250,254" number="249"/>
						<line branch="true" condition-coverage="0% (0/2)" hits="0" missing-branches="251,254" number="250"/>
						<line branch="true" condition-coverage="0% (0/2)" hits="0" missing-branches="250,252" number="251"/>
						<line hits="0" number="252"/>
						<line hits="0" number="254"/>
						<line hits="1" number="256"/>
						<line hits="0" number="265"/>
						<line hits="0" number="266"/>
						<line hits="0" number="274"/>
					</lines>
				</class>
				<class branch-rate="1" complexity="0" filename="bundles.py" line-rate="1" name="bundles.py">
					<methods/>
					<lines>
						<line hits="1" number="21"/>
						<line hits="1" number="23"/>
						<line hits="1" number="25"/>
						<line hits="1" number="26"/>
						<line hits="1" number="27"/>
						<line hits="1" number="29"/>
						<line hits="1" number="36"/>
						<line hits="1" number="43"/>
						<line hits="1" number="49"/>
						<line hits="1" number="55"/>
						<line hits="1" number="59"/>
						<line hits="1" number="63"/>
						<line hits="1" number="65"/>
						<line hits="1" number="71"/>
						<line hits="1" number="77"/>
						<line hits="1" number="84"/>
						<line hits="1" number="92"/>
						<line hits="1" number="94"/>
						<line hits="1" number="102"/>
					</lines>
				</class>
				<class branch-rate="1" complexity="0" filename="config.py" line-rate="1" name="config.py">
					<methods/>
					<lines>
						<line hits="1" number="21"/>
						<line hits="1" number="23"/>
						<line hits="1" number="25"/>
						<line hits="1" number="26"/>
						<line hits="1" number="27"/>
						<line hits="1" number="29"/>
						<line hits="1" number="31"/>
						<line hits="1" number="34"/>
						<line hits="1" number="37"/>
						<line hits="1" number="39"/>
						<line hits="1" number="41"/>
						<line hits="1" number="45"/>
						<line hits="1" number="47"/>
						<line hits="1" number="51"/>
						<line hits="1" number="55"/>
						<line hits="1" number="59"/>
						<line hits="1" number="63"/>
						<line hits="1" number="65"/>
						<line hits="1" number="67"/>
						<line hits="1" number="69"/>
						<line hits="1" number="73"/>
						<line hits="1" number="75"/>
						<line hits="1" number="77"/>
						<line hits="1" number="81"/>
						<line hits="1" number="83"/>
						<line hits="1" number="85"/>
						<line hits="1" number="88"/>
						<line hits="1" number="91"/>
						<line hits="1" number="94"/>
						<line hits="1" number="95"/>
						<line hits="1" number="98"/>
						<line hits="1" number="100"/>
						<line hits="1" number="101"/>
						<line hits="1" number="104"/>
						<line hits="1" number="108"/>
						<line hits="1" number="109"/>
						<line hits="1" number="112"/>
						<line hits="1" number="113"/>
						<line hits="1" number="116"/>
						<line hits="1" number="117"/>
						<line hits="1" number="121"/>
						<line hits="1" number="122"/>
						<line hits="1" number="132"/>
						<line hits="1" number="133"/>
						<line hits="1" number="134"/>
						<line hits="1" number="135"/>
						<line hits="1" number="137"/>
						<line hits="1" number="140"/>
						<line hits="1" number="141"/>
						<line hits="1" number="143"/>
						<line hits="1" number="144"/>
						<line hits="1" number="218"/>
						<line hits="1" number="245"/>
						<line hits="1" number="457"/>
						<line hits="1" number="459"/>
						<line hits="1" number="461"/>
						<line hits="1" number="464"/>
						<line hits="1" number="467"/>
						<line hits="1" number="468"/>
						<line hits="1" number="470"/>
						<line hits="1" number="472"/>
						<line hits="1" number="474"/>
						<line hits="1" number="512"/>
						<line hits="1" number="514"/>
						<line hits="1" number="522"/>
						<line hits="1" number="524"/>
						<line hits="1" number="525"/>
						<line hits="1" number="526"/>
						<line hits="1" number="528"/>
						<line hits="1" number="532"/>
						<line hits="1" number="534"/>
						<line hits="1" number="538"/>
						<line hits="1" number="540"/>
						<line hits="1" number="542"/>
						<line hits="1" number="554"/>
						<line hits="1" number="566"/>
						<line hits="1" number="579"/>
						<line hits="1" number="580"/>
						<line hits="1" number="590"/>
						<line hits="1" number="600"/>
						<line hits="1" number="606"/>
						<line hits="1" number="608"/>
						<line hits="1" number="689"/>
						<line hits="1" number="695"/>
						<line hits="1" number="698"/>
						<line hits="1" number="701"/>
						<line hits="1" number="704"/>
						<line hits="1" number="707"/>
						<line hits="1" number="710"/>
						<line hits="1" number="713"/>
						<line hits="1" number="715"/>
						<line hits="1" number="718"/>
						<line hits="1" number="721"/>
						<line hits="1" number="724"/>
						<line hits="1" number="727"/>
						<line hits="1" number="730"/>
						<line hits="1" number="732"/>
						<line hits="1" number="735"/>
						<line hits="1" number="737"/>
					</lines>
				</class>
				<class branch-rate="1" complexity="0" filename="error.py" line-rate="1" name="error.py">
					<methods/>
					<lines>
						<line hits="1" number="25"/>
						<line hits="1" number="26"/>
						<line branch="true" condition-coverage="100% (2/2)" hits="1" number="28"/>
						<line hits="1" number="31"/>
						<line hits="1" number="32"/>
						<line branch="true" condition-coverage="100% (2/2)" hits="1" number="34"/>
						<line hits="1" number="37"/>
						<line hits="1" number="38"/>
						<line branch="true" condition-coverage="100% (2/2)" hits="1" number="40"/>
						<line hits="1" number="43"/>
						<line hits="1" number="44"/>
						<line branch="true" condition-coverage="100% (2/2)" hits="1" number="46"/>
						<line hits="1" number="49"/>
						<line hits="1" number="50"/>
					</lines>
				</class>
				<class branch-rate="0.6875" complexity="0" filename="ext.py" line-rate="0.8125" name="ext.py">
					<methods/>
					<lines>
						<line hits="1" number="21"/>
						<line hits="1" number="23"/>
						<line hits="1" number="24"/>
						<line hits="1" number="25"/>
						<line branch="true" condition-coverage="100% (2/2)" hits="1" number="28"/>
						<line hits="1" number="31"/>
						<line branch="true" condition-coverage="50% (1/2)" hits="1" missing-branches="exit" number="36"/>
						<line hits="1" number="37"/>
						<line hits="1" number="39"/>
						<line hits="1" number="44"/>
						<line hits="1" number="45"/>
						<line hits="1" number="46"/>
						<line hits="1" number="49"/>
						<line hits="1" number="51"/>
						<line hits="1" number="53"/>
						<line branch="true" condition-coverage="50% (1/2)" hits="1" missing-branches="65" number="59"/>
						<line hits="1" number="60"/>
						<line branch="true" condition-coverage="50% (1/2)" hits="1" missing-branches="68" number="65"/>
						<line hits="1" number="66"/>
						<line hits="0" number="68"/>
						<line hits="1" number="70"/>
						<line branch="true" condition-coverage="100% (2/2)" hits="1" number="86"/>
						<line branch="true" condition-coverage="100% (2/2)" hits="1" number="87"/>
						<line hits="1" number="88"/>
						<line branch="true" condition-coverage="100% (2/2)" hits="1" number="91"/>
						<line hits="1" number="94"/>
						<line branch="true" condition-coverage="0% (0/2)" hits="0" missing-branches="exit,100" number="99"/>
						<line hits="0" number="100"/>
						<line hits="1" number="102"/>
						<line hits="0" number="110"/>
						<line hits="0" number="111"/>
						<line hits="0" number="112"/>
					</lines>
				</class>
				<class branch-rate="1" complexity="0" filename="links.py" line-rate="0" name="links.py">
					<methods/>
					<lines>
						<line hits="0" number="21"/>
						<line hits="0" number="23"/>
						<line hits="0" number="26"/>
						<line hits="0" number="32"/>
						<line hits="0" number="37"/>
					</lines>
				</class>
				<class branch-rate="1" complexity="0" filename="permissions.py" line-rate="1" name="permissions.py">
					<methods/>
					<lines>
						<line hits="1" number="21"/>
						<line hits="1" number="23"/>
						<line hits="1" number="25"/>
						<line hits="1" number="26"/>
					</lines>
				</class>
				<class branch-rate="0.1737" complexity="0" filename="query.py" line-rate="0.2914" name="query.py">
					<methods/>
					<lines>
						<line hits="1" number="21"/>
						<line hits="1" number="23"/>
						<line hits="1" number="24"/>
						<line hits="1" number="25"/>
						<line hits="1" number="26"/>
						<line hits="1" number="27"/>
						<line hits="1" number="28"/>
						<line hits="1" number="30"/>
						<line hits="1" number="31"/>
						<line hits="1" number="32"/>
						<line hits="1" number="33"/>
						<line hits="1" number="34"/>
						<line hits="1" number="35"/>
						<line hits="1" number="36"/>
						<line hits="1" number="37"/>
						<line hits="1" number="38"/>
						<line hits="1" number="39"/>
						<line hits="1" number="41"/>
						<line hits="1" number="42"/>
						<line hits="1" number="43"/>
						<line hits="1" number="46"/>
						<line hits="0" number="51"/>
						<line hits="0" number="53"/>
						<line hits="0" number="54"/>
						<line hits="1" number="57"/>
						<line hits="1" number="67"/>
						<line branch="true" condition-coverage="50% (1/2)" hits="1" missing-branches="71" number="68"/>
						<line hits="1" number="69"/>
						<line hits="0" number="71"/>
						<line hits="1" number="72"/>
						<line hits="1" number="73"/>
						<line hits="1" number="74"/>
						<line hits="1" number="76"/>
						<line hits="1" number="77"/>
						<line hits="1" number="78"/>
						<line hits="1" number="79"/>
						<line branch="true" condition-coverage="100% (2/2)" hits="1" number="80"/>
						<line hits="1" number="81"/>
						<line branch="true" condition-coverage="50% (1/2)" hits="1" missing-branches="84" number="83"/>
						<line hits="0" number="84"/>
						<line branch="true" condition-coverage="0% (0/2)" hits="0" missing-branches="86,92" number="85"/>
						<line hits="0" number="86"/>
						<line branch="true" condition-coverage="0% (0/2)" hits="0" missing-branches="88,90" number="87"/>
						<line hits="0" number="88"/>
						<line hits="0" number="90"/>
						<line branch="true" condition-coverage="0% (0/2)" hits="0" missing-branches="93,95" number="92"/>
						<line hits="0" number="93"/>
						<line hits="0" number="95"/>
						<line hits="1" number="97"/>
						<line branch="true" condition-coverage="50% (1/2)" hits="1" missing-branches="102" number="99"/>
						<line hits="1" number="100"/>
						<line hits="0" number="102"/>
						<line hits="0" number="103"/>
						<line hits="1" number="105"/>
						<line branch="true" condition-coverage="50% (1/2)" hits="1" missing-branches="122" number="107"/>
						<line hits="1" number="108"/>
						<line branch="true" condition-coverage="50% (1/2)" hits="1" missing-branches="127" number="110"/>
						<line hits="1" number="111"/>
						<line hits="1" number="113"/>
						<line hits="1" number="114"/>
						<line hits="1" number="115"/>
						<line hits="1" number="116"/>
						<line hits="1" number="117"/>
						<line hits="1" number="118"/>
						<line hits="1" number="119"/>
						<line hits="1" number="120"/>
						<line hits="0" number="122"/>
						<line hits="0" number="123"/>
						<line hits="0" number="124"/>
						<line hits="0" number="125"/>
						<line hits="1" number="127"/>
						<line hits="1" number="130"/>
						<line hits="1" number="140"/>
						<line hits="0" number="146"/>
						<line hits="0" number="147"/>
						<line hits="0" number="158"/>
						<line hits="1" number="160"/>
						<line hits="1" number="166"/>
						<line hits="1" number="167"/>
						<line hits="1" number="168"/>
						<line branch="true" condition-coverage="50% (1/2)" hits="1" missing-branches="175" number="172"/>
						<line hits="1" number="173"/>
						<line branch="true" condition-coverage="0% (0/2)" hits="0" missing-branches="176,191" number="175"/>
						<line hits="0" number="176"/>
						<line branch="true" condition-coverage="0% (0/2)" hits="0" missing-branches="179,184" number="178"/>
						<line hits="0" number="179"/>
						<line hits="0" number="180"/>
						<line hits="0" number="181"/>
						<line hits="0" number="184"/>
						<line branch="true" condition-coverage="0% (0/2)" hits="0" missing-branches="186,189" number="185"/>
						<line hits="0" number="186"/>
						<line hits="0" number="187"/>
						<line hits="0" number="188"/>
						<line hits="0" number="189"/>
						<line branch="true" condition-coverage="0% (0/2)" hits="0" missing-branches="192,222" number="191"/>
						<line branch="true" condition-coverage="0% (0/2)" hits="0" missing-branches="193,198" number="192"/>
						<line hits="0" number="193"/>
						<line hits="0" number="194"/>
						<line hits="0" number="195"/>
						<line hits="0" number="196"/>
						<line hits="0" number="198"/>
						<line branch="true" condition-coverage="0% (0/2)" hits="0" missing-branches="200,210" number="199"/>
						<line hits="0" number="200"/>
						<line hits="0" number="210"/>
						<line branch="true" condition-coverage="0% (0/2)" hits="0" missing-branches="212,220" number="211"/>
						<line hits="0" number="212"/>
						<line hits="0" number="220"/>
						<line branch="true" condition-coverage="0% (0/2)" hits="0" missing-branches="224,251" number="222"/>
						<line branch="true" condition-coverage="0% (0/2)" hits="0" missing-branches="226,260" number="224"/>
						<line branch="true" condition-coverage="0% (0/2)" hits="0" missing-branches="224,227" number="226"/>
						<line hits="0" number="227"/>
						<line branch="true" condition-coverage="0% (0/2)" hits="0" missing-branches="exit,234" number="228"/>
						<line branch="true" condition-coverage="0% (0/3)" hits="0" missing-branches="exit,235,239" number="234"/>
						<line hits="0" number="235"/>
						<line hits="0" number="236"/>
						<line hits="0" number="237"/>
						<line branch="true" condition-coverage="0% (0/2)" hits="0" missing-branches="exit,243" number="239"/>
						<line branch="true" condition-coverage="0% (0/2)" hits="0" missing-branches="244,248" number="243"/>
						<line hits="0" number="244"/>
						<line hits="0" number="245"/>
						<line hits="0" number="246"/>
						<line branch="true" condition-coverage="0% (0/2)" hits="0" missing-branches="224,249" number="248"/>
						<line hits="0" number="249"/>
						<line branch="true" condition-coverage="0% (0/2)" hits="0" missing-branches="252,260" number="251"/>
						<line hits="0" number="252"/>
						<line branch="true" condition-coverage="0% (0/3)" hits="0" missing-branches="exit,255,257" number="254"/>
						<line hits="0" number="255"/>
						<line branch="true" condition-coverage="0% (0/2)" hits="0" missing-branches="258,260" number="257"/>
						<line hits="0" number="258"/>
						<line hits="0" number="260"/>
						<line hits="1" number="262"/>
						<line hits="1" number="264"/>
						<line branch="true" condition-coverage="50% (1/2)" hits="1" missing-branches="267" number="265"/>
						<line hits="1" number="266"/>
						<line branch="true" condition-coverage="0% (0/2)" hits="0" missing-branches="269,294" number="267"/>
						<line branch="true" condition-coverage="0% (0/2)" hits="0" missing-branches="exit,270" number="269"/>
						<line branch="true" condition-coverage="0% (0/2)" hits="0" missing-branches="271,294" number="270"/>
						<line hits="0" number="271"/>
						<line branch="true" condition-coverage="0% (0/2)" hits="0" missing-branches="270,273" number="272"/>
						<line branch="true" condition-coverage="0% (0/2)" hits="0" missing-branches="270,274" number="273"/>
						<line branch="true" condition-coverage="0% (0/2)" hits="0" missing-branches="exit,277" number="274"/>
						<line branch="true" condition-coverage="0% (0/2)" hits="0" missing-branches="270,278" number="277"/>
						<line hits="0" number="278"/>
						<line branch="true" condition-coverage="0% (0/2)" hits="0" missing-branches="270,280" number="279"/>
						<line branch="true" condition-coverage="0% (0/2)" hits="0" missing-branches="exit,285" number="280"/>
						<line branch="true" condition-coverage="0% (0/2)" hits="0" missing-branches="270,286" number="285"/>
						<line hits="0" number="286"/>
						<line branch="true" condition-coverage="0% (0/2)" hits="0" missing-branches="exit,288" number="287"/>
						<line hits="0" number="288"/>
						<line hits="0" number="294"/>
						<line hits="1" number="296"/>
						<line hits="1" number="298"/>
						<line branch="true" condition-coverage="50% (1/2)" hits="1" missing-branches="303" number="300"/>
						<line hits="1" number="301"/>
						<line hits="0" number="303"/>
						<line branch="true" condition-coverage="0% (0/2)" hits="0" missing-branches="307,414" number="305"/>
						<line branch="true" condition-coverage="0% (0/3)" hits="0" missing-branches="exit,310,414" number="307"/>
						<line hits="0" number="310"/>
						<line branch="true" condition-coverage="0% (0/2)" hits="0" missing-branches="314,407" number="312"/>
						<line branch="true" condition-coverage="0% (0/2)" hits="0" missing-branches="317,365" number="314"/>
						<line branch="true" condition-coverage="0% (0/2)" hits="0" missing-branches="307,318" number="317"/>
						<line hits="0" number="318"/>
						<line branch="true" condition-coverage="0% (0/2)" hits="0" missing-branches="321,323" number="320"/>
						<line hits="0" number="321"/>
						<line branch="true" condition-coverage="0% (0/2)" hits="0" missing-branches="317,324" number="323"/>
						<line branch="true" condition-coverage="0% (0/2)" hits="0" missing-branches="317,325" number="324"/>
						<line branch="true" condition-coverage="0% (0/2)" hits="0" missing-branches="324,326" number="325"/>
						<line hits="0" number="326"/>
						<line hits="0" number="327"/>
						<line hits="0" number="330"/>
						<line branch="true" condition-coverage="0% (0/2)" hits="0" missing-branches="332,336" number="331"/>
						<line hits="0" number="332"/>
						<line hits="0" number="336"/>
						<line hits="0" number="340"/>
						<line branch="true" condition-coverage="0% (0/2)" hits="0" missing-branches="342,352" number="341"/>
						<line hits="0" number="342"/>
						<line hits="0" number="343"/>
						<line hits="0" number="344"/>
						<line hits="0" number="345"/>
						<line hits="0" number="347"/>
						<line hits="0" number="348"/>
						<line hits="0" number="352"/>
						<line branch="true" condition-coverage="0% (0/2)" hits="0" missing-branches="354,358" number="353"/>
						<line hits="0" number="354"/>
						<line hits="0" number="355"/>
						<line hits="0" number="356"/>
						<line hits="0" number="357"/>
						<line hits="0" number="358"/>
						<line hits="0" number="359"/>
						<line hits="0" number="360"/>
						<line hits="0" number="361"/>
						<line branch="true" condition-coverage="0% (0/2)" hits="0" missing-branches="exit,369" number="365"/>
						<line branch="true" condition-coverage="0% (0/2)" hits="0" missing-branches="307,370" number="369"/>
						<line hits="0" number="370"/>
						<line branch="true" condition-coverage="0% (0/2)" hits="0" missing-branches="307,373" number="372"/>
						<line branch="true" condition-coverage="0% (0/2)" hits="0" missing-branches="exit,379" number="373"/>
						<line branch="true" condition-coverage="0% (0/2)" hits="0" missing-branches="307,380" number="379"/>
						<line hits="0" number="380"/>
						<line hits="0" number="381"/>
						<line hits="0" number="382"/>
						<line hits="0" number="390"/>
						<line hits="0" number="391"/>
						<line branch="true" condition-coverage="0% (0/2)" hits="0" missing-branches="exit,398" number="392"/>
						<line hits="0" number="398"/>
						<line hits="0" number="399"/>
						<line hits="0" number="400"/>
						<line branch="true" condition-coverage="0% (0/2)" hits="0" missing-branches="307,408" number="407"/>
						<line hits="0" number="408"/>
						<line hits="0" number="412"/>
						<line hits="0" number="414"/>
						<line hits="1" number="416"/>
						<line hits="1" number="428"/>
						<line branch="true" condition-coverage="50% (1/2)" hits="1" missing-branches="495" number="430"/>
						<line hits="1" number="431"/>
						<line hits="1" number="432"/>
						<line branch="true" condition-coverage="50% (1/2)" hits="1" missing-branches="437" number="434"/>
						<line hits="1" number="435"/>
						<line hits="0" number="437"/>
						<line hits="0" number="438"/>
						<line branch="true" condition-coverage="0% (0/2)" hits="0" missing-branches="440,455" number="439"/>
						<line branch="true" condition-coverage="0% (0/2)" hits="0" missing-branches="441,444" number="440"/>
						<line hits="0" number="441"/>
						<line branch="true" condition-coverage="0% (0/2)" hits="0" missing-branches="445,448" number="444"/>
						<line hits="0" number="445"/>
						<line branch="true" condition-coverage="0% (0/2)" hits="0" missing-branches="449,452" number="448"/>
						<line hits="0" number="449"/>
						<line branch="true" condition-coverage="0% (0/2)" hits="0" missing-branches="453,457" number="452"/>
						<line hits="0" number="453"/>
						<line hits="0" number="455"/>
						<line hits="0" number="457"/>
						<line hits="0" number="458"/>
						<line hits="0" number="459"/>
						<line branch="true" condition-coverage="0% (0/2)" hits="0" missing-branches="462,463" number="461"/>
						<line hits="0" number="462"/>
						<line branch="true" condition-coverage="0% (0/2)" hits="0" missing-branches="464,495" number="463"/>
						<line hits="0" number="464"/>
						<line hits="0" number="465"/>
						<line branch="true" condition-coverage="0% (0/2)" hits="0" missing-branches="469,495" number="467"/>
						<line branch="true" condition-coverage="0% (0/3)" hits="0" missing-branches="exit,472,495" number="469"/>
						<line hits="0" number="472"/>
						<line branch="true" condition-coverage="0% (0/2)" hits="0" missing-branches="469,475" number="474"/>
						<line branch="true" condition-coverage="0% (0/2)" hits="0" missing-branches="exit,479" number="475"/>
						<line branch="true" condition-coverage="0% (0/2)" hits="0" missing-branches="469,480" number="479"/>
						<line hits="0" number="480"/>
						<line branch="true" condition-coverage="0% (0/2)" hits="0" missing-branches="469,483" number="482"/>
						<line branch="true" condition-coverage="0% (0/2)" hits="0" missing-branches="exit,484" number="483"/>
						<line hits="0" number="484"/>
						<line branch="true" condition-coverage="0% (0/2)" hits="0" missing-branches="486,489" number="485"/>
						<line hits="0" number="486"/>
						<line hits="0" number="487"/>
						<line hits="0" number="489"/>
						<line hits="0" number="490"/>
						<line hits="0" number="495"/>
						<line hits="0" number="496"/>
						<line hits="1" number="498"/>
						<line hits="1" number="499"/>
						<line hits="1" number="500"/>
						<line branch="true" condition-coverage="50% (1/2)" hits="1" missing-branches="507" number="504"/>
						<line hits="1" number="505"/>
						<line branch="true" condition-coverage="0% (0/2)" hits="0" missing-branches="508,522" number="507"/>
						<line hits="0" number="508"/>
						<line branch="true" condition-coverage="0% (0/2)" hits="0" missing-branches="510,516" number="509"/>
						<line hits="0" number="510"/>
						<line hits="0" number="511"/>
						<line hits="0" number="512"/>
						<line hits="0" number="516"/>
						<line branch="true" condition-coverage="0% (0/2)" hits="0" missing-branches="518,521" number="517"/>
						<line hits="0" number="518"/>
						<line hits="0" number="519"/>
						<line hits="0" number="520"/>
						<line hits="0" number="521"/>
						<line hits="0" number="522"/>
						<line hits="1" number="524"/>
						<line hits="1" number="525"/>
						<line branch="true" condition-coverage="50% (1/2)" hits="1" missing-branches="540" number="527"/>
						<line hits="1" number="528"/>
						<line hits="1" number="529"/>
						<line branch="true" condition-coverage="50% (1/2)" hits="1" missing-branches="534" number="531"/>
						<line hits="1" number="532"/>
						<line hits="0" number="534"/>
						<line hits="0" number="535"/>
						<line hits="0" number="536"/>
						<line branch="true" condition-coverage="0% (0/2)" hits="0" missing-branches="539,540" number="538"/>
						<line hits="0" number="539"/>
						<line hits="0" number="540"/>
						<line hits="1" number="542"/>
						<line hits="1" number="544"/>
						<line branch="true" condition-coverage="50% (1/2)" hits="1" missing-branches="561" number="546"/>
						<line hits="1" number="547"/>
						<line hits="1" number="548"/>
						<line hits="1" number="549"/>
						<line branch="true" condition-coverage="50% (1/2)" hits="1" missing-branches="554" number="551"/>
						<line hits="1" number="552"/>
						<line hits="0" number="554"/>
						<line hits="0" number="555"/>
						<line hits="0" number="556"/>
						<line branch="true" condition-coverage="0% (0/2)" hits="0" missing-branches="559,561" number="558"/>
						<line hits="0" number="559"/>
						<line hits="0" number="561"/>
						<line hits="1" number="563"/>
						<line hits="1" number="564"/>
						<line branch="true" condition-coverage="50% (1/2)" hits="1" missing-branches="591" number="566"/>
						<line hits="1" number="567"/>
						<line hits="1" number="568"/>
						<line hits="1" number="569"/>
						<line branch="true" condition-coverage="50% (1/2)" hits="1" missing-branches="574" number="571"/>
						<line hits="1" number="572"/>
						<line hits="0" number="574"/>
						<line hits="0" number="575"/>
						<line hits="0" number="576"/>
						<line branch="true" condition-coverage="0% (0/2)" hits="0" missing-branches="579,591" number="578"/>
						<line hits="0" number="579"/>
						<line hits="0" number="591"/>
						<line hits="1" number="593"/>
						<line branch="true" condition-coverage="50% (1/2)" hits="1" missing-branches="596" number="594"/>
						<line hits="1" number="595"/>
						<line hits="1" number="596"/>
						<line hits="1" number="597"/>
						<line hits="1" number="598"/>
						<line hits="1" number="599"/>
						<line hits="1" number="600"/>
						<line hits="1" number="601"/>
						<line hits="1" number="602"/>
						<line hits="1" number="603"/>
						<line hits="1" number="604"/>
						<line hits="1" number="606"/>
						<line hits="1" number="608"/>
						<line branch="true" condition-coverage="100% (2/2)" hits="1" number="609"/>
						<line hits="1" number="610"/>
						<line branch="true" condition-coverage="50% (1/2)" hits="1" missing-branches="613" number="612"/>
						<line hits="0" number="613"/>
						<line branch="true" condition-coverage="100% (2/2)" hits="1" number="615"/>
						<line hits="1" number="616"/>
						<line branch="true" condition-coverage="50% (1/2)" hits="1" missing-branches="619" number="618"/>
						<line hits="0" number="619"/>
						<line branch="true" condition-coverage="100% (2/2)" hits="1" number="621"/>
						<line hits="1" number="622"/>
						<line branch="true" condition-coverage="50% (1/2)" hits="1" missing-branches="625" number="624"/>
						<line hits="0" number="625"/>
						<line branch="true" condition-coverage="100% (2/2)" hits="1" number="627"/>
						<line hits="1" number="628"/>
						<line branch="true" condition-coverage="50% (1/2)" hits="1" missing-branches="631" number="630"/>
						<line hits="0" number="631"/>
						<line branch="true" condition-coverage="100% (2/2)" hits="1" number="632"/>
						<line hits="1" number="633"/>
						<line branch="true" condition-coverage="50% (1/2)" hits="1" missing-branches="636" number="635"/>
						<line hits="0" number="636"/>
						<line branch="true" condition-coverage="100% (2/2)" hits="1" number="637"/>
						<line hits="1" number="638"/>
						<line branch="true" condition-coverage="50% (1/2)" hits="1" missing-branches="641" number="640"/>
						<line hits="0" number="641"/>
						<line branch="true" condition-coverage="100% (2/2)" hits="1" number="643"/>
						<line hits="1" number="644"/>
						<line branch="true" condition-coverage="50% (1/2)" hits="1" missing-branches="647" number="646"/>
						<line hits="0" number="647"/>
						<line branch="true" condition-coverage="100% (2/2)" hits="1" number="649"/>
						<line hits="1" number="650"/>
						<line branch="true" condition-coverage="50% (1/2)" hits="1" missing-branches="653" number="652"/>
						<line hits="0" number="653"/>
						<line hits="0" number="655"/>
						<line hits="0" number="656"/>
						<line hits="1" number="660"/>
						<line hits="1" number="661"/>
						<line hits="1" number="663"/>
						<line hits="0" number="670"/>
						<line hits="0" number="672"/>
						<line branch="true" condition-coverage="0% (0/2)" hits="0" missing-branches="675,677" number="674"/>
						<line hits="0" number="675"/>
						<line hits="0" number="677"/>
						<line hits="0" number="679"/>
						<line hits="1" number="681"/>
						<line hits="0" number="688"/>
						<line hits="0" number="689"/>
						<line hits="0" number="691"/>
						<line hits="0" number="692"/>
						<line branch="true" condition-coverage="0% (0/2)" hits="0" missing-branches="695,697" number="694"/>
						<line hits="0" number="695"/>
						<line hits="0" number="697"/>
						<line hits="0" number="698"/>
						<line hits="1" number="700"/>
						<line hits="0" number="702"/>
						<line branch="true" condition-coverage="0% (0/2)" hits="0" missing-branches="704,712" number="703"/>
						<line hits="0" number="704"/>
						<line hits="0" number="712"/>
						<line branch="true" condition-coverage="0% (0/2)" hits="0" missing-branches="714,720" number="713"/>
						<line hits="0" number="714"/>
						<line hits="0" number="720"/>
						<line hits="0" number="723"/>
						<line hits="0" number="724"/>
						<line hits="0" number="731"/>
						<line hits="0" number="732"/>
						<line hits="1" number="734"/>
						<line hits="1" number="744"/>
						<line hits="1" number="747"/>
						<line branch="true" condition-coverage="50% (1/2)" hits="1" missing-branches="751" number="749"/>
						<line hits="0" number="751"/>
						<line branch="true" condition-coverage="50% (1/2)" hits="1" missing-branches="754" number="753"/>
						<line hits="0" number="754"/>
						<line hits="0" number="755"/>
						<line hits="1" number="757"/>
						<line hits="1" number="759"/>
						<line hits="0" number="769"/>
						<line hits="0" number="770"/>
						<line hits="0" number="771"/>
						<line hits="0" number="774"/>
						<line branch="true" condition-coverage="0% (0/2)" hits="0" missing-branches="778,780" number="776"/>
						<line hits="0" number="778"/>
						<line branch="true" condition-coverage="0% (0/2)" hits="0" missing-branches="781,784" number="780"/>
						<line hits="0" number="781"/>
						<line hits="0" number="782"/>
						<line hits="0" number="784"/>
						<line hits="1" number="786"/>
						<line hits="1" number="787"/>
						<line hits="1" number="790"/>
						<line hits="1" number="793"/>
						<line branch="true" condition-coverage="50% (1/2)" hits="1" missing-branches="797" number="796"/>
						<line hits="0" number="797"/>
						<line hits="1" number="799"/>
						<line branch="true" condition-coverage="50% (1/2)" hits="1" missing-branches="802" number="801"/>
						<line hits="0" number="802"/>
						<line branch="true" condition-coverage="50% (1/2)" hits="1" missing-branches="805" number="804"/>
						<line hits="0" number="805"/>
						<line hits="1" number="808"/>
						<line branch="true" condition-coverage="50% (1/2)" hits="1" missing-branches="840" number="833"/>
						<line branch="true" condition-coverage="50% (1/2)" hits="1" missing-branches="835" number="834"/>
						<line hits="0" number="835"/>
						<line hits="1" number="837"/>
						<line branch="true" condition-coverage="0% (0/2)" hits="0" missing-branches="841,842" number="840"/>
						<line hits="0" number="841"/>
						<line branch="true" condition-coverage="0% (0/2)" hits="0" missing-branches="843,845" number="842"/>
						<line hits="0" number="843"/>
						<line hits="0" number="845"/>
						<line hits="1" number="847"/>
						<line hits="1" number="848"/>
						<line hits="1" number="850"/>
						<line hits="1" number="851"/>
						<line hits="0" number="852"/>
						<line hits="0" number="853"/>
						<line hits="0" number="857"/>
						<line hits="1" number="859"/>
						<line hits="1" number="860"/>
						<line hits="1" number="861"/>
						<line branch="true" condition-coverage="50% (1/2)" hits="1" missing-branches="864" number="863"/>
						<line hits="0" number="864"/>
						<line hits="0" number="866"/>
						<line hits="0" number="867"/>
						<line hits="0" number="868"/>
						<line branch="true" condition-coverage="0% (0/2)" hits="0" missing-branches="863,872" number="871"/>
						<line hits="0" number="872"/>
						<line hits="0" number="875"/>
						<line hits="0" number="876"/>
						<line hits="0" number="877"/>
						<line hits="0" number="878"/>
						<line branch="true" condition-coverage="0% (0/2)" hits="0" missing-branches="881,895" number="880"/>
						<line hits="0" number="881"/>
						<line hits="0" number="882"/>
						<line branch="true" condition-coverage="0% (0/2)" hits="0" missing-branches="885,888" number="884"/>
						<line hits="0" number="885"/>
						<line hits="0" number="886"/>
						<line hits="0" number="888"/>
						<line branch="true" condition-coverage="0% (0/2)" hits="0" missing-branches="891,893" number="890"/>
						<line hits="0" number="891"/>
						<line hits="0" number="893"/>
						<line hits="0" number="895"/>
						<line hits="1" number="897"/>
						<line hits="1" number="899"/>
						<line hits="1" number="902"/>
						<line hits="1" number="905"/>
						<line hits="1" number="908"/>
						<line hits="0" number="917"/>
						<line hits="0" number="924"/>
						<line hits="0" number="933"/>
						<line hits="0" number="964"/>
						<line hits="0" number="965"/>
						<line hits="0" number="967"/>
						<line branch="true" condition-coverage="0% (0/2)" hits="0" missing-branches="969,982" number="968"/>
						<line hits="0" number="969"/>
						<line hits="0" number="970"/>
						<line hits="0" number="971"/>
						<line hits="0" number="973"/>
						<line hits="0" number="974"/>
						<line hits="0" number="978"/>
						<line hits="0" number="979"/>
						<line hits="0" number="980"/>
						<line branch="true" condition-coverage="0% (0/2)" hits="0" missing-branches="984,1064" number="982"/>
						<line hits="0" number="984"/>
						<line branch="true" condition-coverage="0% (0/2)" hits="0" missing-branches="987,989" number="986"/>
						<line hits="0" number="987"/>
						<line hits="0" number="989"/>
						<line branch="true" condition-coverage="0% (0/2)" hits="0" missing-branches="992,1003" number="991"/>
						<line branch="true" condition-coverage="0% (0/2)" hits="0" missing-branches="exit,993" number="992"/>
						<line hits="0" number="993"/>
						<line branch="true" condition-coverage="0% (0/2)" hits="0" missing-branches="996,1000" number="995"/>
						<line hits="0" number="996"/>
						<line hits="0" number="997"/>
						<line hits="0" number="998"/>
						<line hits="0" number="1000"/>
						<line branch="true" condition-coverage="0% (0/2)" hits="0" missing-branches="1004,1056" number="1003"/>
						<line hits="0" number="1004"/>
						<line hits="0" number="1005"/>
						<line hits="0" number="1006"/>
						<line branch="true" condition-coverage="0% (0/2)" hits="0" missing-branches="1011,1029" number="1010"/>
						<line hits="0" number="1011"/>
						<line branch="true" condition-coverage="0% (0/2)" hits="0" missing-branches="1013,1023" number="1012"/>
						<line hits="0" number="1013"/>
						<line hits="0" number="1014"/>
						<line hits="0" number="1019"/>
						<line hits="0" number="1023"/>
						<line hits="0" number="1029"/>
						<line hits="0" number="1038"/>
						<line branch="true" condition-coverage="0% (0/2)" hits="0" missing-branches="1040,1043" number="1039"/>
						<line hits="0" number="1040"/>
						<line hits="0" number="1041"/>
						<line branch="true" condition-coverage="0% (0/2)" hits="0" missing-branches="1044,1057" number="1043"/>
						<line hits="0" number="1044"/>
						<line branch="true" condition-coverage="0% (0/2)" hits="0" missing-branches="1046,1047" number="1045"/>
						<line hits="0" number="1046"/>
						<line hits="0" number="1047"/>
						<line hits="0" number="1048"/>
						<line hits="0" number="1049"/>
						<line hits="0" number="1050"/>
						<line hits="0" number="1051"/>
						<line hits="0" number="1052"/>
						<line hits="0" number="1054"/>
						<line hits="0" number="1056"/>
						<line hits="0" number="1057"/>
						<line hits="0" number="1058"/>
						<line hits="0" number="1059"/>
						<line hits="0" number="1061"/>
						<line hits="0" number="1064"/>
						<line hits="0" number="1100"/>
						<line branch="true" condition-coverage="0% (0/2)" hits="0" missing-branches="1102,1104" number="1101"/>
						<line hits="0" number="1102"/>
						<line hits="0" number="1104"/>
						<line branch="true" condition-coverage="0% (0/2)" hits="0" missing-branches="exit,1107" number="1106"/>
						<line hits="0" number="1107"/>
						<line hits="0" number="1108"/>
						<line branch="true" condition-coverage="0% (0/2)" hits="0" missing-branches="1113,1128" number="1112"/>
						<line hits="0" number="1113"/>
						<line branch="true" condition-coverage="0% (0/2)" hits="0" missing-branches="1115,1122" number="1114"/>
						<line hits="0" number="1115"/>
						<line hits="0" number="1116"/>
						<line hits="0" number="1121"/>
						<line hits="0" number="1122"/>
						<line hits="0" number="1128"/>
						<line hits="0" number="1138"/>
						<line branch="true" condition-coverage="0% (0/2)" hits="0" missing-branches="1143,1154" number="1142"/>
						<line branch="true" condition-coverage="0% (0/2)" hits="0" missing-branches="exit,1144" number="1143"/>
						<line hits="0" number="1144"/>
						<line branch="true" condition-coverage="0% (0/2)" hits="0" missing-branches="1147,1151" number="1146"/>
						<line hits="0" number="1147"/>
						<line hits="0" number="1148"/>
						<line hits="0" number="1149"/>
						<line hits="0" number="1151"/>
						<line hits="0" number="1154"/>
						<line hits="0" number="1155"/>
						<line hits="0" number="1156"/>
						<line hits="0" number="1158"/>
						<line hits="0" number="1161"/>
						<line hits="0" number="1162"/>
						<line hits="0" number="1164"/>
						<line hits="0" number="1166"/>
						<line hits="0" number="1167"/>
						<line hits="0" number="1168"/>
						<line hits="0" number="1169"/>
						<line hits="0" number="1170"/>
						<line hits="0" number="1171"/>
						<line hits="0" number="1172"/>
						<line hits="0" number="1174"/>
						<line hits="0" number="1176"/>
						<line hits="0" number="1177"/>
						<line branch="true" condition-coverage="0% (0/2)" hits="0" missing-branches="1181,1197" number="1179"/>
						<line branch="true" condition-coverage="0% (0/2)" hits="0" missing-branches="1182,1194" number="1181"/>
						<line hits="0" number="1182"/>
						<line hits="0" number="1183"/>
						<line branch="true" condition-coverage="0% (0/2)" hits="0" missing-branches="1186,1188" number="1185"/>
						<line hits="0" number="1186"/>
						<line hits="0" number="1188"/>
						<line hits="0" number="1190"/>
						<line hits="0" number="1191"/>
						<line hits="0" number="1194"/>
						<line branch="true" condition-coverage="0% (0/2)" hits="0" missing-branches="1198,1227" number="1197"/>
						<line hits="0" number="1198"/>
						<line hits="0" number="1199"/>
						<line hits="0" number="1200"/>
						<line hits="0" number="1203"/>
						<line hits="0" number="1204"/>
						<line branch="true" condition-coverage="0% (0/2)" hits="0" missing-branches="1207,1214" number="1206"/>
						<line branch="true" condition-coverage="0% (0/2)" hits="0" missing-branches="1208,1211" number="1207"/>
						<line hits="0" number="1208"/>
						<line hits="0" number="1209"/>
						<line hits="0" number="1211"/>
						<line hits="0" number="1212"/>
						<line hits="0" number="1214"/>
						<line branch="true" condition-coverage="0% (0/2)" hits="0" missing-branches="1216,1219" number="1215"/>
						<line hits="0" number="1216"/>
						<line hits="0" number="1217"/>
						<line hits="0" number="1219"/>
						<line hits="0" number="1221"/>
						<line hits="0" number="1222"/>
						<line hits="0" number="1223"/>
						<line hits="0" number="1225"/>
						<line hits="0" number="1227"/>
						<line hits="0" number="1228"/>
						<line hits="0" number="1230"/>
						<line hits="0" number="1231"/>
						<line hits="1" number="1234"/>
						<line hits="1" number="1240"/>
						<line hits="1" number="1241"/>
						<line branch="true" condition-coverage="50% (1/2)" hits="1" missing-branches="1255" number="1247"/>
						<line hits="1" number="1248"/>
						<line branch="true" condition-coverage="100% (2/2)" hits="1" number="1250"/>
						<line branch="true" condition-coverage="50% (1/2)" hits="1" missing-branches="1253" number="1252"/>
						<line hits="0" number="1253"/>
						<line hits="1" number="1255"/>
						<line hits="1" number="1258"/>
						<line hits="1" number="1259"/>
						<line hits="1" number="1262"/>
						<line hits="1" number="1270"/>
						<line hits="1" number="1271"/>
						<line branch="true" condition-coverage="100% (2/2)" hits="1" number="1273"/>
						<line hits="1" number="1274"/>
						<line hits="1" number="1275"/>
						<line hits="1" number="1277"/>
						<line hits="1" number="1280"/>
						<line hits="1" number="1285"/>
						<line hits="0" number="1306"/>
						<line hits="0" number="1307"/>
						<line branch="true" condition-coverage="0% (0/2)" hits="0" missing-branches="1311,1312" number="1310"/>
						<line hits="0" number="1311"/>
						<line hits="0" number="1312"/>
						<line hits="0" number="1314"/>
						<line hits="0" number="1319"/>
						<line branch="true" condition-coverage="0% (0/2)" hits="0" missing-branches="1321,1334" number="1320"/>
						<line hits="0" number="1321"/>
						<line hits="0" number="1322"/>
						<line branch="true" condition-coverage="0% (0/2)" hits="0" missing-branches="1324,1334" number="1323"/>
						<line hits="0" number="1324"/>
						<line hits="0" number="1325"/>
						<line hits="0" number="1330"/>
						<line branch="true" condition-coverage="0% (0/2)" hits="0" missing-branches="1332,1333" number="1331"/>
						<line hits="0" number="1332"/>
						<line hits="0" number="1333"/>
						<line branch="true" condition-coverage="0% (0/2)" hits="0" missing-branches="1335,1336" number="1334"/>
						<line hits="0" number="1335"/>
						<line branch="true" condition-coverage="0% (0/2)" hits="0" missing-branches="1337,1338" number="1336"/>
						<line hits="0" number="1337"/>
						<line hits="0" number="1338"/>
						<line hits="0" number="1339"/>
						<line hits="0" number="1341"/>
						<line hits="0" number="1342"/>
						<line hits="0" number="1344"/>
						<line hits="0" number="1345"/>
						<line hits="0" number="1346"/>
						<line hits="0" number="1347"/>
						<line hits="0" number="1348"/>
						<line hits="0" number="1349"/>
						<line hits="0" number="1352"/>
						<line hits="0" number="1354"/>
						<line hits="0" number="1355"/>
						<line hits="1" number="1358"/>
						<line hits="0" number="1366"/>
						<line hits="0" number="1367"/>
						<line hits="0" number="1370"/>
						<line hits="0" number="1408"/>
						<line hits="0" number="1410"/>
						<line hits="0" number="1412"/>
						<line hits="0" number="1414"/>
						<line hits="0" number="1415"/>
						<line hits="0" number="1416"/>
						<line hits="0" number="1417"/>
						<line hits="0" number="1418"/>
						<line hits="0" number="1421"/>
						<line hits="0" number="1423"/>
						<line hits="0" number="1424"/>
						<line hits="1" number="1426"/>
						<line branch="true" condition-coverage="0% (0/2)" hits="0" missing-branches="1435,1436" number="1434"/>
						<line hits="0" number="1435"/>
						<line hits="0" number="1436"/>
						<line hits="0" number="1437"/>
						<line hits="0" number="1438"/>
						<line branch="true" condition-coverage="0% (0/2)" hits="0" missing-branches="exit,1440" number="1439"/>
						<line hits="0" number="1440"/>
					</lines>
				</class>
				<class branch-rate="0.02844" complexity="0" filename="rest.py" line-rate="0.1253" name="rest.py">
					<methods/>
					<lines>
						<line hits="1" number="21"/>
						<line hits="1" number="23"/>
						<line hits="1" number="24"/>
						<line hits="1" number="25"/>
						<line hits="1" number="26"/>
						<line hits="1" number="27"/>
						<line hits="1" number="28"/>
						<line hits="1" number="30"/>
						<line hits="1" number="31"/>
						<line hits="1" number="32"/>
						<line hits="1" number="33"/>
						<line hits="1" number="34"/>
						<line hits="1" number="35"/>
						<line hits="1" number="36"/>
						<line hits="1" number="37"/>
						<line hits="1" number="38"/>
						<line hits="1" number="39"/>
						<line hits="1" number="40"/>
						<line hits="1" number="45"/>
						<line hits="1" number="46"/>
						<line hits="1" number="47"/>
						<line hits="1" number="50"/>
						<line hits="1" number="55"/>
						<line hits="1" number="56"/>
						<line hits="1" number="57"/>
						<line hits="1" number="58"/>
						<line hits="1" number="59"/>
						<line hits="1" number="60"/>
						<line hits="1" number="61"/>
						<line hits="1" number="62"/>
						<line hits="1" number="63"/>
						<line hits="1" number="64"/>
						<line hits="1" number="65"/>
						<line hits="1" number="66"/>
						<line hits="1" number="67"/>
						<line hits="1" number="68"/>
						<line hits="1" number="70"/>
						<line hits="1" number="71"/>
						<line hits="1" number="72"/>
						<line hits="1" number="73"/>
						<line hits="1" number="75"/>
						<line hits="1" number="78"/>
						<line hits="0" number="86"/>
						<line hits="0" number="92"/>
						<line hits="0" number="94"/>
						<line branch="true" condition-coverage="0% (0/2)" hits="0" missing-branches="96,100" number="95"/>
						<line hits="0" number="96"/>
						<line hits="0" number="97"/>
						<line hits="0" number="98"/>
						<line hits="0" number="99"/>
						<line hits="0" number="100"/>
						<line branch="true" condition-coverage="0% (0/2)" hits="0" missing-branches="104,201" number="103"/>
						<line branch="true" condition-coverage="0% (0/2)" hits="0" missing-branches="105,110" number="104"/>
						<line hits="0" number="105"/>
						<line branch="true" condition-coverage="0% (0/2)" hits="0" missing-branches="exit,112" number="106"/>
						<line hits="0" number="110"/>
						<line branch="true" condition-coverage="0% (0/2)" hits="0" missing-branches="113,118" number="112"/>
						<line hits="0" number="113"/>
						<line branch="true" condition-coverage="0% (0/2)" hits="0" missing-branches="exit,120" number="114"/>
						<line hits="0" number="118"/>
						<line hits="0" number="120"/>
						<line hits="0" number="121"/>
						<line hits="0" number="122"/>
						<line hits="0" number="124"/>
						<line hits="0" number="125"/>
						<line hits="0" number="126"/>
						<line hits="0" number="127"/>
						<line branch="true" condition-coverage="0% (0/2)" hits="0" missing-branches="exit,159" number="129"/>
						<line hits="0" number="159"/>
						<line hits="0" number="167"/>
						<line hits="0" number="175"/>
						<line hits="0" number="183"/>
						<line hits="0" number="189"/>
						<line hits="0" number="195"/>
						<line hits="0" number="201"/>
						<line branch="true" condition-coverage="100% (2/2)" hits="1" number="204"/>
						<line hits="1" number="207"/>
						<line hits="1" number="209"/>
						<line hits="0" number="218"/>
						<line branch="true" condition-coverage="0% (0/2)" hits="0" missing-branches="231,233" number="230"/>
						<line hits="0" number="231"/>
						<line hits="0" number="233"/>
						<line hits="1" number="235"/>
						<line hits="0" number="241"/>
						<line hits="0" number="242"/>
						<line hits="0" number="244"/>
						<line hits="0" number="245"/>
						<line hits="0" number="246"/>
						<line hits="0" number="247"/>
						<line hits="0" number="248"/>
						<line hits="0" number="249"/>
						<line hits="0" number="250"/>
						<line branch="true" condition-coverage="0% (0/2)" hits="0" missing-branches="252,257" number="251"/>
						<line hits="0" number="252"/>
						<line branch="true" condition-coverage="0% (0/2)" hits="0" missing-branches="254,257" number="253"/>
						<line hits="0" number="254"/>
						<line branch="true" condition-coverage="0% (0/2)" hits="0" missing-branches="253,256" number="255"/>
						<line hits="0" number="256"/>
						<line branch="true" condition-coverage="0% (0/2)" hits="0" missing-branches="258,259" number="257"/>
						<line hits="0" number="258"/>
						<line hits="0" number="259"/>
						<line hits="0" number="260"/>
						<line hits="0" number="261"/>
						<line hits="0" number="262"/>
						<line hits="0" number="263"/>
						<line hits="0" number="264"/>
						<line branch="true" condition-coverage="0% (0/2)" hits="0" missing-branches="266,269" number="265"/>
						<line hits="0" number="266"/>
						<line hits="0" number="269"/>
						<line branch="true" condition-coverage="0% (0/2)" hits="0" missing-branches="271,274" number="270"/>
						<line hits="0" number="271"/>
						<line hits="0" number="272"/>
						<line hits="0" number="274"/>
						<line hits="0" number="276"/>
						<line hits="0" number="280"/>
						<line branch="true" condition-coverage="0% (0/2)" hits="0" missing-branches="284,287" number="283"/>
						<line hits="0" number="284"/>
						<line branch="true" condition-coverage="0% (0/2)" hits="0" missing-branches="291,295" number="287"/>
						<line hits="0" number="291"/>
						<line hits="0" number="295"/>
						<line hits="0" number="296"/>
						<line hits="0" number="297"/>
						<line hits="0" number="298"/>
						<line hits="0" number="299"/>
						<line hits="0" number="301"/>
						<line hits="0" number="302"/>
						<line hits="0" number="303"/>
						<line hits="0" number="304"/>
						<line hits="0" number="305"/>
						<line hits="0" number="306"/>
						<line hits="0" number="307"/>
						<line hits="0" number="308"/>
						<line hits="0" number="309"/>
						<line hits="0" number="310"/>
						<line hits="0" number="311"/>
						<line branch="true" condition-coverage="0% (0/2)" hits="0" missing-branches="313,320" number="312"/>
						<line hits="0" number="313"/>
						<line hits="0" number="320"/>
						<line branch="true" condition-coverage="0% (0/2)" hits="0" missing-branches="322,377" number="321"/>
						<line branch="true" condition-coverage="0% (0/2)" hits="0" missing-branches="323,349" number="322"/>
						<line branch="true" condition-coverage="0% (0/2)" hits="0" missing-branches="322,324" number="323"/>
						<line hits="0" number="324"/>
						<line hits="0" number="325"/>
						<line hits="0" number="326"/>
						<line branch="true" condition-coverage="0% (0/2)" hits="0" missing-branches="328,331" number="327"/>
						<line branch="true" condition-coverage="0% (0/2)" hits="0" missing-branches="327,329" number="328"/>
						<line hits="0" number="329"/>
						<line hits="0" number="330"/>
						<line branch="true" condition-coverage="0% (0/2)" hits="0" missing-branches="322,332" number="331"/>
						<line hits="0" number="332"/>
						<line hits="0" number="333"/>
						<line hits="0" number="334"/>
						<line hits="0" number="335"/>
						<line hits="0" number="336"/>
						<line hits="0" number="337"/>
						<line hits="0" number="338"/>
						<line branch="true" condition-coverage="0% (0/2)" hits="0" missing-branches="340,344" number="339"/>
						<line branch="true" condition-coverage="0% (0/2)" hits="0" missing-branches="339,343" number="340"/>
						<line hits="0" number="343"/>
						<line hits="0" number="344"/>
						<line hits="0" number="345"/>
						<line hits="0" number="346"/>
						<line hits="0" number="347"/>
						<line hits="0" number="348"/>
						<line branch="true" condition-coverage="0% (0/2)" hits="0" missing-branches="350,415" number="349"/>
						<line hits="0" number="350"/>
						<line hits="0" number="351"/>
						<line branch="true" condition-coverage="0% (0/2)" hits="0" missing-branches="353,354" number="352"/>
						<line hits="0" number="353"/>
						<line hits="0" number="354"/>
						<line hits="0" number="355"/>
						<line hits="0" number="356"/>
						<line hits="0" number="357"/>
						<line hits="0" number="365"/>
						<line branch="true" condition-coverage="0% (0/2)" hits="0" missing-branches="367,371" number="366"/>
						<line branch="true" condition-coverage="0% (0/2)" hits="0" missing-branches="366,370" number="367"/>
						<line hits="0" number="370"/>
						<line hits="0" number="371"/>
						<line hits="0" number="372"/>
						<line hits="0" number="373"/>
						<line branch="true" condition-coverage="0% (0/2)" hits="0" missing-branches="349,375" number="374"/>
						<line hits="0" number="375"/>
						<line branch="true" condition-coverage="0% (0/2)" hits="0" missing-branches="378,415" number="377"/>
						<line hits="0" number="378"/>
						<line hits="0" number="379"/>
						<line branch="true" condition-coverage="0% (0/2)" hits="0" missing-branches="381,391" number="380"/>
						<line branch="true" condition-coverage="0% (0/2)" hits="0" missing-branches="380,382" number="381"/>
						<line hits="0" number="382"/>
						<line hits="0" number="383"/>
						<line hits="0" number="384"/>
						<line hits="0" number="385"/>
						<line hits="0" number="386"/>
						<line hits="0" number="387"/>
						<line hits="0" number="388"/>
						<line hits="0" number="389"/>
						<line hits="0" number="390"/>
						<line branch="true" condition-coverage="0% (0/2)" hits="0" missing-branches="392,404" number="391"/>
						<line hits="0" number="392"/>
						<line hits="0" number="393"/>
						<line hits="0" number="394"/>
[...]
						<line hits="1" number="3650"/>
						<line hits="0" number="3656"/>
						<line hits="0" number="3660"/>
						<line hits="0" number="3664"/>
						<line hits="0" number="3668"/>
						<line hits="0" number="3672"/>
						<line hits="0" number="3673"/>
						<line hits="0" number="3674"/>
						<line hits="0" number="3675"/>
						<line hits="0" number="3676"/>
						<line hits="0" number="3678"/>
						<line hits="0" number="3679"/>
						<line hits="0" number="3680"/>
						<line hits="0" number="3681"/>
						<line hits="0" number="3682"/>
						<line branch="true" condition-coverage="0% (0/2)" hits="0" missing-branches="3684,3691" number="3683"/>
						<line hits="0" number="3684"/>
						<line hits="0" number="3685"/>
						<line hits="0" number="3686"/>
						<line hits="0" number="3687"/>
						<line hits="0" number="3688"/>
						<line hits="0" number="3689"/>
						<line hits="0" number="3690"/>
						<line hits="0" number="3691"/>
						<line hits="1" number="3694"/>
						<line hits="0" number="3702"/>
						<line hits="0" number="3704"/>
						<line hits="0" number="3705"/>
						<line branch="true" condition-coverage="0% (0/2)" hits="0" missing-branches="3708,3710" number="3707"/>
						<line hits="0" number="3708"/>
						<line hits="0" number="3710"/>
						<line branch="true" condition-coverage="0% (0/2)" hits="0" missing-branches="3714,3716" number="3713"/>
						<line hits="0" number="3714"/>
						<line branch="true" condition-coverage="0% (0/2)" hits="0" missing-branches="exit,3717" number="3716"/>
						<line hits="0" number="3717"/>
						<line hits="1" number="3720"/>
						<line hits="0" number="3726"/>
						<line hits="0" number="3727"/>
						<line hits="0" number="3728"/>
						<line hits="0" number="3729"/>
						<line hits="0" number="3730"/>
						<line branch="true" condition-coverage="0% (0/2)" hits="0" missing-branches="3733,3737" number="3731"/>
						<line hits="0" number="3733"/>
						<line hits="0" number="3734"/>
						<line hits="0" number="3735"/>
						<line hits="0" number="3737"/>
						<line hits="0" number="3738"/>
						<line branch="true" condition-coverage="0% (0/2)" hits="0" missing-branches="3744,3747" number="3743"/>
						<line hits="0" number="3744"/>
						<line branch="true" condition-coverage="0% (0/2)" hits="0" missing-branches="3752,3760" number="3747"/>
						<line hits="0" number="3752"/>
						<line branch="true" condition-coverage="0% (0/2)" hits="0" missing-branches="exit,3765" number="3760"/>
						<line hits="0" number="3765"/>
						<line hits="0" number="3766"/>
						<line hits="0" number="3767"/>
						<line hits="1" number="3770"/>
						<line hits="1" number="3777"/>
						<line hits="0" number="3779"/>
						<line branch="true" condition-coverage="0% (0/2)" hits="0" missing-branches="3783,3789" number="3782"/>
						<line hits="0" number="3783"/>
						<line branch="true" condition-coverage="0% (0/2)" hits="0" missing-branches="3785,3789" number="3784"/>
						<line branch="true" condition-coverage="0% (0/2)" hits="0" missing-branches="3786,3788" number="3785"/>
						<line hits="0" number="3786"/>
						<line hits="0" number="3788"/>
						<line hits="0" number="3789"/>
						<line hits="1" number="3791"/>
						<line hits="1" number="3794"/>
						<line branch="true" condition-coverage="0% (0/2)" hits="0" missing-branches="exit,3804" number="3803"/>
						<line hits="0" number="3804"/>
						<line hits="0" number="3805"/>
						<line hits="0" number="3806"/>
						<line hits="0" number="3807"/>
						<line branch="true" condition-coverage="0% (0/2)" hits="0" missing-branches="3810,3813" number="3809"/>
						<line hits="0" number="3810"/>
						<line branch="true" condition-coverage="0% (0/2)" hits="0" missing-branches="3803,3814" number="3813"/>
						<line hits="0" number="3814"/>
						<line hits="1" number="3819"/>
						<line hits="0" number="3835"/>
						<line branch="true" condition-coverage="0% (0/2)" hits="0" missing-branches="3837,3839" number="3836"/>
						<line hits="0" number="3837"/>
						<line branch="true" condition-coverage="0% (0/2)" hits="0" missing-branches="exit,exit" number="3839"/>
						<line hits="0" number="3841"/>
						<line hits="0" number="3842"/>
						<line hits="0" number="3843"/>
						<line hits="0" number="3844"/>
						<line branch="true" condition-coverage="0% (0/2)" hits="0" missing-branches="3846,3854" number="3845"/>
						<line branch="true" condition-coverage="0% (0/2)" hits="0" missing-branches="3847,3848" number="3846"/>
						<line hits="0" number="3847"/>
						<line branch="true" condition-coverage="0% (0/2)" hits="0" missing-branches="3845,3849" number="3848"/>
						<line branch="true" condition-coverage="0% (0/2)" hits="0" missing-branches="3850,3852" number="3849"/>
						<line hits="0" number="3850"/>
						<line hits="0" number="3852"/>
						<line hits="0" number="3854"/>
						<line branch="true" condition-coverage="0% (0/2)" hits="0" missing-branches="3856,3859" number="3855"/>
						<line hits="0" number="3856"/>
						<line branch="true" condition-coverage="0% (0/2)" hits="0" missing-branches="3860,3866" number="3859"/>
						<line hits="0" number="3860"/>
						<line hits="0" number="3866"/>
						<line hits="1" number="3869"/>
						<line hits="0" number="3879"/>
						<line hits="0" number="3880"/>
						<line hits="0" number="3882"/>
						<line hits="0" number="3884"/>
						<line hits="0" number="3885"/>
						<line hits="0" number="3886"/>
						<line hits="0" number="3889"/>
						<line branch="true" condition-coverage="0% (0/2)" hits="0" missing-branches="3893,3894" number="3892"/>
						<line hits="0" number="3893"/>
						<line branch="true" condition-coverage="0% (0/2)" hits="0" missing-branches="3895,3897" number="3894"/>
						<line hits="0" number="3895"/>
						<line hits="0" number="3897"/>
						<line hits="1" number="3900"/>
						<line hits="0" number="3910"/>
						<line hits="0" number="3911"/>
						<line hits="0" number="3912"/>
						<line hits="0" number="3913"/>
						<line branch="true" condition-coverage="0% (0/2)" hits="0" missing-branches="3915,3919" number="3914"/>
						<line hits="0" number="3915"/>
						<line hits="0" number="3916"/>
						<line hits="0" number="3919"/>
						<line branch="true" condition-coverage="0% (0/2)" hits="0" missing-branches="3921,3924" number="3920"/>
						<line hits="0" number="3921"/>
						<line hits="0" number="3924"/>
						<line branch="true" condition-coverage="0% (0/2)" hits="0" missing-branches="3928,3929" number="3927"/>
						<line hits="0" number="3928"/>
						<line branch="true" condition-coverage="0% (0/2)" hits="0" missing-branches="3930,3932" number="3929"/>
						<line hits="0" number="3930"/>
						<line hits="0" number="3932"/>
						<line hits="1" number="3935"/>
						<line hits="0" number="3943"/>
						<line branch="true" condition-coverage="0% (0/2)" hits="0" missing-branches="3945,3949" number="3944"/>
						<line hits="0" number="3945"/>
						<line hits="0" number="3948"/>
						<line hits="0" number="3949"/>
						<line hits="1" number="3952"/>
						<line hits="0" number="3960"/>
						<line hits="0" number="3961"/>
						<line branch="true" condition-coverage="0% (0/2)" hits="0" missing-branches="3963,3965" number="3962"/>
						<line hits="0" number="3963"/>
						<line hits="0" number="3964"/>
						<line branch="true" condition-coverage="0% (0/2)" hits="0" missing-branches="3966,3974" number="3965"/>
						<line hits="0" number="3966"/>
						<line branch="true" condition-coverage="0% (0/2)" hits="0" missing-branches="3968,3970" number="3967"/>
						<line hits="0" number="3968"/>
						<line hits="0" number="3970"/>
						<line branch="true" condition-coverage="0% (0/2)" hits="0" missing-branches="3965,3972" number="3971"/>
						<line branch="true" condition-coverage="0% (0/2)" hits="0" missing-branches="3965,3973" number="3972"/>
						<line hits="0" number="3973"/>
						<line hits="0" number="3974"/>
						<line hits="1" number="3977"/>
						<line hits="0" number="3985"/>
						<line hits="0" number="3986"/>
						<line branch="true" condition-coverage="0% (0/2)" hits="0" missing-branches="3988,3994" number="3987"/>
						<line branch="true" condition-coverage="0% (0/2)" hits="0" missing-branches="3987,3989" number="3988"/>
						<line branch="true" condition-coverage="0% (0/2)" hits="0" missing-branches="3987,3990" number="3989"/>
						<line branch="true" condition-coverage="0% (0/2)" hits="0" missing-branches="3989,3991" number="3990"/>
						<line hits="0" number="3991"/>
						<line hits="0" number="3992"/>
						<line hits="0" number="3994"/>
						<line branch="true" condition-coverage="0% (0/2)" hits="0" missing-branches="3996,4018" number="3995"/>
						<line branch="true" condition-coverage="0% (0/2)" hits="0" missing-branches="3997,4012" number="3996"/>
						<line hits="0" number="3997"/>
						<line hits="0" number="3998"/>
						<line branch="true" condition-coverage="0% (0/2)" hits="0" missing-branches="4003,4007" number="4002"/>
						<line branch="true" condition-coverage="0% (0/2)" hits="0" missing-branches="4005,4009" number="4003"/>
						<line hits="0" number="4005"/>
						<line branch="true" condition-coverage="0% (0/2)" hits="0" missing-branches="4008,4009" number="4007"/>
						<line hits="0" number="4008"/>
						<line hits="0" number="4009"/>
						<line hits="0" number="4010"/>
						<line branch="true" condition-coverage="0% (0/2)" hits="0" missing-branches="exit,4013" number="4012"/>
						<line branch="true" condition-coverage="0% (0/2)" hits="0" missing-branches="4014,4016" number="4013"/>
						<line hits="0" number="4014"/>
						<line hits="0" number="4016"/>
						<line hits="0" number="4018"/>
						<line hits="1" number="4021"/>
						<line hits="0" number="4030"/>
						<line hits="0" number="4031"/>
						<line branch="true" condition-coverage="0% (0/2)" hits="0" missing-branches="4033,4037" number="4032"/>
						<line hits="0" number="4033"/>
						<line branch="true" condition-coverage="0% (0/2)" hits="0" missing-branches="4032,4035" number="4034"/>
						<line hits="0" number="4035"/>
						<line hits="0" number="4037"/>
						<line hits="1" number="4039"/>
						<line hits="0" number="4040"/>
						<line branch="true" condition-coverage="0% (0/2)" hits="0" missing-branches="4042,4049" number="4041"/>
						<line hits="0" number="4042"/>
						<line hits="0" number="4043"/>
						<line branch="true" condition-coverage="0% (0/2)" hits="0" missing-branches="4045,4048" number="4044"/>
						<line branch="true" condition-coverage="0% (0/2)" hits="0" missing-branches="4044,4046" number="4045"/>
						<line hits="0" number="4046"/>
						<line hits="0" number="4047"/>
						<line hits="0" number="4048"/>
						<line hits="0" number="4049"/>
						<line hits="1" number="4051"/>
						<line hits="1" number="4052"/>
						<line hits="1" number="4053"/>
						<line hits="1" number="4056"/>
						<line branch="true" condition-coverage="0% (0/2)" hits="0" missing-branches="4068,4071" number="4067"/>
						<line hits="0" number="4068"/>
						<line hits="0" number="4071"/>
						<line hits="0" number="4074"/>
						<line hits="0" number="4075"/>
						<line hits="0" number="4078"/>
						<line hits="0" number="4079"/>
						<line hits="0" number="4081"/>
						<line hits="1" number="4089"/>
						<line hits="0" number="4101"/>
						<line branch="true" condition-coverage="0% (0/2)" hits="0" missing-branches="4103,4106" number="4102"/>
						<line hits="0" number="4103"/>
						<line hits="0" number="4106"/>
						<line hits="0" number="4107"/>
						<line hits="0" number="4113"/>
						<line branch="true" condition-coverage="0% (0/2)" hits="0" missing-branches="4115,4122" number="4114"/>
						<line hits="0" number="4115"/>
						<line branch="true" condition-coverage="0% (0/2)" hits="0" missing-branches="exit,4117" number="4116"/>
						<line hits="0" number="4117"/>
						<line hits="0" number="4118"/>
						<line hits="0" number="4122"/>
						<line hits="0" number="4123"/>
						<line hits="1" number="4126"/>
						<line hits="0" number="4136"/>
						<line branch="true" condition-coverage="0% (0/2)" hits="0" missing-branches="4138,4140" number="4137"/>
						<line hits="0" number="4138"/>
						<line hits="0" number="4140"/>
					</lines>
				</class>
				<class branch-rate="1" complexity="0" filename="version.py" line-rate="1" name="version.py">
					<methods/>
					<lines>
						<line hits="1" number="21"/>
						<line hits="1" number="27"/>
					</lines>
				</class>
				<class branch-rate="0" complexity="0" filename="views.py" line-rate="0.2604" name="views.py">
					<methods/>
					<lines>
						<line hits="1" number="21"/>
						<line hits="1" number="23"/>
						<line hits="1" number="24"/>
						<line hits="1" number="26"/>
						<line hits="1" number="27"/>
						<line hits="1" number="28"/>
						<line hits="1" number="29"/>
						<line hits="1" number="30"/>
						<line hits="1" number="31"/>
						<line hits="1" number="32"/>
						<line hits="1" number="33"/>
						<line hits="1" number="34"/>
						<line hits="1" number="35"/>
						<line hits="1" number="36"/>
						<line hits="1" number="37"/>
						<line hits="1" number="38"/>
						<line hits="1" number="39"/>
						<line hits="1" number="40"/>
						<line hits="1" number="41"/>
						<line hits="1" number="42"/>
						<line hits="1" number="43"/>
						<line hits="1" number="49"/>
						<line hits="1" number="51"/>
						<line hits="1" number="52"/>
						<line hits="1" number="53"/>
						<line hits="1" number="60"/>
						<line hits="1" number="61"/>
						<line hits="1" number="63"/>
						<line hits="1" number="70"/>
						<line hits="1" number="78"/>
						<line hits="1" number="79"/>
						<line hits="0" number="82"/>
						<line hits="0" number="83"/>
						<line hits="0" number="84"/>
						<line hits="0" number="85"/>
						<line hits="0" number="86"/>
						<line branch="true" condition-coverage="0% (0/2)" hits="0" missing-branches="96,104" number="95"/>
						<line hits="0" number="96"/>
						<line hits="0" number="98"/>
						<line hits="0" number="99"/>
						<line branch="true" condition-coverage="0% (0/2)" hits="0" missing-branches="101,104" number="100"/>
						<line hits="0" number="101"/>
						<line hits="0" number="104"/>
						<line hits="0" number="105"/>
						<line hits="0" number="110"/>
						<line hits="0" number="111"/>
						<line hits="0" number="114"/>
						<line hits="0" number="116"/>
						<line hits="0" number="118"/>
						<line hits="0" number="120"/>
						<line hits="0" number="122"/>
						<line hits="0" number="128"/>
						<line branch="true" condition-coverage="0% (0/2)" hits="0" missing-branches="133,140" number="129"/>
						<line branch="true" condition-coverage="0% (0/2)" hits="0" missing-branches="134,140" number="133"/>
						<line hits="0" number="134"/>
						<line branch="true" condition-coverage="0% (0/2)" hits="0" missing-branches="133,136" number="135"/>
						<line hits="0" number="136"/>
						<line hits="0" number="139"/>
						<line branch="true" condition-coverage="0% (0/2)" hits="0" missing-branches="141,213" number="140"/>
						<line hits="0" number="141"/>
						<line hits="0" number="142"/>
						<line hits="0" number="144"/>
						<line hits="0" number="145"/>
						<line hits="0" number="146"/>
						<line hits="0" number="162"/>
						<line branch="true" condition-coverage="0% (0/2)" hits="0" missing-branches="164,167" number="163"/>
						<line hits="0" number="164"/>
						<line hits="0" number="165"/>
						<line hits="0" number="167"/>
						<line hits="0" number="168"/>
						<line hits="0" number="171"/>
						<line hits="0" number="174"/>
						<line hits="0" number="176"/>
						<line hits="0" number="183"/>
						<line hits="0" number="184"/>
						<line hits="0" number="213"/>
						<line hits="0" number="214"/>
						<line hits="0" number="215"/>
						<line hits="0" number="216"/>
						<line hits="0" number="217"/>
						<line hits="0" number="220"/>
						<line branch="true" condition-coverage="0% (0/2)" hits="0" missing-branches="226,245" number="225"/>
						<line branch="true" condition-coverage="0% (0/2)" hits="0" missing-branches="230,235" number="226"/>
						<line hits="0" number="230"/>
						<line branch="true" condition-coverage="0% (0/2)" hits="0" missing-branches="236,245" number="235"/>
						<line hits="0" number="236"/>
						<line hits="0" number="237"/>
						<line hits="0" number="238"/>
						<line branch="true" condition-coverage="0% (0/2)" hits="0" missing-branches="240,245" number="239"/>
						<line hits="0" number="240"/>
						<line branch="true" condition-coverage="0% (0/2)" hits="0" missing-branches="242,245" number="241"/>
						<line hits="0" number="242"/>
						<line hits="0" number="245"/>
						<line hits="0" number="247"/>
						<line hits="0" number="253"/>
						<line hits="0" number="260"/>
						<line hits="0" number="266"/>
						<line hits="0" number="273"/>
						<line hits="0" number="279"/>
						<line hits="0" number="281"/>
						<line hits="1" number="303"/>
						<line hits="0" number="310"/>
						<line hits="0" number="313"/>
						<line hits="0" number="315"/>
						<line hits="0" number="318"/>
						<line hits="0" number="320"/>
						<line hits="0" number="321"/>
						<line hits="0" number="323"/>
						<line hits="0" number="324"/>
						<line hits="0" number="326"/>
						<line hits="0" number="327"/>
						<line hits="0" number="328"/>
						<line hits="0" number="329"/>
						<line hits="0" number="330"/>
						<line hits="0" number="332"/>
						<line hits="0" number="333"/>
						<line hits="0" number="334"/>
						<line hits="0" number="336"/>
						<line hits="0" number="337"/>
						<line hits="0" number="338"/>
						<line hits="0" number="343"/>
						<line hits="0" number="346"/>
						<line hits="0" number="347"/>
						<line hits="1" number="350"/>
						<line hits="1" number="351"/>
						<line hits="0" number="353"/>
						<line hits="0" number="354"/>
						<line hits="1" number="357"/>
						<line hits="1" number="358"/>
						<line hits="0" number="361"/>
						<line hits="0" number="362"/>
						<line hits="1" number="365"/>
						<line hits="1" number="366"/>
						<line hits="0" number="368"/>
						<line hits="1" number="371"/>
						<line hits="1" number="372"/>
						<line hits="0" number="374"/>
						<line hits="0" number="375"/>
						<line branch="true" condition-coverage="0% (0/2)" hits="0" missing-branches="377,388" number="376"/>
						<line hits="0" number="377"/>
						<line hits="0" number="378"/>
						<line hits="0" number="379"/>
						<line branch="true" condition-coverage="0% (0/2)" hits="0" missing-branches="381,385" number="380"/>
						<line hits="0" number="381"/>
						<line hits="0" number="385"/>
						<line hits="0" number="388"/>
						<line hits="1" number="391"/>
						<line hits="0" number="394"/>
						<line hits="0" number="395"/>
						<line hits="0" number="396"/>
						<line hits="0" number="406"/>
						<line hits="1" number="409"/>
						<line hits="0" number="412"/>
						<line hits="0" number="413"/>
						<line hits="0" number="414"/>
						<line branch="true" condition-coverage="0% (0/2)" hits="0" missing-branches="427,430" number="426"/>
						<line hits="0" number="427"/>
						<line hits="0" number="428"/>
						<line hits="0" number="429"/>
						<line hits="0" number="430"/>
						<line hits="1" number="432"/>
						<line hits="1" number="433"/>
						<line hits="0" number="435"/>
						<line branch="true" condition-coverage="0% (0/2)" hits="0" missing-branches="437,441" number="436"/>
						<line hits="0" number="437"/>
						<line hits="0" number="438"/>
						<line hits="0" number="439"/>
						<line hits="0" number="440"/>
						<line hits="0" number="441"/>
					</lines>
				</class>
			</classes>
		</package>
	</packages>
</coverage>
