<?xml version="1.0" ?>
<coverage branch-rate="0.05366" branches-covered="145" branches-valid="2702" complexity="0" line-rate="0.1602" lines-covered="928" lines-valid="5794" timestamp="1744090261028" version="6.2">
	<!-- Generated by coverage.py: https://coverage.readthedocs.io -->
	<!-- Based on https://raw.githubusercontent.com/cobertura/web/master/htdocs/xml/coverage-04.dtd -->
	<sources>
		<source>/code/modules/weko-search-ui/weko_search_ui</source>
	</sources>
	<packages>
		<package branch-rate="0.05366" complexity="0" line-rate="0.1602" name=".">
			<classes>
				<class branch-rate="1" complexity="0" filename="__init__.py" line-rate="1" name="__init__.py">
					<methods/>
					<lines>
						<line hits="1" number="21"/>
						<line hits="1" number="23"/>
						<line hits="1" number="24"/>
						<line hits="1" number="26"/>
					</lines>
				</class>
				<class branch-rate="0.0566" complexity="0" filename="admin.py" line-rate="0.1453" name="admin.py">
					<methods/>
					<lines>
						<line hits="1" number="21"/>
						<line hits="1" number="23"/>
						<line hits="1" number="24"/>
						<line hits="1" number="25"/>
						<line hits="1" number="26"/>
						<line hits="1" number="27"/>
						<line hits="1" number="28"/>
						<line hits="1" number="29"/>
						<line hits="1" number="31"/>
						<line hits="1" number="32"/>
						<line hits="1" number="33"/>
						<line hits="1" number="34"/>
						<line hits="1" number="35"/>
						<line hits="1" number="36"/>
						<line hits="1" number="37"/>
						<line hits="1" number="38"/>
						<line hits="1" number="39"/>
						<line hits="1" number="40"/>
						<line hits="1" number="41"/>
						<line hits="1" number="42"/>
						<line hits="1" number="43"/>
						<line hits="1" number="44"/>
						<line hits="1" number="45"/>
						<line hits="1" number="46"/>
						<line hits="1" number="51"/>
						<line hits="1" number="52"/>
						<line hits="1" number="53"/>
						<line hits="1" number="54"/>
						<line hits="1" number="56"/>
						<line hits="1" number="58"/>
						<line hits="1" number="68"/>
						<line hits="1" number="78"/>
						<line hits="1" number="97"/>
						<line hits="1" number="98"/>
						<line branch="true" condition-coverage="100% (2/2)" hits="1" number="101"/>
						<line hits="1" number="104"/>
						<line branch="true" condition-coverage="0% (0/2)" hits="0" missing-branches="109,167" number="107"/>
						<line hits="0" number="109"/>
						<line branch="true" condition-coverage="0% (0/2)" hits="0" missing-branches="111,164" number="110"/>
						<line hits="0" number="111"/>
						<line hits="0" number="112"/>
						<line hits="0" number="113"/>
						<line hits="0" number="115"/>
						<line branch="true" condition-coverage="0% (0/2)" hits="0" missing-branches="117,164" number="116"/>
						<line hits="0" number="117"/>
						<line hits="0" number="118"/>
						<line hits="0" number="119"/>
						<line hits="0" number="120"/>
						<line hits="0" number="122"/>
						<line branch="true" condition-coverage="0% (0/2)" hits="0" missing-branches="127,139" number="125"/>
						<line hits="0" number="127"/>
						<line branch="true" condition-coverage="0% (0/2)" hits="0" missing-branches="129,139" number="128"/>
						<line branch="true" condition-coverage="0% (0/2)" hits="0" missing-branches="128,130" number="129"/>
						<line hits="0" number="130"/>
						<line hits="0" number="133"/>
						<line hits="0" number="134"/>
						<line branch="true" condition-coverage="0% (0/2)" hits="0" missing-branches="128,137" number="136"/>
						<line hits="0" number="137"/>
						<line hits="0" number="139"/>
						<line branch="true" condition-coverage="0% (0/2)" hits="0" missing-branches="141,143" number="140"/>
						<line hits="0" number="141"/>
						<line hits="0" number="142"/>
						<line branch="true" condition-coverage="0% (0/2)" hits="0" missing-branches="144,158" number="143"/>
						<line hits="0" number="144"/>
						<line branch="true" condition-coverage="0% (0/2)" hits="0" missing-branches="148,152" number="147"/>
						<line branch="true" condition-coverage="0% (0/2)" hits="0" missing-branches="exit,149" number="148"/>
						<line hits="0" number="149"/>
						<line branch="true" condition-coverage="0% (0/2)" hits="0" missing-branches="153,157" number="152"/>
						<line branch="true" condition-coverage="0% (0/2)" hits="0" missing-branches="exit,154" number="153"/>
						<line hits="0" number="154"/>
						<line hits="0" number="157"/>
						<line hits="0" number="158"/>
						<line hits="0" number="159"/>
						<line hits="0" number="160"/>
						<line hits="0" number="161"/>
						<line hits="0" number="162"/>
						<line hits="0" number="164"/>
						<line hits="0" number="167"/>
						<line hits="0" number="168"/>
						<line hits="1" number="174"/>
						<line hits="0" number="177"/>
						<line hits="0" number="178"/>
						<line hits="0" number="179"/>
						<line hits="0" number="180"/>
						<line branch="true" condition-coverage="0% (0/2)" hits="0" missing-branches="183,199" number="182"/>
						<line branch="true" condition-coverage="0% (0/2)" hits="0" missing-branches="184,186" number="183"/>
						<line hits="0" number="184"/>
						<line hits="0" number="185"/>
						<line branch="true" condition-coverage="0% (0/2)" hits="0" missing-branches="187,196" number="186"/>
						<line hits="0" number="187"/>
						<line hits="0" number="188"/>
						<line hits="0" number="196"/>
						<line hits="0" number="197"/>
						<line hits="0" number="199"/>
						<line hits="0" number="200"/>
						<line hits="0" number="202"/>
						<line branch="true" condition-coverage="100% (2/2)" hits="1" number="205"/>
						<line hits="1" number="208"/>
						<line hits="0" number="211"/>
						<line hits="1" number="216"/>
						<line hits="0" number="219"/>
						<line hits="0" number="220"/>
						<line hits="0" number="221"/>
						<line hits="0" number="222"/>
						<line hits="0" number="223"/>
						<line hits="0" number="226"/>
						<line branch="true" condition-coverage="0% (0/2)" hits="0" missing-branches="228,232" number="227"/>
						<line hits="0" number="228"/>
						<line branch="true" condition-coverage="0% (0/2)" hits="0" missing-branches="227,230" number="229"/>
						<line hits="0" number="230"/>
						<line hits="0" number="232"/>
						<line branch="true" condition-coverage="0% (0/2)" hits="0" missing-branches="239,242" number="238"/>
						<line hits="0" number="239"/>
						<line hits="0" number="240"/>
						<line hits="0" number="242"/>
						<line hits="0" number="243"/>
						<line hits="0" number="244"/>
						<line hits="0" number="245"/>
						<line hits="0" number="246"/>
						<line hits="0" number="247"/>
						<line branch="true" condition-coverage="100% (2/2)" hits="1" number="250"/>
						<line hits="1" number="253"/>
						<line hits="0" number="256"/>
						<line hits="0" number="257"/>
						<line hits="0" number="258"/>
						<line hits="0" number="259"/>
						<line hits="0" number="260"/>
						<line branch="true" condition-coverage="0% (0/2)" hits="0" missing-branches="270,278" number="269"/>
						<line hits="0" number="270"/>
						<line hits="0" number="272"/>
						<line hits="0" number="273"/>
						<line branch="true" condition-coverage="0% (0/2)" hits="0" missing-branches="275,278" number="274"/>
						<line hits="0" number="275"/>
						<line hits="0" number="278"/>
						<line hits="0" number="281"/>
						<line hits="0" number="283"/>
						<line hits="0" number="285"/>
						<line hits="0" number="286"/>
						<line branch="true" condition-coverage="0% (0/2)" hits="0" missing-branches="288,326" number="287"/>
						<line hits="0" number="288"/>
						<line hits="0" number="289"/>
						<line hits="0" number="290"/>
						<line hits="0" number="291"/>
						<line branch="true" condition-coverage="0% (0/2)" hits="0" missing-branches="293,305" number="292"/>
						<line hits="0" number="293"/>
						<line hits="0" number="295"/>
						<line branch="true" condition-coverage="0% (0/2)" hits="0" missing-branches="297,308" number="296"/>
						<line hits="0" number="297"/>
						<line hits="0" number="298"/>
						<line branch="true" condition-coverage="0% (0/2)" hits="0" missing-branches="301,308" number="300"/>
						<line hits="0" number="301"/>
						<line hits="0" number="302"/>
						<line branch="true" condition-coverage="0% (0/2)" hits="0" missing-branches="304,308" number="303"/>
						<line hits="0" number="304"/>
						<line branch="true" condition-coverage="0% (0/2)" hits="0" missing-branches="306,308" number="305"/>
						<line hits="0" number="306"/>
						<line hits="0" number="308"/>
						<line hits="0" number="326"/>
						<line hits="1" number="328"/>
						<line hits="0" number="331"/>
						<line branch="true" condition-coverage="100% (2/2)" hits="1" number="334"/>
						<line hits="1" number="337"/>
						<line hits="0" number="344"/>
						<line hits="0" number="345"/>
						<line branch="true" condition-coverage="0% (0/2)" hits="0" missing-branches="exit,348" number="346"/>
						<line hits="0" number="348"/>
						<line hits="0" number="350"/>
						<line hits="1" number="357"/>
						<line hits="1" number="358"/>
						<line hits="0" number="361"/>
						<line hits="0" number="363"/>
						<line hits="0" number="364"/>
						<line hits="0" number="366"/>
						<line hits="0" number="367"/>
						<line branch="true" condition-coverage="0% (0/2)" hits="0" missing-branches="369,376" number="368"/>
						<line branch="true" condition-coverage="0% (0/2)" hits="0" missing-branches="370,376" number="369"/>
						<line branch="true" condition-coverage="0% (0/2)" hits="0" missing-branches="371,375" number="370"/>
						<line hits="0" number="371"/>
						<line hits="0" number="372"/>
						<line hits="0" number="373"/>
						<line hits="0" number="375"/>
						<line branch="true" condition-coverage="0% (0/2)" hits="0" missing-branches="377,384" number="376"/>
						<line hits="0" number="377"/>
						<line hits="0" number="378"/>
						<line branch="true" condition-coverage="0% (0/2)" hits="0" missing-branches="382,383" number="381"/>
						<line branch="true" condition-coverage="0% (0/2)" hits="0" missing-branches="exit,381" number="382"/>
						<line hits="0" number="383"/>
						<line branch="true" condition-coverage="0% (0/2)" hits="0" missing-branches="385,404" number="384"/>
						<line hits="0" number="385"/>
						<line hits="0" number="391"/>
						<line hits="0" number="392"/>
						<line hits="0" number="393"/>
						<line hits="0" number="394"/>
						<line hits="0" number="404"/>
						<line hits="1" number="406"/>
						<line hits="1" number="407"/>
						<line hits="0" number="409"/>
						<line hits="0" number="410"/>
						<line branch="true" condition-coverage="0% (0/2)" hits="0" missing-branches="413,422" number="412"/>
						<line hits="0" number="413"/>
						<line branch="true" condition-coverage="0% (0/2)" hits="0" missing-branches="415,420" number="414"/>
						<line hits="0" number="415"/>
						<line hits="0" number="416"/>
						<line hits="0" number="417"/>
						<line branch="true" condition-coverage="0% (0/2)" hits="0" missing-branches="421,422" number="420"/>
						<line hits="0" number="421"/>
						<line hits="0" number="422"/>
						<line hits="1" number="424"/>
						<line hits="0" number="427"/>
						<line hits="0" number="428"/>
						<line hits="0" number="429"/>
						<line hits="0" number="431"/>
						<line branch="true" condition-coverage="0% (0/2)" hits="0" missing-branches="433,442" number="432"/>
						<line hits="0" number="433"/>
						<line hits="0" number="436"/>
						<line hits="0" number="442"/>
						<line hits="1" number="448"/>
						<line hits="1" number="449"/>
						<line hits="0" number="451"/>
						<line hits="0" number="452"/>
						<line hits="0" number="453"/>
						<line hits="0" number="454"/>
						<line hits="0" number="462"/>
						<line hits="0" number="463"/>
						<line hits="0" number="465"/>
						<line branch="true" condition-coverage="0% (0/2)" hits="0" missing-branches="exit,469" number="466"/>
						<line hits="0" number="469"/>
						<line branch="true" condition-coverage="0% (0/2)" hits="0" missing-branches="471,496" number="470"/>
						<line hits="0" number="471"/>
						<line branch="true" condition-coverage="0% (0/2)" hits="0" missing-branches="473,487" number="472"/>
						<line hits="0" number="473"/>
						<line hits="0" number="474"/>
						<line hits="0" number="475"/>
						<line hits="0" number="476"/>
						<line branch="true" condition-coverage="0% (0/2)" hits="0" missing-branches="478,480" number="477"/>
						<line hits="0" number="478"/>
						<line hits="0" number="479"/>
						<line hits="0" number="480"/>
						<line hits="0" number="481"/>
						<line hits="0" number="482"/>
						<line hits="0" number="483"/>
						<line hits="0" number="484"/>
						<line hits="0" number="487"/>
						<line branch="true" condition-coverage="0% (0/2)" hits="0" missing-branches="489,496" number="488"/>
						<line hits="0" number="489"/>
						<line hits="0" number="496"/>
						<line hits="0" number="500"/>
						<line hits="1" number="502"/>
						<line hits="0" number="505"/>
						<line hits="0" number="506"/>
						<line branch="true" condition-coverage="0% (0/2)" hits="0" missing-branches="508,544" number="507"/>
						<line hits="0" number="508"/>
						<line branch="true" condition-coverage="0% (0/2)" hits="0" missing-branches="510,542" number="509"/>
						<line hits="0" number="510"/>
						<line hits="0" number="511"/>
						<line hits="0" number="512"/>
						<line hits="0" number="517"/>
						<line hits="0" number="522"/>
						<line branch="true" condition-coverage="0% (0/2)" hits="0" missing-branches="524,525" number="523"/>
						<line hits="0" number="524"/>
						<line hits="0" number="525"/>
						<line hits="0" number="537"/>
						<line hits="0" number="542"/>
						<line hits="0" number="544"/>
						<line hits="0" number="545"/>
						<line hits="1" number="547"/>
						<line hits="0" number="550"/>
						<line hits="0" number="551"/>
						<line hits="0" number="553"/>
						<line hits="0" number="554"/>
						<line branch="true" condition-coverage="0% (0/2)" hits="0" missing-branches="556,563" number="555"/>
						<line hits="0" number="556"/>
						<line hits="0" number="557"/>
						<line hits="0" number="563"/>
						<line hits="1" number="569"/>
						<line hits="0" number="572"/>
						<line hits="0" number="573"/>
						<line hits="1" number="575"/>
						<line hits="0" number="578"/>
						<line hits="0" number="579"/>
						<line hits="0" number="580"/>
						<line hits="0" number="581"/>
						<line branch="true" condition-coverage="0% (0/2)" hits="0" missing-branches="583,712" number="582"/>
						<line hits="0" number="583"/>
						<line branch="true" condition-coverage="0% (0/2)" hits="0" missing-branches="585,712" number="584"/>
						<line hits="0" number="585"/>
						<line branch="true" condition-coverage="0% (0/2)" hits="0" missing-branches="587,712" number="586"/>
						<line hits="0" number="587"/>
						<line hits="0" number="590"/>
						<line hits="0" number="595"/>
						<line hits="0" number="596"/>
						<line branch="true" condition-coverage="0% (0/2)" hits="0" missing-branches="exit,598" number="597"/>
						<line hits="0" number="598"/>
						<line hits="0" number="600"/>
						<line hits="0" number="601"/>
						<line branch="true" condition-coverage="0% (0/2)" hits="0" missing-branches="exit,606" number="605"/>
						<line hits="0" number="606"/>
						<line hits="0" number="611"/>
						<line hits="0" number="613"/>
						<line hits="0" number="614"/>
						<line branch="true" condition-coverage="0% (0/2)" hits="0" missing-branches="616,703" number="615"/>
						<line branch="true" condition-coverage="0% (0/2)" hits="0" missing-branches="617,619" number="616"/>
						<line hits="0" number="617"/>
						<line hits="0" number="619"/>
						<line hits="0" number="620"/>
						<line branch="true" condition-coverage="0% (0/2)" hits="0" missing-branches="exit,624" number="621"/>
						<line hits="0" number="624"/>
						<line branch="true" condition-coverage="0% (0/2)" hits="0" missing-branches="629,635" number="628"/>
						<line hits="0" number="629"/>
						<line hits="0" number="630"/>
						<line hits="0" number="631"/>
						<line hits="0" number="632"/>
						<line hits="0" number="635"/>
						<line hits="0" number="640"/>
						<line hits="0" number="643"/>
						<line branch="true" condition-coverage="0% (0/2)" hits="0" missing-branches="645,697" number="644"/>
						<line branch="true" condition-coverage="0% (0/2)" hits="0" missing-branches="646,658" number="645"/>
						<line hits="0" number="646"/>
						<line hits="0" number="647"/>
						<line hits="0" number="652"/>
						<line hits="0" number="655"/>
						<line hits="0" number="656"/>
						<line hits="0" number="657"/>
						<line branch="true" condition-coverage="0% (0/2)" hits="0" missing-branches="659,685" number="658"/>
						<line hits="0" number="659"/>
						<line branch="true" condition-coverage="0% (0/2)" hits="0" missing-branches="665,678" number="664"/>
						<line hits="0" number="665"/>
						<line hits="0" number="670"/>
						<line hits="0" number="675"/>
						<line hits="0" number="676"/>
						<line hits="0" number="678"/>
						<line hits="0" number="679"/>
						<line hits="0" number="682"/>
						<line hits="0" number="683"/>
						<line hits="0" number="685"/>
						<line hits="0" number="688"/>
						<line hits="0" number="691"/>
						<line hits="0" number="697"/>
						<line hits="0" number="698"/>
						<line branch="true" condition-coverage="0% (0/2)" hits="0" missing-branches="615,700" number="699"/>
						<line hits="0" number="700"/>
						<line hits="0" number="703"/>
						<line hits="0" number="712"/>
						<line hits="1" number="728"/>
						<line hits="0" number="730"/>
						<line branch="true" condition-coverage="0% (0/2)" hits="0" missing-branches="732,740" number="731"/>
						<line hits="0" number="732"/>
						<line hits="0" number="740"/>
						<line branch="true" condition-coverage="100% (2/2)" hits="1" number="743"/>
						<line hits="1" number="746"/>
						<line hits="0" number="752"/>
						<line hits="0" number="753"/>
						<line branch="true" condition-coverage="0% (0/2)" hits="0" missing-branches="exit,756" number="754"/>
						<line hits="0" number="756"/>
						<line hits="0" number="758"/>
						<line hits="1" number="765"/>
						<line hits="1" number="766"/>
						<line hits="0" number="772"/>
						<line hits="0" number="774"/>
						<line hits="0" number="775"/>
						<line hits="0" number="776"/>
						<line hits="0" number="777"/>
						<line hits="0" number="779"/>
						<line hits="0" number="780"/>
						<line branch="true" condition-coverage="0% (0/2)" hits="0" missing-branches="782,789" number="781"/>
						<line branch="true" condition-coverage="0% (0/2)" hits="0" missing-branches="783,789" number="782"/>
						<line branch="true" condition-coverage="0% (0/2)" hits="0" missing-branches="784,788" number="783"/>
						<line hits="0" number="784"/>
						<line hits="0" number="785"/>
						<line hits="0" number="786"/>
						<line hits="0" number="788"/>
						<line branch="true" condition-coverage="0% (0/2)" hits="0" missing-branches="790,797" number="789"/>
						<line hits="0" number="790"/>
						<line hits="0" number="791"/>
						<line branch="true" condition-coverage="0% (0/2)" hits="0" missing-branches="795,796" number="794"/>
						<line branch="true" condition-coverage="0% (0/2)" hits="0" missing-branches="exit,794" number="795"/>
						<line hits="0" number="796"/>
						<line branch="true" condition-coverage="0% (0/2)" hits="0" missing-branches="798,817" number="797"/>
						<line hits="0" number="798"/>
						<line hits="0" number="804"/>
						<line hits="0" number="805"/>
						<line hits="0" number="806"/>
						<line hits="0" number="807"/>
						<line hits="0" number="817"/>
						<line hits="1" number="819"/>
						<line hits="1" number="820"/>
						<line hits="0" number="825"/>
						<line hits="0" number="826"/>
						<line hits="0" number="827"/>
						<line branch="true" condition-coverage="0% (0/2)" hits="0" missing-branches="830,839" number="829"/>
						<line hits="0" number="830"/>
						<line branch="true" condition-coverage="0% (0/2)" hits="0" missing-branches="832,837" number="831"/>
						<line hits="0" number="832"/>
						<line hits="0" number="833"/>
						<line hits="0" number="834"/>
						<line branch="true" condition-coverage="0% (0/2)" hits="0" missing-branches="838,839" number="837"/>
						<line hits="0" number="838"/>
						<line hits="0" number="839"/>
						<line hits="1" number="841"/>
						<line hits="0" number="847"/>
						<line hits="0" number="848"/>
						<line hits="0" number="849"/>
						<line hits="0" number="851"/>
						<line branch="true" condition-coverage="0% (0/2)" hits="0" missing-branches="853,862" number="852"/>
						<line hits="0" number="853"/>
						<line hits="0" number="856"/>
						<line hits="0" number="862"/>
						<line hits="1" number="868"/>
						<line hits="1" number="869"/>
						<line hits="0" number="874"/>
						<line hits="0" number="875"/>
						<line hits="0" number="876"/>
						<line hits="0" number="877"/>
						<line hits="0" number="885"/>
						<line hits="0" number="886"/>
						<line hits="0" number="888"/>
						<line branch="true" condition-coverage="0% (0/2)" hits="0" missing-branches="exit,892" number="889"/>
						<line branch="true" condition-coverage="0% (0/2)" hits="0" missing-branches="893,915" number="892"/>
						<line hits="0" number="893"/>
						<line branch="true" condition-coverage="0% (0/2)" hits="0" missing-branches="895,906" number="894"/>
						<line hits="0" number="895"/>
						<line hits="0" number="896"/>
						<line hits="0" number="897"/>
						<line hits="0" number="898"/>
						<line hits="0" number="899"/>
						<line hits="0" number="900"/>
						<line hits="0" number="901"/>
						<line hits="0" number="902"/>
						<line hits="0" number="903"/>
						<line hits="0" number="906"/>
						<line branch="true" condition-coverage="0% (0/2)" hits="0" missing-branches="908,915" number="907"/>
						<line hits="0" number="908"/>
						<line hits="0" number="915"/>
						<line hits="0" number="919"/>
						<line hits="1" number="921"/>
						<line hits="0" number="927"/>
						<line hits="0" number="928"/>
						<line branch="true" condition-coverage="0% (0/2)" hits="0" missing-branches="930,966" number="929"/>
						<line hits="0" number="930"/>
						<line branch="true" condition-coverage="0% (0/2)" hits="0" missing-branches="932,964" number="931"/>
						<line hits="0" number="932"/>
						<line hits="0" number="933"/>
						<line hits="0" number="934"/>
						<line hits="0" number="939"/>
						<line hits="0" number="944"/>
						<line branch="true" condition-coverage="0% (0/2)" hits="0" missing-branches="946,947" number="945"/>
						<line hits="0" number="946"/>
						<line hits="0" number="947"/>
						<line hits="0" number="959"/>
						<line hits="0" number="964"/>
						<line hits="0" number="966"/>
						<line hits="0" number="967"/>
						<line hits="1" number="969"/>
						<line hits="0" number="975"/>
						<line hits="0" number="976"/>
						<line hits="0" number="978"/>
						<line hits="0" number="979"/>
						<line branch="true" condition-coverage="0% (0/2)" hits="0" missing-branches="981,988" number="980"/>
						<line hits="0" number="981"/>
						<line hits="0" number="982"/>
						<line hits="0" number="988"/>
						<line hits="1" number="994"/>
						<line hits="0" number="1000"/>
						<line hits="0" number="1001"/>
						<line hits="1" number="1003"/>
						<line hits="0" number="1009"/>
						<line hits="0" number="1010"/>
						<line hits="0" number="1011"/>
						<line hits="0" number="1012"/>
						<line branch="true" condition-coverage="0% (0/2)" hits="0" missing-branches="1014,1143" number="1013"/>
						<line hits="0" number="1014"/>
						<line branch="true" condition-coverage="0% (0/2)" hits="0" missing-branches="1016,1143" number="1015"/>
						<line hits="0" number="1016"/>
						<line branch="true" condition-coverage="0% (0/2)" hits="0" missing-branches="1018,1143" number="1017"/>
						<line hits="0" number="1018"/>
						<line hits="0" number="1021"/>
						<line hits="0" number="1026"/>
						<line hits="0" number="1027"/>
						<line branch="true" condition-coverage="0% (0/2)" hits="0" missing-branches="exit,1029" number="1028"/>
						<line hits="0" number="1029"/>
						<line hits="0" number="1031"/>
						<line hits="0" number="1032"/>
						<line branch="true" condition-coverage="0% (0/2)" hits="0" missing-branches="exit,1037" number="1036"/>
						<line hits="0" number="1037"/>
						<line hits="0" number="1042"/>
						<line hits="0" number="1044"/>
						<line hits="0" number="1045"/>
						<line branch="true" condition-coverage="0% (0/2)" hits="0" missing-branches="1047,1134" number="1046"/>
						<line branch="true" condition-coverage="0% (0/2)" hits="0" missing-branches="1048,1050" number="1047"/>
						<line hits="0" number="1048"/>
						<line hits="0" number="1050"/>
						<line hits="0" number="1051"/>
						<line branch="true" condition-coverage="0% (0/2)" hits="0" missing-branches="exit,1055" number="1052"/>
						<line hits="0" number="1055"/>
						<line branch="true" condition-coverage="0% (0/2)" hits="0" missing-branches="1060,1066" number="1059"/>
						<line hits="0" number="1060"/>
						<line hits="0" number="1061"/>
						<line hits="0" number="1062"/>
						<line hits="0" number="1063"/>
						<line hits="0" number="1066"/>
						<line hits="0" number="1071"/>
						<line hits="0" number="1074"/>
						<line branch="true" condition-coverage="0% (0/2)" hits="0" missing-branches="1076,1128" number="1075"/>
						<line branch="true" condition-coverage="0% (0/2)" hits="0" missing-branches="1077,1089" number="1076"/>
						<line hits="0" number="1077"/>
						<line hits="0" number="1078"/>
						<line hits="0" number="1083"/>
						<line hits="0" number="1086"/>
						<line hits="0" number="1087"/>
						<line hits="0" number="1088"/>
						<line branch="true" condition-coverage="0% (0/2)" hits="0" missing-branches="1090,1116" number="1089"/>
						<line hits="0" number="1090"/>
						<line branch="true" condition-coverage="0% (0/2)" hits="0" missing-branches="1096,1109" number="1095"/>
						<line hits="0" number="1096"/>
						<line hits="0" number="1101"/>
						<line hits="0" number="1106"/>
						<line hits="0" number="1107"/>
						<line hits="0" number="1109"/>
						<line hits="0" number="1110"/>
						<line hits="0" number="1113"/>
						<line hits="0" number="1114"/>
						<line hits="0" number="1116"/>
						<line hits="0" number="1119"/>
						<line hits="0" number="1122"/>
						<line hits="0" number="1128"/>
						<line hits="0" number="1129"/>
						<line branch="true" condition-coverage="0% (0/2)" hits="0" missing-branches="1046,1131" number="1130"/>
						<line hits="0" number="1131"/>
						<line hits="0" number="1134"/>
						<line hits="0" number="1143"/>
						<line hits="1" number="1159"/>
						<line hits="0" number="1165"/>
						<line branch="true" condition-coverage="0% (0/2)" hits="0" missing-branches="1167,1174" number="1166"/>
						<line hits="0" number="1167"/>
						<line hits="0" number="1174"/>
						<line branch="true" condition-coverage="100% (2/2)" hits="1" number="1177"/>
						<line hits="1" number="1180"/>
						<line hits="0" number="1187"/>
						<line hits="0" number="1188"/>
						<line hits="0" number="1189"/>
						<line hits="0" number="1193"/>
						<line hits="0" number="1194"/>
						<line hits="1" number="1196"/>
						<line hits="0" number="1199"/>
						<line hits="0" number="1200"/>
						<line hits="0" number="1201"/>
						<line hits="0" number="1202"/>
						<line hits="0" number="1206"/>
						<line hits="0" number="1208"/>
						<line branch="true" condition-coverage="0% (0/2)" hits="0" missing-branches="1211,1217" number="1210"/>
						<line hits="0" number="1211"/>
						<line hits="0" number="1214"/>
						<line hits="0" number="1217"/>
						<line hits="0" number="1218"/>
						<line hits="0" number="1219"/>
						<line hits="0" number="1221"/>
						<line hits="1" number="1235"/>
						<line hits="0" number="1238"/>
						<line hits="0" number="1239"/>
						<line hits="0" number="1240"/>
						<line hits="0" number="1242"/>
						<line hits="1" number="1256"/>
						<line hits="0" number="1259"/>
						<line hits="0" number="1260"/>
						<line hits="0" number="1261"/>
						<line hits="1" number="1263"/>
						<line hits="0" number="1269"/>
						<line branch="true" condition-coverage="0% (0/2)" hits="0" missing-branches="1272,1279" number="1271"/>
						<line hits="0" number="1272"/>
						<line hits="0" number="1273"/>
						<line hits="0" number="1279"/>
						<line hits="1" number="1282"/>
						<line hits="1" number="1291"/>
						<line hits="1" number="1300"/>
						<line hits="1" number="1309"/>
						<line hits="1" number="1318"/>
						<line hits="1" number="1328"/>
						<line hits="1" number="1337"/>
					</lines>
				</class>
				<class branch-rate="0.03125" complexity="0" filename="api.py" line-rate="0.1692" name="api.py">
					<methods/>
					<lines>
						<line hits="1" number="21"/>
						<line hits="1" number="23"/>
						<line hits="1" number="24"/>
						<line hits="1" number="25"/>
						<line hits="1" number="27"/>
						<line hits="1" number="28"/>
						<line hits="1" number="29"/>
						<line hits="1" number="30"/>
						<line hits="1" number="31"/>
						<line hits="1" number="32"/>
						<line hits="1" number="33"/>
						<line hits="1" number="34"/>
						<line branch="true" condition-coverage="100% (2/2)" hits="1" number="37"/>
						<line hits="1" number="40"/>
						<line hits="0" number="43"/>
						<line hits="0" number="44"/>
						<line hits="0" number="45"/>
						<line hits="0" number="46"/>
						<line branch="true" condition-coverage="0% (0/2)" hits="0" missing-branches="48,51" number="47"/>
						<line hits="0" number="48"/>
						<line hits="0" number="49"/>
						<line hits="0" number="51"/>
						<line branch="true" condition-coverage="0% (0/2)" hits="0" missing-branches="54,65" number="53"/>
						<line branch="true" condition-coverage="0% (0/2)" hits="0" missing-branches="53,55" number="54"/>
						<line hits="0" number="55"/>
						<line hits="0" number="56"/>
						<line hits="0" number="57"/>
						<line branch="true" condition-coverage="0% (0/2)" hits="0" missing-branches="53,63" number="62"/>
						<line hits="0" number="63"/>
						<line hits="0" number="65"/>
						<line hits="0" number="67"/>
						<line hits="1" number="69"/>
						<line hits="1" number="70"/>
						<line hits="0" number="72"/>
						<line hits="0" number="73"/>
						<line branch="true" condition-coverage="0% (0/2)" hits="0" missing-branches="75,80" number="74"/>
						<line branch="true" condition-coverage="0% (0/2)" hits="0" missing-branches="76,78" number="75"/>
						<line hits="0" number="76"/>
						<line hits="0" number="78"/>
						<line branch="true" condition-coverage="0% (0/2)" hits="0" missing-branches="81,85" number="80"/>
						<line hits="0" number="81"/>
						<line hits="0" number="85"/>
						<line hits="0" number="89"/>
						<line hits="0" number="90"/>
						<line branch="true" condition-coverage="0% (0/2)" hits="0" missing-branches="93,104" number="92"/>
						<line branch="true" condition-coverage="0% (0/2)" hits="0" missing-branches="94,98" number="93"/>
						<line hits="0" number="94"/>
						<line hits="0" number="98"/>
						<line hits="0" number="101"/>
						<line hits="0" number="102"/>
						<line hits="0" number="104"/>
						<line hits="1" number="106"/>
						<line hits="0" number="109"/>
						<line branch="true" condition-coverage="0% (0/2)" hits="0" missing-branches="116,117" number="115"/>
						<line hits="0" number="116"/>
						<line hits="0" number="117"/>
						<line hits="1" number="119"/>
						<line branch="true" condition-coverage="0% (0/2)" hits="0" missing-branches="123,137" number="122"/>
						<line hits="0" number="123"/>
						<line hits="0" number="124"/>
						<line hits="0" number="135"/>
						<line hits="0" number="137"/>
						<line hits="0" number="138"/>
						<line hits="0" number="149"/>
						<line hits="0" number="151"/>
						<line hits="1" number="153"/>
						<line hits="0" number="156"/>
						<line hits="0" number="157"/>
						<line branch="true" condition-coverage="0% (0/2)" hits="0" missing-branches="163,164" number="162"/>
						<line hits="0" number="163"/>
						<line hits="0" number="164"/>
						<line hits="1" number="167"/>
						<line hits="0" number="169"/>
						<line hits="0" number="170"/>
						<line hits="0" number="171"/>
						<line branch="true" condition-coverage="0% (0/2)" hits="0" missing-branches="173,175" number="172"/>
						<line hits="0" number="173"/>
						<line hits="0" number="175"/>
						<line hits="0" number="177"/>
						<line hits="0" number="178"/>
						<line branch="true" condition-coverage="0% (0/2)" hits="0" missing-branches="180,183" number="179"/>
						<line hits="0" number="180"/>
						<line hits="0" number="181"/>
						<line hits="0" number="183"/>
						<line hits="0" number="184"/>
						<line branch="true" condition-coverage="0% (0/2)" hits="0" missing-branches="186,193" number="185"/>
						<line hits="0" number="186"/>
						<line hits="0" number="187"/>
						<line branch="true" condition-coverage="0% (0/2)" hits="0" missing-branches="185,190" number="189"/>
						<line hits="0" number="190"/>
						<line hits="0" number="191"/>
						<line branch="true" condition-coverage="0% (0/2)" hits="0" missing-branches="194,211" number="193"/>
						<line branch="true" condition-coverage="0% (0/2)" hits="0" missing-branches="195,197" number="194"/>
						<line hits="0" number="195"/>
						<line branch="true" condition-coverage="0% (0/2)" hits="0" missing-branches="198,200" number="197"/>
						<line hits="0" number="198"/>
						<line branch="true" condition-coverage="0% (0/2)" hits="0" missing-branches="201,206" number="200"/>
						<line hits="0" number="201"/>
						<line hits="0" number="202"/>
						<line branch="true" condition-coverage="0% (0/2)" hits="0" missing-branches="204,206" number="203"/>
						<line branch="true" condition-coverage="0% (0/2)" hits="0" missing-branches="203,205" number="204"/>
						<line hits="0" number="205"/>
						<line branch="true" condition-coverage="0% (0/2)" hits="0" missing-branches="193,207" number="206"/>
						<line branch="true" condition-coverage="0% (0/2)" hits="0" missing-branches="193,208" number="207"/>
						<line branch="true" condition-coverage="0% (0/2)" hits="0" missing-branches="207,209" number="208"/>
						<line hits="0" number="209"/>
						<line hits="0" number="211"/>
						<line hits="0" number="213"/>
						<line hits="0" number="214"/>
						<line hits="0" number="215"/>
						<line hits="0" number="217"/>
						<line hits="1" number="220"/>
						<line branch="true" condition-coverage="0% (0/2)" hits="0" missing-branches="233,254" number="232"/>
						<line branch="true" condition-coverage="0% (0/2)" hits="0" missing-branches="234,249" number="233"/>
						<line branch="true" condition-coverage="0% (0/2)" hits="0" missing-branches="235,238" number="234"/>
						<line hits="0" number="235"/>
						<line hits="0" number="236"/>
						<line hits="0" number="238"/>
						<line hits="0" number="239"/>
						<line hits="0" number="241"/>
						<line hits="0" number="247"/>
						<line branch="true" condition-coverage="0% (0/2)" hits="0" missing-branches="250,254" number="249"/>
						<line branch="true" condition-coverage="0% (0/2)" hits="0" missing-branches="251,254" number="250"/>
						<line branch="true" condition-coverage="0% (0/2)" hits="0" missing-branches="250,252" number="251"/>
						<line hits="0" number="252"/>
						<line hits="0" number="254"/>
						<line hits="1" number="256"/>
						<line hits="0" number="265"/>
						<line hits="0" number="266"/>
						<line hits="0" number="274"/>
					</lines>
				</class>
				<class branch-rate="1" complexity="0" filename="bundles.py" line-rate="1" name="bundles.py">
					<methods/>
					<lines>
						<line hits="1" number="21"/>
						<line hits="1" number="23"/>
						<line hits="1" number="25"/>
						<line hits="1" number="26"/>
						<line hits="1" number="27"/>
						<line hits="1" number="29"/>
						<line hits="1" number="36"/>
						<line hits="1" number="43"/>
						<line hits="1" number="49"/>
						<line hits="1" number="55"/>
						<line hits="1" number="59"/>
						<line hits="1" number="63"/>
						<line hits="1" number="67"/>
						<line hits="1" number="69"/>
						<line hits="1" number="75"/>
						<line hits="1" number="81"/>
						<line hits="1" number="88"/>
						<line hits="1" number="96"/>
						<line hits="1" number="98"/>
						<line hits="1" number="106"/>
					</lines>
				</class>
				<class branch-rate="1" complexity="0" filename="config.py" line-rate="1" name="config.py">
					<methods/>
					<lines>
						<line hits="1" number="21"/>
						<line hits="1" number="23"/>
						<line hits="1" number="25"/>
						<line hits="1" number="26"/>
						<line hits="1" number="27"/>
						<line hits="1" number="29"/>
						<line hits="1" number="31"/>
						<line hits="1" number="34"/>
						<line hits="1" number="37"/>
						<line hits="1" number="39"/>
						<line hits="1" number="41"/>
						<line hits="1" number="45"/>
						<line hits="1" number="47"/>
						<line hits="1" number="51"/>
						<line hits="1" number="55"/>
						<line hits="1" number="59"/>
						<line hits="1" number="63"/>
						<line hits="1" number="65"/>
						<line hits="1" number="67"/>
						<line hits="1" number="69"/>
						<line hits="1" number="73"/>
						<line hits="1" number="75"/>
						<line hits="1" number="77"/>
						<line hits="1" number="81"/>
						<line hits="1" number="83"/>
						<line hits="1" number="85"/>
						<line hits="1" number="88"/>
						<line hits="1" number="91"/>
						<line hits="1" number="94"/>
						<line hits="1" number="97"/>
						<line hits="1" number="98"/>
						<line hits="1" number="101"/>
						<line hits="1" number="103"/>
						<line hits="1" number="104"/>
						<line hits="1" number="107"/>
						<line hits="1" number="111"/>
						<line hits="1" number="112"/>
						<line hits="1" number="115"/>
						<line hits="1" number="116"/>
						<line hits="1" number="119"/>
						<line hits="1" number="120"/>
						<line hits="1" number="124"/>
						<line hits="1" number="125"/>
						<line hits="1" number="135"/>
						<line hits="1" number="136"/>
						<line hits="1" number="137"/>
						<line hits="1" number="138"/>
						<line hits="1" number="140"/>
						<line hits="1" number="143"/>
						<line hits="1" number="144"/>
						<line hits="1" number="146"/>
						<line hits="1" number="147"/>
						<line hits="1" number="221"/>
						<line hits="1" number="248"/>
						<line hits="1" number="460"/>
						<line hits="1" number="462"/>
						<line hits="1" number="464"/>
						<line hits="1" number="467"/>
						<line hits="1" number="470"/>
						<line hits="1" number="471"/>
						<line hits="1" number="473"/>
						<line hits="1" number="475"/>
						<line hits="1" number="478"/>
						<line hits="1" number="516"/>
						<line hits="1" number="518"/>
						<line hits="1" number="526"/>
						<line hits="1" number="528"/>
						<line hits="1" number="529"/>
						<line hits="1" number="530"/>
						<line hits="1" number="532"/>
						<line hits="1" number="536"/>
						<line hits="1" number="538"/>
						<line hits="1" number="542"/>
						<line hits="1" number="544"/>
						<line hits="1" number="546"/>
						<line hits="1" number="559"/>
						<line hits="1" number="572"/>
						<line hits="1" number="586"/>
						<line hits="1" number="587"/>
						<line hits="1" number="597"/>
						<line hits="1" number="607"/>
						<line hits="1" number="613"/>
						<line hits="1" number="615"/>
						<line hits="1" number="697"/>
						<line hits="1" number="703"/>
						<line hits="1" number="706"/>
						<line hits="1" number="709"/>
						<line hits="1" number="712"/>
						<line hits="1" number="715"/>
						<line hits="1" number="718"/>
						<line hits="1" number="721"/>
						<line hits="1" number="724"/>
						<line hits="1" number="726"/>
						<line hits="1" number="729"/>
						<line hits="1" number="732"/>
						<line hits="1" number="735"/>
						<line hits="1" number="738"/>
						<line hits="1" number="741"/>
						<line hits="1" number="744"/>
						<line hits="1" number="746"/>
						<line hits="1" number="748"/>
						<line hits="1" number="751"/>
						<line hits="1" number="754"/>
						<line hits="1" number="757"/>
						<line hits="1" number="759"/>
						<line hits="1" number="761"/>
						<line hits="1" number="764"/>
						<line hits="1" number="765"/>
					</lines>
				</class>
				<class branch-rate="1" complexity="0" filename="error.py" line-rate="1" name="error.py">
					<methods/>
					<lines>
						<line hits="1" number="25"/>
						<line hits="1" number="26"/>
						<line branch="true" condition-coverage="100% (2/2)" hits="1" number="28"/>
						<line hits="1" number="31"/>
						<line hits="1" number="32"/>
						<line branch="true" condition-coverage="100% (2/2)" hits="1" number="34"/>
						<line hits="1" number="37"/>
						<line hits="1" number="38"/>
						<line branch="true" condition-coverage="100% (2/2)" hits="1" number="40"/>
						<line hits="1" number="43"/>
						<line hits="1" number="44"/>
						<line branch="true" condition-coverage="100% (2/2)" hits="1" number="46"/>
						<line hits="1" number="49"/>
						<line hits="1" number="50"/>
					</lines>
				</class>
				<class branch-rate="0.6875" complexity="0" filename="ext.py" line-rate="0.8125" name="ext.py">
					<methods/>
					<lines>
						<line hits="1" number="21"/>
						<line hits="1" number="23"/>
						<line hits="1" number="24"/>
						<line hits="1" number="25"/>
						<line branch="true" condition-coverage="100% (2/2)" hits="1" number="28"/>
						<line hits="1" number="31"/>
						<line branch="true" condition-coverage="50% (1/2)" hits="1" missing-branches="exit" number="36"/>
						<line hits="1" number="37"/>
						<line hits="1" number="39"/>
						<line hits="1" number="44"/>
						<line hits="1" number="45"/>
						<line hits="1" number="46"/>
						<line hits="1" number="49"/>
						<line hits="1" number="51"/>
						<line hits="1" number="53"/>
						<line branch="true" condition-coverage="50% (1/2)" hits="1" missing-branches="65" number="59"/>
						<line hits="1" number="60"/>
						<line branch="true" condition-coverage="50% (1/2)" hits="1" missing-branches="68" number="65"/>
						<line hits="1" number="66"/>
						<line hits="0" number="68"/>
						<line hits="1" number="70"/>
						<line branch="true" condition-coverage="100% (2/2)" hits="1" number="86"/>
						<line branch="true" condition-coverage="100% (2/2)" hits="1" number="87"/>
						<line hits="1" number="88"/>
						<line branch="true" condition-coverage="100% (2/2)" hits="1" number="91"/>
						<line hits="1" number="94"/>
						<line branch="true" condition-coverage="0% (0/2)" hits="0" missing-branches="exit,100" number="99"/>
						<line hits="0" number="100"/>
						<line hits="1" number="102"/>
						<line hits="0" number="110"/>
						<line hits="0" number="111"/>
						<line hits="0" number="112"/>
					</lines>
				</class>
				<class branch-rate="1" complexity="0" filename="links.py" line-rate="0" name="links.py">
					<methods/>
					<lines>
						<line hits="0" number="21"/>
						<line hits="0" number="23"/>
						<line hits="0" number="26"/>
						<line hits="0" number="32"/>
						<line hits="0" number="37"/>
					</lines>
				</class>
				<class branch-rate="0.243" complexity="0" filename="mapper.py" line-rate="0.3492" name="mapper.py">
					<methods/>
					<lines>
						<line hits="1" number="9"/>
						<line hits="1" number="11"/>
						<line hits="1" number="12"/>
						<line hits="1" number="13"/>
						<line hits="1" number="14"/>
						<line hits="1" number="15"/>
						<line hits="1" number="16"/>
						<line hits="1" number="17"/>
						<line hits="1" number="18"/>
						<line hits="1" number="19"/>
						<line hits="1" number="21"/>
						<line hits="1" number="23"/>
						<line hits="1" number="24"/>
						<line hits="1" number="25"/>
						<line hits="1" number="27"/>
						<line hits="1" number="29"/>
						<line hits="1" number="41"/>
						<line hits="1" number="42"/>
						<line hits="1" number="44"/>
						<line hits="1" number="45"/>
						<line hits="1" number="48"/>
						<line branch="true" condition-coverage="0% (0/2)" hits="0" missing-branches="50,51" number="49"/>
						<line hits="0" number="50"/>
						<line hits="0" number="51"/>
						<line hits="1" number="54"/>
						<line branch="true" condition-coverage="0% (0/2)" hits="0" missing-branches="56,57" number="55"/>
						<line hits="0" number="56"/>
						<line hits="0" number="57"/>
						<line hits="1" number="60"/>
						<line hits="0" number="73"/>
						<line hits="0" number="74"/>
						<line branch="true" condition-coverage="0% (0/2)" hits="0" missing-branches="76,107" number="75"/>
						<line hits="0" number="76"/>
						<line branch="true" condition-coverage="0% (0/2)" hits="0" missing-branches="78,87" number="77"/>
						<line hits="0" number="78"/>
						<line branch="true" condition-coverage="0% (0/2)" hits="0" missing-branches="85,162" number="84"/>
						<line hits="0" number="85"/>
						<line branch="true" condition-coverage="0% (0/2)" hits="0" missing-branches="88,103" number="87"/>
						<line hits="0" number="88"/>
						<line branch="true" condition-coverage="0% (0/2)" hits="0" missing-branches="90,92" number="89"/>
						<line hits="0" number="90"/>
						<line branch="true" condition-coverage="0% (0/2)" hits="0" missing-branches="93,94" number="92"/>
						<line hits="0" number="93"/>
						<line branch="true" condition-coverage="0% (0/2)" hits="0" missing-branches="95,100" number="94"/>
						<line branch="true" condition-coverage="0% (0/2)" hits="0" missing-branches="96,162" number="95"/>
						<line branch="true" condition-coverage="0% (0/2)" hits="0" missing-branches="97,99" number="96"/>
						<line hits="0" number="97"/>
						<line hits="0" number="99"/>
						<line branch="true" condition-coverage="0% (0/2)" hits="0" missing-branches="101,162" number="100"/>
						<line hits="0" number="101"/>
						<line branch="true" condition-coverage="0% (0/2)" hits="0" missing-branches="104,105" number="103"/>
						<line hits="0" number="104"/>
						<line branch="true" condition-coverage="0% (0/2)" hits="0" missing-branches="106,162" number="105"/>
						<line hits="0" number="106"/>
						<line branch="true" condition-coverage="0% (0/2)" hits="0" missing-branches="108,140" number="107"/>
						<line hits="0" number="108"/>
						<line branch="true" condition-coverage="0% (0/2)" hits="0" missing-branches="110,114" number="109"/>
						<line hits="0" number="110"/>
						<line branch="true" condition-coverage="0% (0/2)" hits="0" missing-branches="115,136" number="114"/>
						<line hits="0" number="115"/>
						<line branch="true" condition-coverage="0% (0/2)" hits="0" missing-branches="117,129" number="116"/>
						<line branch="true" condition-coverage="0% (0/2)" hits="0" missing-branches="118,123" number="117"/>
						<line hits="0" number="118"/>
						<line branch="true" condition-coverage="0% (0/2)" hits="0" missing-branches="120,121" number="119"/>
						<line hits="0" number="120"/>
						<line branch="true" condition-coverage="0% (0/2)" hits="0" missing-branches="122,162" number="121"/>
						<line hits="0" number="122"/>
						<line branch="true" condition-coverage="0% (0/2)" hits="0" missing-branches="124,128" number="123"/>
						<line hits="0" number="124"/>
						<line hits="0" number="128"/>
						<line branch="true" condition-coverage="0% (0/2)" hits="0" missing-branches="130,131" number="129"/>
						<line hits="0" number="130"/>
						<line branch="true" condition-coverage="0% (0/2)" hits="0" missing-branches="132,133" number="131"/>
						<line hits="0" number="132"/>
						<line branch="true" condition-coverage="0% (0/2)" hits="0" missing-branches="134,162" number="133"/>
						<line hits="0" number="134"/>
						<line branch="true" condition-coverage="0% (0/2)" hits="0" missing-branches="137,138" number="136"/>
						<line hits="0" number="137"/>
						<line branch="true" condition-coverage="0% (0/2)" hits="0" missing-branches="139,162" number="138"/>
						<line hits="0" number="139"/>
						<line branch="true" condition-coverage="0% (0/2)" hits="0" missing-branches="141,160" number="140"/>
						<line branch="true" condition-coverage="0% (0/2)" hits="0" missing-branches="142,153" number="141"/>
						<line hits="0" number="142"/>
						<line branch="true" condition-coverage="0% (0/2)" hits="0" missing-branches="144,146" number="143"/>
						<line hits="0" number="144"/>
						<line branch="true" condition-coverage="0% (0/2)" hits="0" missing-branches="147,148" number="146"/>
						<line hits="0" number="147"/>
						<line branch="true" condition-coverage="0% (0/2)" hits="0" missing-branches="149,150" number="148"/>
						<line hits="0" number="149"/>
						<line branch="true" condition-coverage="0% (0/2)" hits="0" missing-branches="151,162" number="150"/>
						<line hits="0" number="151"/>
						<line branch="true" condition-coverage="0% (0/2)" hits="0" missing-branches="154,155" number="153"/>
						<line hits="0" number="154"/>
						<line branch="true" condition-coverage="0% (0/2)" hits="0" missing-branches="156,157" number="155"/>
						<line hits="0" number="156"/>
						<line branch="true" condition-coverage="0% (0/2)" hits="0" missing-branches="158,162" number="157"/>
						<line hits="0" number="158"/>
						<line hits="0" number="160"/>
						<line hits="0" number="162"/>
						<line hits="1" number="165"/>
						<line hits="0" number="188"/>
						<line branch="true" condition-coverage="0% (0/2)" hits="0" missing-branches="190,195" number="189"/>
						<line hits="0" number="190"/>
						<line branch="true" condition-coverage="0% (0/2)" hits="0" missing-branches="189,192" number="191"/>
						<line branch="true" condition-coverage="0% (0/2)" hits="0" missing-branches="exit,193" number="192"/>
						<line hits="0" number="193"/>
						<line hits="0" number="195"/>
						<line branch="true" condition-coverage="0% (0/2)" hits="0" missing-branches="197,199" number="196"/>
						<line hits="0" number="197"/>
						<line hits="0" number="199"/>
						<line hits="0" number="201"/>
						<line branch="true" condition-coverage="0% (0/2)" hits="0" missing-branches="203,268" number="202"/>
						<line branch="true" condition-coverage="0% (0/2)" hits="0" missing-branches="202,204" number="203"/>
						<line hits="0" number="204"/>
						<line branch="true" condition-coverage="0% (0/2)" hits="0" missing-branches="207,208" number="206"/>
						<line hits="0" number="207"/>
						<line branch="true" condition-coverage="0% (0/2)" hits="0" missing-branches="209,211" number="208"/>
						<line hits="0" number="209"/>
						<line hits="0" number="211"/>
						<line hits="0" number="213"/>
						<line branch="true" condition-coverage="0% (0/2)" hits="0" missing-branches="215,260" number="214"/>
						<line hits="0" number="215"/>
						<line branch="true" condition-coverage="0% (0/2)" hits="0" missing-branches="217,257" number="216"/>
						<line hits="0" number="217"/>
						<line branch="true" condition-coverage="0% (0/2)" hits="0" missing-branches="216,220" number="219"/>
						<line hits="0" number="220"/>
						<line hits="0" number="222"/>
						<line branch="true" condition-coverage="0% (0/2)" hits="0" missing-branches="224,226" number="223"/>
						<line hits="0" number="224"/>
						<line hits="0" number="226"/>
						<line branch="true" condition-coverage="0% (0/2)" hits="0" missing-branches="216,229" number="228"/>
						<line branch="true" condition-coverage="0% (0/2)" hits="0" missing-branches="216,230" number="229"/>
						<line hits="0" number="230"/>
						<line branch="true" condition-coverage="0% (0/2)" hits="0" missing-branches="216,235" number="234"/>
						<line branch="true" condition-coverage="0% (0/2)" hits="0" missing-branches="236,250" number="235"/>
						<line branch="true" condition-coverage="0% (0/2)" hits="0" missing-branches="237,249" number="236"/>
						<line branch="true" condition-coverage="0% (0/2)" hits="0" missing-branches="240,243" number="237"/>
						<line hits="0" number="240"/>
						<line hits="0" number="241"/>
						<line branch="true" condition-coverage="0% (0/2)" hits="0" missing-branches="216,244" number="243"/>
						<line branch="true" condition-coverage="0% (0/2)" hits="0" missing-branches="245,247" number="244"/>
						<line hits="0" number="245"/>
						<line hits="0" number="247"/>
						<line hits="0" number="249"/>
						<line branch="true" condition-coverage="0% (0/2)" hits="0" missing-branches="251,256" number="250"/>
						<line branch="true" condition-coverage="0% (0/2)" hits="0" missing-branches="252,254" number="251"/>
						<line hits="0" number="252"/>
						<line hits="0" number="254"/>
						<line hits="0" number="256"/>
						<line branch="true" condition-coverage="0% (0/2)" hits="0" missing-branches="214,258" number="257"/>
						<line hits="0" number="258"/>
						<line branch="true" condition-coverage="0% (0/2)" hits="0" missing-branches="202,261" number="260"/>
						<line branch="true" condition-coverage="0% (0/2)" hits="0" missing-branches="262,263" number="261"/>
						<line hits="0" number="262"/>
						<line branch="true" condition-coverage="0% (0/2)" hits="0" missing-branches="264,266" number="263"/>
						<line hits="0" number="264"/>
						<line hits="0" number="266"/>
						<line branch="true" condition-coverage="0% (0/2)" hits="0" missing-branches="269,271" number="268"/>
						<line hits="0" number="269"/>
						<line hits="0" number="271"/>
						<line hits="1" number="274"/>
						<line hits="0" number="283"/>
						<line hits="0" number="288"/>
						<line branch="true" condition-coverage="0% (0/2)" hits="0" missing-branches="exit,291" number="290"/>
						<line branch="true" condition-coverage="0% (0/2)" hits="0" missing-branches="292,293" number="291"/>
						<line hits="0" number="292"/>
						<line branch="true" condition-coverage="0% (0/2)" hits="0" missing-branches="exit,294" number="293"/>
						<line hits="0" number="294"/>
						<line hits="1" number="297"/>
						<line hits="0" number="300"/>
						<line hits="0" number="305"/>
						<line hits="1" number="308"/>
						<line hits="0" number="311"/>
						<line hits="0" number="338"/>
						<line hits="1" number="341"/>
						<line hits="0" number="350"/>
						<line hits="0" number="377"/>
						<line hits="1" number="380"/>
						<line hits="0" number="382"/>
						<line hits="0" number="397"/>
						<line hits="1" number="400"/>
						<line hits="0" number="409"/>
						<line hits="0" number="414"/>
						<line hits="1" number="417"/>
						<line hits="0" number="419"/>
						<line hits="0" number="425"/>
						<line hits="1" number="428"/>
						<line hits="0" number="430"/>
						<line hits="0" number="437"/>
						<line hits="1" number="440"/>
						<line hits="0" number="451"/>
						<line hits="0" number="457"/>
						<line hits="1" number="460"/>
						<line hits="0" number="462"/>
						<line hits="0" number="467"/>
						<line hits="1" number="470"/>
						<line hits="0" number="472"/>
						<line hits="0" number="477"/>
						<line hits="1" number="480"/>
						<line hits="0" number="481"/>
						<line hits="0" number="486"/>
						<line hits="1" number="489"/>
						<line hits="0" number="490"/>
						<line hits="0" number="495"/>
						<line hits="1" number="498"/>
						<line hits="0" number="499"/>
						<line hits="0" number="504"/>
						<line hits="1" number="507"/>
						<line hits="0" number="508"/>
						<line hits="0" number="512"/>
						<line hits="1" number="515"/>
						<line hits="0" number="516"/>
						<line hits="0" number="521"/>
						<line hits="1" number="524"/>
						<line hits="0" number="525"/>
						<line hits="0" number="530"/>
						<line hits="1" number="533"/>
						<line hits="0" number="534"/>
						<line hits="0" number="544"/>
						<line hits="1" number="547"/>
						<line hits="0" number="548"/>
						<line hits="0" number="552"/>
						<line hits="1" number="555"/>
						<line hits="0" number="556"/>
						<line hits="0" number="593"/>
						<line hits="1" number="596"/>
						<line hits="0" number="598"/>
						<line hits="0" number="602"/>
						<line hits="1" number="605"/>
						<line hits="0" number="607"/>
						<line hits="0" number="611"/>
						<line hits="1" number="614"/>
						<line hits="0" number="616"/>
						<line hits="0" number="621"/>
						<line hits="1" number="624"/>
						<line hits="0" number="626"/>
						<line hits="0" number="631"/>
						<line hits="1" number="634"/>
						<line hits="0" number="636"/>
						<line hits="0" number="641"/>
						<line hits="1" number="644"/>
						<line hits="0" number="646"/>
						<line hits="0" number="651"/>
						<line hits="1" number="654"/>
						<line hits="0" number="656"/>
						<line hits="0" number="672"/>
						<line branch="true" condition-coverage="0% (0/2)" hits="0" missing-branches="exit,674" number="673"/>
						<line branch="true" condition-coverage="0% (0/2)" hits="0" missing-branches="675,679" number="674"/>
						<line branch="true" condition-coverage="0% (0/2)" hits="0" missing-branches="674,676" number="675"/>
						<line hits="0" number="676"/>
						<line hits="0" number="679"/>
						<line hits="0" number="680"/>
						<line hits="0" number="681"/>
						<line hits="1" number="684"/>
						<line hits="0" number="686"/>
						<line hits="0" number="691"/>
						<line hits="1" number="694"/>
						<line hits="0" number="696"/>
						<line hits="0" number="701"/>
						<line hits="1" number="704"/>
						<line hits="0" number="706"/>
						<line hits="0" number="710"/>
						<line hits="1" number="713"/>
						<line hits="0" number="715"/>
						<line hits="0" number="719"/>
						<line hits="1" number="722"/>
						<line hits="0" number="724"/>
						<line hits="0" number="728"/>
						<line hits="1" number="731"/>
						<line hits="0" number="733"/>
						<line hits="0" number="737"/>
						<line hits="1" number="740"/>
						<line hits="0" number="742"/>
						<line hits="0" number="746"/>
						<line hits="1" number="749"/>
						<line hits="0" number="751"/>
						<line hits="0" number="755"/>
						<line hits="1" number="758"/>
						<line hits="0" number="760"/>
						<line hits="0" number="764"/>
						<line hits="1" number="767"/>
						<line hits="0" number="769"/>
						<line hits="0" number="797"/>
						<line hits="1" number="800"/>
						<line hits="0" number="802"/>
						<line hits="0" number="811"/>
						<line hits="1" number="814"/>
						<line hits="0" number="817"/>
						<line hits="0" number="822"/>
						<line hits="1" number="825"/>
						<line hits="0" number="828"/>
						<line hits="0" number="852"/>
						<line hits="1" number="855"/>
						<line hits="0" number="858"/>
						<line hits="0" number="892"/>
						<line hits="1" number="895"/>
						<line hits="0" number="902"/>
						<line hits="0" number="912"/>
						<line hits="1" number="915"/>
						<line hits="0" number="918"/>
						<line hits="0" number="943"/>
						<line hits="1" number="946"/>
						<line hits="0" number="948"/>
						<line hits="0" number="953"/>
						<line hits="1" number="956"/>
						<line branch="true" condition-coverage="100% (2/2)" hits="1" number="1046"/>
						<line hits="1" number="1049"/>
						<line hits="1" number="1050"/>
						<line hits="1" number="1052"/>
						<line branch="true" condition-coverage="0% (0/2)" hits="0" missing-branches="exit,1056" number="1055"/>
						<line hits="0" number="1056"/>
						<line hits="1" number="1058"/>
						<line hits="0" number="1060"/>
						<line hits="0" number="1061"/>
						<line branch="true" condition-coverage="0% (0/2)" hits="0" missing-branches="1063,1065" number="1062"/>
						<line hits="0" number="1063"/>
						<line hits="0" number="1065"/>
						<line branch="true" condition-coverage="0% (0/2)" hits="0" missing-branches="exit,1067" number="1066"/>
						<line branch="true" condition-coverage="0% (0/2)" hits="0" missing-branches="1066,1068" number="1067"/>
						<line hits="0" number="1068"/>
						<line hits="0" number="1069"/>
						<line branch="true" condition-coverage="100% (2/2)" hits="1" number="1072"/>
						<line hits="1" number="1075"/>
						<line hits="0" number="1077"/>
						<line hits="1" number="1079"/>
						<line hits="0" number="1081"/>
						<line branch="true" condition-coverage="0% (0/2)" hits="0" missing-branches="1083,1085" number="1082"/>
						<line hits="0" number="1083"/>
						<line hits="0" number="1085"/>
						<line branch="true" condition-coverage="0% (0/2)" hits="0" missing-branches="1088,1090" number="1087"/>
						<line hits="0" number="1088"/>
						<line hits="0" number="1090"/>
						<line hits="0" number="1091"/>
						<line hits="0" number="1093"/>
						<line hits="0" number="1094"/>
						<line hits="0" number="1096"/>
						<line hits="0" number="1098"/>
						<line hits="0" number="1145"/>
						<line branch="true" condition-coverage="0% (0/2)" hits="0" missing-branches="1148,1155" number="1147"/>
						<line branch="true" condition-coverage="0% (0/2)" hits="0" missing-branches="1147,1149" number="1148"/>
						<line branch="true" condition-coverage="0% (0/2)" hits="0" missing-branches="1150,1152" number="1149"/>
						<line hits="0" number="1150"/>
						<line hits="0" number="1152"/>
						<line hits="0" number="1153"/>
						<line hits="0" number="1155"/>
						<line branch="true" condition-coverage="100% (2/2)" hits="1" number="1158"/>
						<line hits="1" number="1172"/>
						<line hits="1" number="1180"/>
						<line branch="true" condition-coverage="50% (1/2)" hits="1" missing-branches="1186" number="1181"/>
						<line hits="1" number="1182"/>
						<line hits="1" number="1183"/>
						<line hits="0" number="1186"/>
						<line branch="true" condition-coverage="0% (0/2)" hits="0" missing-branches="1188,1190" number="1187"/>
						<line hits="0" number="1188"/>
						<line branch="true" condition-coverage="0% (0/2)" hits="0" missing-branches="exit,1191" number="1190"/>
						<line branch="true" condition-coverage="0% (0/2)" hits="0" missing-branches="1190,1192" number="1191"/>
						<line hits="0" number="1192"/>
						<line hits="1" number="1194"/>
						<line hits="1" number="1215"/>
						<line branch="true" condition-coverage="100% (2/2)" hits="1" number="1216"/>
						<line hits="1" number="1217"/>
						<line hits="1" number="1218"/>
						<line hits="1" number="1220"/>
						<line branch="true" condition-coverage="100% (2/2)" hits="1" number="1225"/>
						<line hits="1" number="1226"/>
						<line hits="1" number="1227"/>
						<line branch="true" condition-coverage="100% (2/2)" hits="1" number="1229"/>
						<line hits="1" number="1230"/>
						<line branch="true" condition-coverage="100% (2/2)" hits="1" number="1231"/>
						<line hits="1" number="1232"/>
						<line branch="true" condition-coverage="100% (2/2)" hits="1" number="1234"/>
						<line hits="1" number="1235"/>
						<line hits="1" number="1236"/>
						<line hits="1" number="1239"/>
						<line hits="1" number="1241"/>
						<line hits="0" number="1254"/>
						<line branch="true" condition-coverage="0% (0/2)" hits="0" missing-branches="1256,1264" number="1255"/>
						<line branch="true" condition-coverage="0% (0/2)" hits="0" missing-branches="1257,1259" number="1256"/>
						<line hits="0" number="1257"/>
						<line hits="0" number="1258"/>
						<line branch="true" condition-coverage="0% (0/2)" hits="0" missing-branches="1260,1263" number="1259"/>
						<line hits="0" number="1260"/>
						<line hits="0" number="1261"/>
						<line hits="0" number="1263"/>
						<line hits="0" number="1264"/>
						<line hits="1" number="1266"/>
						<line branch="true" condition-coverage="0% (0/2)" hits="0" missing-branches="1275,1277" number="1274"/>
						<line hits="0" number="1275"/>
						<line hits="0" number="1277"/>
						<line branch="true" condition-coverage="0% (0/2)" hits="0" missing-branches="exit,exit" number="1279"/>
						<line hits="1" number="1284"/>
						<line hits="0" number="1285"/>
						<line branch="true" condition-coverage="0% (0/2)" hits="0" missing-branches="1287,1295" number="1286"/>
						<line branch="true" condition-coverage="0% (0/2)" hits="0" missing-branches="1288,1291" number="1287"/>
						<line branch="true" condition-coverage="0% (0/2)" hits="0" missing-branches="exit,1286" number="1288"/>
						<line branch="true" condition-coverage="0% (0/2)" hits="0" missing-branches="1286,1292" number="1291"/>
						<line branch="true" condition-coverage="0% (0/2)" hits="0" missing-branches="exit,1286" number="1292"/>
						<line hits="0" number="1295"/>
						<line branch="true" condition-coverage="100% (2/2)" hits="1" number="1297"/>
						<line hits="1" number="1299"/>
						<line hits="0" number="1300"/>
						<line hits="0" number="1301"/>
						<line hits="0" number="1303"/>
						<line hits="0" number="1307"/>
						<line hits="0" number="1309"/>
						<line hits="0" number="1311"/>
						<line hits="0" number="1313"/>
						<line hits="0" number="1315"/>
						<line hits="0" number="1317"/>
						<line hits="0" number="1319"/>
						<line hits="0" number="1320"/>
						<line branch="true" condition-coverage="100% (2/2)" hits="1" number="1323"/>
						<line hits="1" number="1326"/>
						<line hits="1" number="1333"/>
						<line hits="1" number="1340"/>
						<line hits="1" number="1341"/>
						<line hits="1" number="1343"/>
						<line hits="0" number="1350"/>
						<line hits="1" number="1352"/>
						<line hits="0" number="1361"/>
						<line hits="0" number="1362"/>
						<line hits="0" number="1363"/>
						<line hits="0" number="1364"/>
						<line branch="true" condition-coverage="0% (0/2)" hits="0" missing-branches="exit,1372" number="1366"/>
						<line branch="true" condition-coverage="0% (0/2)" hits="0" missing-branches="exit,1378" number="1372"/>
						<line hits="0" number="1378"/>
						<line hits="1" number="1380"/>
						<line hits="0" number="1391"/>
						<line branch="true" condition-coverage="0% (0/2)" hits="0" missing-branches="exit,1394" number="1392"/>
						<line hits="0" number="1394"/>
						<line hits="1" number="1396"/>
						<line hits="0" number="1405"/>
						<line branch="true" condition-coverage="0% (0/2)" hits="0" missing-branches="exit,1415" number="1407"/>
						<line hits="0" number="1415"/>
						<line branch="true" condition-coverage="0% (0/2)" hits="0" missing-branches="1417,1425" number="1416"/>
						<line branch="true" condition-coverage="0% (0/2)" hits="0" missing-branches="1416,1418" number="1417"/>
						<line hits="0" number="1418"/>
						<line hits="0" number="1419"/>
						<line hits="0" number="1420"/>
						<line branch="true" condition-coverage="0% (0/2)" hits="0" missing-branches="1422,1423" number="1421"/>
						<line hits="0" number="1422"/>
						<line hits="0" number="1423"/>
						<line hits="0" number="1425"/>
						<line hits="0" number="1426"/>
						<line hits="0" number="1427"/>
						<line branch="true" condition-coverage="0% (0/2)" hits="0" missing-branches="exit,1432" number="1428"/>
						<line branch="true" condition-coverage="0% (0/2)" hits="0" missing-branches="exit,1436" number="1432"/>
						<line hits="0" number="1436"/>
						<line hits="0" number="1437"/>
						<line hits="0" number="1438"/>
						<line hits="0" number="1439"/>
						<line hits="0" number="1440"/>
						<line hits="0" number="1441"/>
						<line hits="0" number="1443"/>
						<line hits="0" number="1445"/>
						<line hits="0" number="1446"/>
						<line hits="0" number="1448"/>
						<line branch="true" condition-coverage="0% (0/2)" hits="0" missing-branches="1463,1464" number="1462"/>
						<line hits="0" number="1463"/>
						<line branch="true" condition-coverage="0% (0/2)" hits="0" missing-branches="1465,1484" number="1464"/>
						<line hits="0" number="1465"/>
						<line branch="true" condition-coverage="0% (0/2)" hits="0" missing-branches="1467,1481" number="1466"/>
						<line hits="0" number="1467"/>
						<line branch="true" condition-coverage="0% (0/2)" hits="0" missing-branches="1469,1470" number="1468"/>
						<line hits="0" number="1469"/>
						<line hits="0" number="1470"/>
						<line hits="0" number="1471"/>
						<line branch="true" condition-coverage="0% (0/2)" hits="0" missing-branches="1473,1477" number="1472"/>
						<line hits="0" number="1473"/>
						<line hits="0" number="1477"/>
						<line hits="0" number="1481"/>
						<line hits="0" number="1482"/>
						<line hits="0" number="1484"/>
						<line hits="0" number="1485"/>
						<line hits="0" number="1486"/>
						<line branch="true" condition-coverage="0% (0/2)" hits="0" missing-branches="1490,1521" number="1487"/>
						<line branch="true" condition-coverage="0% (0/2)" hits="0" missing-branches="1491,1504" number="1490"/>
						<line hits="0" number="1491"/>
						<line hits="0" number="1495"/>
						<line hits="0" number="1498"/>
						<line hits="0" number="1502"/>
						<line hits="0" number="1503"/>
						<line branch="true" condition-coverage="0% (0/2)" hits="0" missing-branches="1505,1520" number="1504"/>
						<line hits="0" number="1505"/>
						<line hits="0" number="1506"/>
						<line branch="true" condition-coverage="0% (0/2)" hits="0" missing-branches="1508,1513" number="1507"/>
						<line branch="true" condition-coverage="0% (0/2)" hits="0" missing-branches="exit,1513" number="1508"/>
						<line hits="0" number="1513"/>
						<line hits="0" number="1514"/>
						<line hits="0" number="1518"/>
						<line hits="0" number="1519"/>
						<line hits="0" number="1520"/>
						<line branch="true" condition-coverage="0% (0/2)" hits="0" missing-branches="1522,1533" number="1521"/>
						<line hits="0" number="1522"/>
						<line branch="true" condition-coverage="0% (0/2)" hits="0" missing-branches="1526,1527" number="1525"/>
						<line hits="0" number="1526"/>
						<line hits="0" number="1527"/>
						<line hits="0" number="1531"/>
						<line branch="true" condition-coverage="0% (0/2)" hits="0" missing-branches="1534,1546" number="1533"/>
						<line hits="0" number="1534"/>
						<line hits="0" number="1535"/>
						<line branch="true" condition-coverage="0% (0/2)" hits="0" missing-branches="1537,1541" number="1536"/>
						<line branch="true" condition-coverage="0% (0/2)" hits="0" missing-branches="exit,1541" number="1537"/>
						<line hits="0" number="1541"/>
						<line hits="0" number="1545"/>
						<line hits="0" number="1546"/>
						<line branch="true" condition-coverage="0% (0/2)" hits="0" missing-branches="1549,1583" number="1548"/>
						<line hits="0" number="1549"/>
						<line branch="true" condition-coverage="0% (0/2)" hits="0" missing-branches="1551,1554" number="1550"/>
						<line hits="0" number="1551"/>
						<line hits="0" number="1552"/>
						<line hits="0" number="1553"/>
						<line branch="true" condition-coverage="0% (0/2)" hits="0" missing-branches="1555,1556" number="1554"/>
						<line hits="0" number="1555"/>
						<line branch="true" condition-coverage="0% (0/2)" hits="0" missing-branches="1557,1558" number="1556"/>
						<line hits="0" number="1557"/>
						<line branch="true" condition-coverage="0% (0/2)" hits="0" missing-branches="1560,1566" number="1558"/>
						<line hits="0" number="1560"/>
						<line hits="0" number="1561"/>
						<line hits="0" number="1564"/>
						<line branch="true" condition-coverage="0% (0/2)" hits="0" missing-branches="1568,1569" number="1566"/>
						<line hits="0" number="1568"/>
						<line branch="true" condition-coverage="0% (0/2)" hits="0" missing-branches="1570,1572" number="1569"/>
						<line hits="0" number="1570"/>
						<line hits="0" number="1572"/>
						<line hits="0" number="1573"/>
						<line hits="0" number="1574"/>
						<line hits="0" number="1577"/>
						<line branch="true" condition-coverage="0% (0/2)" hits="0" missing-branches="1584,1597" number="1583"/>
						<line hits="0" number="1584"/>
						<line hits="0" number="1585"/>
						<line branch="true" condition-coverage="0% (0/2)" hits="0" missing-branches="1587,1594" number="1586"/>
						<line hits="0" number="1587"/>
						<line hits="0" number="1589"/>
						<line hits="0" number="1590"/>
						<line hits="0" number="1594"/>
						<line hits="0" number="1597"/>
						<line branch="true" condition-coverage="0% (0/2)" hits="0" missing-branches="1599,1617" number="1598"/>
						<line branch="true" condition-coverage="0% (0/2)" hits="0" missing-branches="1600,1602" number="1599"/>
						<line hits="0" number="1600"/>
						<line hits="0" number="1602"/>
						<line hits="0" number="1603"/>
						<line branch="true" condition-coverage="0% (0/2)" hits="0" missing-branches="exit,1613" number="1606"/>
						<line hits="0" number="1613"/>
						<line hits="0" number="1617"/>
						<line hits="0" number="1626"/>
						<line hits="1" number="1628"/>
						<line hits="0" number="1681"/>
						<line hits="0" number="1682"/>
						<line hits="0" number="1683"/>
						<line branch="true" condition-coverage="0% (0/2)" hits="0" missing-branches="1687,1689" number="1685"/>
						<line hits="0" number="1687"/>
						<line hits="0" number="1688"/>
						<line branch="true" condition-coverage="0% (0/2)" hits="0" missing-branches="1695,1712" number="1689"/>
						<line hits="0" number="1695"/>
						<line branch="true" condition-coverage="0% (0/2)" hits="0" missing-branches="1697,1699" number="1696"/>
						<line hits="0" number="1697"/>
						<line hits="0" number="1699"/>
						<line branch="true" condition-coverage="0% (0/2)" hits="0" missing-branches="exit,1706" number="1700"/>
						<line hits="0" number="1701"/>
						<line hits="0" number="1702"/>
						<line hits="0" number="1706"/>
						<line branch="true" condition-coverage="0% (0/2)" hits="0" missing-branches="1708,1713" number="1707"/>
						<line hits="0" number="1708"/>
						<line hits="0" number="1712"/>
						<line branch="true" condition-coverage="0% (0/2)" hits="0" missing-branches="1714,1716" number="1713"/>
						<line hits="0" number="1714"/>
						<line hits="0" number="1716"/>
						<line branch="true" condition-coverage="0% (0/2)" hits="0" missing-branches="1719,1724" number="1718"/>
						<line branch="true" condition-coverage="0% (0/2)" hits="0" missing-branches="1720,1722" number="1719"/>
						<line hits="0" number="1720"/>
						<line branch="true" condition-coverage="0% (0/2)" hits="0" missing-branches="exit,1723" number="1722"/>
						<line hits="0" number="1723"/>
						<line branch="true" condition-coverage="0% (0/2)" hits="0" missing-branches="exit,1725" number="1724"/>
						<line branch="true" condition-coverage="0% (0/2)" hits="0" missing-branches="exit,1726" number="1725"/>
						<line hits="0" number="1726"/>
						<line branch="true" condition-coverage="0% (0/2)" hits="0" missing-branches="1730,1732" number="1729"/>
						<line hits="0" number="1730"/>
						<line hits="0" number="1732"/>
						<line branch="true" condition-coverage="0% (0/2)" hits="0" missing-branches="1734,1741" number="1733"/>
						<line hits="0" number="1734"/>
						<line branch="true" condition-coverage="0% (0/2)" hits="0" missing-branches="1737,1739" number="1735"/>
						<line branch="true" condition-coverage="0% (0/2)" hits="0" missing-branches="exit,1743" number="1737"/>
						<line hits="0" number="1739"/>
						<line hits="0" number="1741"/>
						<line hits="0" number="1743"/>
						<line branch="true" condition-coverage="0% (0/2)" hits="0" missing-branches="1745,1770" number="1744"/>
						<line hits="0" number="1745"/>
						<line hits="0" number="1746"/>
						<line hits="0" number="1750"/>
						<line hits="0" number="1754"/>
						<line branch="true" condition-coverage="0% (0/2)" hits="0" missing-branches="exit,1759" number="1755"/>
						<line branch="true" condition-coverage="0% (0/2)" hits="0" missing-branches="exit,1762" number="1759"/>
						<line branch="true" condition-coverage="0% (0/2)" hits="0" missing-branches="exit,1766" number="1762"/>
						<line hits="0" number="1766"/>
						<line hits="0" number="1767"/>
						<line hits="0" number="1768"/>
						<line hits="0" number="1770"/>
						<line hits="1" number="1772"/>
						<line hits="1" number="1773"/>
						<line hits="1" number="1789"/>
						<line branch="true" condition-coverage="50% (1/2)" hits="1" missing-branches="1791" number="1790"/>
						<line hits="0" number="1791"/>
						<line branch="true" condition-coverage="100% (2/2)" hits="1" number="1792"/>
						<line branch="true" condition-coverage="100% (2/2)" hits="1" number="1793"/>
						<line hits="1" number="1794"/>
						<line hits="1" number="1795"/>
						<line branch="true" condition-coverage="100% (2/2)" hits="1" number="1796"/>
						<line branch="true" condition-coverage="100% (2/2)" hits="1" number="1797"/>
						<line hits="1" number="1798"/>
						<line branch="true" condition-coverage="100% (2/2)" hits="1" number="1799"/>
						<line branch="true" condition-coverage="100% (2/2)" hits="1" number="1800"/>
						<line hits="1" number="1801"/>
						<line hits="1" number="1803"/>
						<line hits="1" number="1805"/>
						<line hits="1" number="1806"/>
						<line hits="1" number="1808"/>
						<line branch="true" condition-coverage="100% (2/2)" hits="1" number="1809"/>
						<line hits="1" number="1810"/>
						<line hits="1" number="1812"/>
						<line hits="1" number="1814"/>
						<line hits="1" number="1823"/>
						<line branch="true" condition-coverage="100% (2/2)" hits="1" number="1836"/>
						<line branch="true" condition-coverage="100% (2/2)" hits="1" number="1837"/>
						<line hits="1" number="1841"/>
						<line hits="1" number="1842"/>
						<line hits="1" number="1843"/>
						<line hits="1" number="1845"/>
						<line branch="true" condition-coverage="100% (2/2)" hits="1" number="1847"/>
						<line hits="1" number="1856"/>
						<line branch="true" condition-coverage="50% (1/2)" hits="1" missing-branches="exit" number="1857"/>
						<line branch="true" condition-coverage="100% (2/2)" hits="1" number="1858"/>
						<line hits="1" number="1860"/>
						<line hits="1" number="1862"/>
						<line hits="1" number="1863"/>
						<line hits="1" number="1864"/>
						<line hits="1" number="1865"/>
						<line hits="1" number="1866"/>
						<line hits="1" number="1870"/>
						<line hits="1" number="1872"/>
						<line hits="1" number="1873"/>
						<line hits="1" number="1877"/>
						<line hits="1" number="1880"/>
						<line hits="1" number="1881"/>
						<line hits="1" number="1882"/>
						<line branch="true" condition-coverage="50% (1/2)" hits="1" missing-branches="1890" number="1885"/>
						<line branch="true" condition-coverage="100% (2/2)" hits="1" number="1886"/>
						<line hits="1" number="1887"/>
						<line hits="1" number="1888"/>
						<line hits="1" number="1890"/>
						<line branch="true" condition-coverage="50% (1/2)" hits="1" missing-branches="1892" number="1891"/>
						<line branch="true" condition-coverage="0% (0/2)" hits="0" missing-branches="1893,1894" number="1892"/>
						<line hits="0" number="1893"/>
[...]
						<line hits="0" number="4697"/>
						<line branch="true" condition-coverage="0% (0/2)" hits="0" missing-branches="4701,4707" number="4700"/>
						<line hits="0" number="4701"/>
						<line hits="0" number="4707"/>
						<line hits="1" number="4710"/>
						<line hits="0" number="4720"/>
						<line hits="0" number="4721"/>
						<line hits="0" number="4723"/>
						<line hits="0" number="4725"/>
						<line hits="0" number="4726"/>
						<line hits="0" number="4727"/>
						<line hits="0" number="4730"/>
						<line branch="true" condition-coverage="0% (0/2)" hits="0" missing-branches="4734,4735" number="4733"/>
						<line hits="0" number="4734"/>
						<line branch="true" condition-coverage="0% (0/2)" hits="0" missing-branches="4736,4738" number="4735"/>
						<line hits="0" number="4736"/>
						<line hits="0" number="4738"/>
						<line hits="1" number="4741"/>
						<line hits="0" number="4751"/>
						<line hits="0" number="4752"/>
						<line hits="0" number="4753"/>
						<line hits="0" number="4754"/>
						<line branch="true" condition-coverage="0% (0/2)" hits="0" missing-branches="4756,4760" number="4755"/>
						<line hits="0" number="4756"/>
						<line hits="0" number="4757"/>
						<line hits="0" number="4760"/>
						<line branch="true" condition-coverage="0% (0/2)" hits="0" missing-branches="4762,4765" number="4761"/>
						<line hits="0" number="4762"/>
						<line hits="0" number="4765"/>
						<line branch="true" condition-coverage="0% (0/2)" hits="0" missing-branches="4769,4770" number="4768"/>
						<line hits="0" number="4769"/>
						<line branch="true" condition-coverage="0% (0/2)" hits="0" missing-branches="4771,4773" number="4770"/>
						<line hits="0" number="4771"/>
						<line hits="0" number="4773"/>
						<line hits="1" number="4776"/>
						<line hits="0" number="4786"/>
						<line branch="true" condition-coverage="0% (0/2)" hits="0" missing-branches="exit,4789" number="4787"/>
						<line branch="true" condition-coverage="0% (0/2)" hits="0" missing-branches="exit,4790" number="4789"/>
						<line hits="0" number="4790"/>
						<line hits="0" number="4791"/>
						<line branch="true" condition-coverage="0% (0/2)" hits="0" missing-branches="4795,4803" number="4794"/>
						<line branch="true" condition-coverage="0% (0/2)" hits="0" missing-branches="4796,4798" number="4795"/>
						<line branch="true" condition-coverage="0% (0/2)" hits="0" missing-branches="4794,4797" number="4796"/>
						<line hits="0" number="4797"/>
						<line branch="true" condition-coverage="0% (0/2)" hits="0" missing-branches="4794,4799" number="4798"/>
						<line branch="true" condition-coverage="0% (0/2)" hits="0" missing-branches="exit,4794" number="4799"/>
						<line branch="true" condition-coverage="0% (0/2)" hits="0" missing-branches="exit,4817" number="4803"/>
						<line branch="true" condition-coverage="0% (0/2)" hits="0" missing-branches="4789,4818" number="4817"/>
						<line hits="0" number="4818"/>
						<line hits="1" number="4823"/>
						<line hits="0" number="4833"/>
						<line branch="true" condition-coverage="0% (0/2)" hits="0" missing-branches="exit,4836" number="4834"/>
						<line branch="true" condition-coverage="0% (0/2)" hits="0" missing-branches="exit,4837" number="4836"/>
						<line hits="0" number="4837"/>
						<line hits="0" number="4838"/>
						<line hits="0" number="4839"/>
						<line branch="true" condition-coverage="0% (0/2)" hits="0" missing-branches="4842,4857" number="4841"/>
						<line branch="true" condition-coverage="0% (0/2)" hits="0" missing-branches="4843,4847" number="4842"/>
						<line branch="true" condition-coverage="0% (0/2)" hits="0" missing-branches="4844,4845" number="4843"/>
						<line hits="0" number="4844"/>
						<line branch="true" condition-coverage="0% (0/2)" hits="0" missing-branches="4841,4846" number="4845"/>
						<line hits="0" number="4846"/>
						<line branch="true" condition-coverage="0% (0/2)" hits="0" missing-branches="4841,4848" number="4847"/>
						<line branch="true" condition-coverage="0% (0/2)" hits="0" missing-branches="exit,4852" number="4848"/>
						<line branch="true" condition-coverage="0% (0/2)" hits="0" missing-branches="exit,4841" number="4852"/>
						<line branch="true" condition-coverage="0% (0/2)" hits="0" missing-branches="exit,4871" number="4857"/>
						<line branch="true" condition-coverage="0% (0/2)" hits="0" missing-branches="exit,4886" number="4871"/>
						<line branch="true" condition-coverage="0% (0/2)" hits="0" missing-branches="4836,4887" number="4886"/>
						<line hits="0" number="4887"/>
						<line hits="1" number="4892"/>
						<line hits="0" number="4900"/>
						<line branch="true" condition-coverage="0% (0/2)" hits="0" missing-branches="4902,4906" number="4901"/>
						<line hits="0" number="4902"/>
						<line hits="0" number="4905"/>
						<line hits="0" number="4906"/>
						<line hits="1" number="4909"/>
						<line hits="0" number="4917"/>
						<line hits="0" number="4918"/>
						<line branch="true" condition-coverage="0% (0/2)" hits="0" missing-branches="4920,4922" number="4919"/>
						<line hits="0" number="4920"/>
						<line hits="0" number="4921"/>
						<line branch="true" condition-coverage="0% (0/2)" hits="0" missing-branches="4923,4931" number="4922"/>
						<line hits="0" number="4923"/>
						<line branch="true" condition-coverage="0% (0/2)" hits="0" missing-branches="4925,4927" number="4924"/>
						<line hits="0" number="4925"/>
						<line hits="0" number="4927"/>
						<line branch="true" condition-coverage="0% (0/2)" hits="0" missing-branches="4922,4929" number="4928"/>
						<line branch="true" condition-coverage="0% (0/2)" hits="0" missing-branches="4922,4930" number="4929"/>
						<line hits="0" number="4930"/>
						<line hits="0" number="4931"/>
						<line hits="1" number="4934"/>
						<line hits="0" number="4942"/>
						<line hits="0" number="4943"/>
						<line branch="true" condition-coverage="0% (0/2)" hits="0" missing-branches="4945,4951" number="4944"/>
						<line branch="true" condition-coverage="0% (0/2)" hits="0" missing-branches="4944,4946" number="4945"/>
						<line branch="true" condition-coverage="0% (0/2)" hits="0" missing-branches="4944,4947" number="4946"/>
						<line branch="true" condition-coverage="0% (0/2)" hits="0" missing-branches="4946,4948" number="4947"/>
						<line hits="0" number="4948"/>
						<line hits="0" number="4949"/>
						<line hits="0" number="4951"/>
						<line branch="true" condition-coverage="0% (0/2)" hits="0" missing-branches="4953,4975" number="4952"/>
						<line branch="true" condition-coverage="0% (0/2)" hits="0" missing-branches="4954,4969" number="4953"/>
						<line hits="0" number="4954"/>
						<line hits="0" number="4955"/>
						<line branch="true" condition-coverage="0% (0/2)" hits="0" missing-branches="4960,4964" number="4959"/>
						<line branch="true" condition-coverage="0% (0/2)" hits="0" missing-branches="4962,4966" number="4960"/>
						<line hits="0" number="4962"/>
						<line branch="true" condition-coverage="0% (0/2)" hits="0" missing-branches="4965,4966" number="4964"/>
						<line hits="0" number="4965"/>
						<line hits="0" number="4966"/>
						<line hits="0" number="4967"/>
						<line branch="true" condition-coverage="0% (0/2)" hits="0" missing-branches="exit,4970" number="4969"/>
						<line branch="true" condition-coverage="0% (0/2)" hits="0" missing-branches="4971,4973" number="4970"/>
						<line hits="0" number="4971"/>
						<line hits="0" number="4973"/>
						<line hits="0" number="4975"/>
						<line hits="1" number="4978"/>
						<line hits="0" number="4987"/>
						<line hits="0" number="4988"/>
						<line branch="true" condition-coverage="0% (0/2)" hits="0" missing-branches="4990,4994" number="4989"/>
						<line hits="0" number="4990"/>
						<line branch="true" condition-coverage="0% (0/2)" hits="0" missing-branches="4989,4992" number="4991"/>
						<line hits="0" number="4992"/>
						<line hits="0" number="4994"/>
						<line hits="1" number="4996"/>
						<line hits="0" number="4997"/>
						<line branch="true" condition-coverage="0% (0/2)" hits="0" missing-branches="4999,5006" number="4998"/>
						<line hits="0" number="4999"/>
						<line hits="0" number="5000"/>
						<line branch="true" condition-coverage="0% (0/2)" hits="0" missing-branches="5002,5005" number="5001"/>
						<line branch="true" condition-coverage="0% (0/2)" hits="0" missing-branches="5001,5003" number="5002"/>
						<line hits="0" number="5003"/>
						<line hits="0" number="5004"/>
						<line hits="0" number="5005"/>
						<line hits="0" number="5006"/>
						<line hits="1" number="5008"/>
						<line hits="0" number="5009"/>
						<line hits="0" number="5010"/>
						<line hits="1" number="5013"/>
						<line branch="true" condition-coverage="0% (0/2)" hits="0" missing-branches="5025,5028" number="5024"/>
						<line hits="0" number="5025"/>
						<line hits="0" number="5028"/>
						<line hits="0" number="5031"/>
						<line hits="0" number="5032"/>
						<line hits="0" number="5035"/>
						<line hits="0" number="5036"/>
						<line hits="0" number="5038"/>
						<line hits="1" number="5046"/>
						<line hits="0" number="5058"/>
						<line branch="true" condition-coverage="0% (0/2)" hits="0" missing-branches="5060,5063" number="5059"/>
						<line hits="0" number="5060"/>
						<line hits="0" number="5063"/>
						<line hits="0" number="5064"/>
						<line hits="0" number="5070"/>
						<line branch="true" condition-coverage="0% (0/2)" hits="0" missing-branches="5072,5079" number="5071"/>
						<line hits="0" number="5072"/>
						<line branch="true" condition-coverage="0% (0/2)" hits="0" missing-branches="exit,5074" number="5073"/>
						<line hits="0" number="5074"/>
						<line hits="0" number="5075"/>
						<line hits="0" number="5079"/>
						<line hits="0" number="5080"/>
						<line hits="1" number="5083"/>
						<line hits="0" number="5093"/>
						<line branch="true" condition-coverage="0% (0/2)" hits="0" missing-branches="5095,5097" number="5094"/>
						<line hits="0" number="5095"/>
						<line hits="0" number="5097"/>
						<line hits="1" number="5100"/>
						<line branch="true" condition-coverage="0% (0/2)" hits="0" missing-branches="exit,5111" number="5110"/>
						<line hits="0" number="5111"/>
						<line hits="0" number="5112"/>
						<line branch="true" condition-coverage="0% (0/2)" hits="0" missing-branches="5114,5115" number="5113"/>
						<line hits="0" number="5114"/>
						<line hits="0" number="5115"/>
						<line hits="1" number="5118"/>
						<line branch="true" condition-coverage="0% (0/2)" hits="0" missing-branches="exit,5126" number="5125"/>
						<line hits="0" number="5126"/>
						<line hits="0" number="5127"/>
						<line hits="0" number="5128"/>
						<line branch="true" condition-coverage="0% (0/2)" hits="0" missing-branches="5125,5132" number="5131"/>
						<line hits="0" number="5132"/>
						<line hits="0" number="5133"/>
						<line branch="true" condition-coverage="0% (0/2)" hits="0" missing-branches="5131,5136" number="5135"/>
						<line hits="0" number="5136"/>
						<line hits="0" number="5139"/>
						<line hits="0" number="5140"/>
						<line branch="true" condition-coverage="0% (0/2)" hits="0" missing-branches="5144,5148" number="5143"/>
						<line hits="0" number="5144"/>
						<line hits="0" number="5148"/>
						<line hits="0" number="5151"/>
						<line hits="0" number="5154"/>
					</lines>
				</class>
				<class branch-rate="1" complexity="0" filename="version.py" line-rate="1" name="version.py">
					<methods/>
					<lines>
						<line hits="1" number="21"/>
						<line hits="1" number="27"/>
					</lines>
				</class>
				<class branch-rate="0" complexity="0" filename="views.py" line-rate="0.2404" name="views.py">
					<methods/>
					<lines>
						<line hits="1" number="21"/>
						<line hits="1" number="23"/>
						<line hits="1" number="24"/>
						<line hits="1" number="26"/>
						<line hits="1" number="27"/>
						<line hits="1" number="28"/>
						<line hits="1" number="29"/>
						<line hits="1" number="30"/>
						<line hits="1" number="31"/>
						<line hits="1" number="32"/>
						<line hits="1" number="33"/>
						<line hits="1" number="34"/>
						<line hits="1" number="35"/>
						<line hits="1" number="36"/>
						<line hits="1" number="37"/>
						<line hits="1" number="38"/>
						<line hits="1" number="39"/>
						<line hits="1" number="40"/>
						<line hits="1" number="41"/>
						<line hits="1" number="42"/>
						<line hits="1" number="43"/>
						<line hits="1" number="49"/>
						<line hits="1" number="51"/>
						<line hits="1" number="52"/>
						<line hits="1" number="53"/>
						<line hits="1" number="59"/>
						<line hits="1" number="60"/>
						<line hits="1" number="62"/>
						<line hits="1" number="69"/>
						<line hits="1" number="77"/>
						<line hits="1" number="78"/>
						<line hits="0" number="81"/>
						<line hits="0" number="82"/>
						<line hits="0" number="83"/>
						<line hits="0" number="84"/>
						<line hits="0" number="85"/>
						<line branch="true" condition-coverage="0% (0/2)" hits="0" missing-branches="95,103" number="94"/>
						<line hits="0" number="95"/>
						<line hits="0" number="97"/>
						<line hits="0" number="98"/>
						<line branch="true" condition-coverage="0% (0/2)" hits="0" missing-branches="100,103" number="99"/>
						<line hits="0" number="100"/>
						<line hits="0" number="103"/>
						<line hits="0" number="104"/>
						<line hits="0" number="109"/>
						<line hits="0" number="110"/>
						<line hits="0" number="113"/>
						<line hits="0" number="115"/>
						<line hits="0" number="117"/>
						<line hits="0" number="119"/>
						<line hits="0" number="121"/>
						<line hits="0" number="127"/>
						<line branch="true" condition-coverage="0% (0/2)" hits="0" missing-branches="132,139" number="128"/>
						<line branch="true" condition-coverage="0% (0/2)" hits="0" missing-branches="133,139" number="132"/>
						<line hits="0" number="133"/>
						<line branch="true" condition-coverage="0% (0/2)" hits="0" missing-branches="132,135" number="134"/>
						<line hits="0" number="135"/>
						<line hits="0" number="138"/>
						<line branch="true" condition-coverage="0% (0/2)" hits="0" missing-branches="140,212" number="139"/>
						<line hits="0" number="140"/>
						<line hits="0" number="141"/>
						<line hits="0" number="143"/>
						<line hits="0" number="144"/>
						<line hits="0" number="145"/>
						<line hits="0" number="161"/>
						<line branch="true" condition-coverage="0% (0/2)" hits="0" missing-branches="163,166" number="162"/>
						<line hits="0" number="163"/>
						<line hits="0" number="164"/>
						<line hits="0" number="166"/>
						<line hits="0" number="167"/>
						<line hits="0" number="170"/>
						<line hits="0" number="173"/>
						<line hits="0" number="175"/>
						<line hits="0" number="182"/>
						<line hits="0" number="183"/>
						<line hits="0" number="212"/>
						<line hits="0" number="213"/>
						<line hits="0" number="214"/>
						<line hits="0" number="215"/>
						<line hits="0" number="216"/>
						<line hits="0" number="219"/>
						<line branch="true" condition-coverage="0% (0/2)" hits="0" missing-branches="225,244" number="224"/>
						<line branch="true" condition-coverage="0% (0/2)" hits="0" missing-branches="229,234" number="225"/>
						<line hits="0" number="229"/>
						<line branch="true" condition-coverage="0% (0/2)" hits="0" missing-branches="235,244" number="234"/>
						<line hits="0" number="235"/>
						<line hits="0" number="236"/>
						<line hits="0" number="237"/>
						<line branch="true" condition-coverage="0% (0/2)" hits="0" missing-branches="239,244" number="238"/>
						<line hits="0" number="239"/>
						<line branch="true" condition-coverage="0% (0/2)" hits="0" missing-branches="241,244" number="240"/>
						<line hits="0" number="241"/>
						<line hits="0" number="244"/>
						<line hits="0" number="246"/>
						<line hits="0" number="252"/>
						<line hits="0" number="259"/>
						<line hits="0" number="265"/>
						<line hits="0" number="272"/>
						<line hits="0" number="278"/>
						<line hits="0" number="280"/>
						<line hits="1" number="302"/>
						<line hits="0" number="309"/>
						<line hits="0" number="312"/>
						<line hits="0" number="314"/>
						<line hits="0" number="317"/>
						<line hits="0" number="319"/>
						<line hits="0" number="320"/>
						<line hits="0" number="322"/>
						<line hits="0" number="323"/>
						<line hits="0" number="325"/>
						<line hits="0" number="326"/>
						<line hits="0" number="327"/>
						<line hits="0" number="328"/>
						<line hits="0" number="329"/>
						<line hits="0" number="331"/>
						<line hits="0" number="332"/>
						<line hits="0" number="333"/>
						<line hits="0" number="335"/>
						<line hits="0" number="336"/>
						<line hits="0" number="337"/>
						<line hits="0" number="342"/>
						<line hits="0" number="345"/>
						<line hits="0" number="346"/>
						<line hits="1" number="349"/>
						<line hits="1" number="350"/>
						<line hits="0" number="352"/>
						<line hits="0" number="353"/>
						<line hits="1" number="356"/>
						<line hits="1" number="357"/>
						<line hits="0" number="360"/>
						<line hits="0" number="361"/>
						<line hits="1" number="364"/>
						<line hits="1" number="365"/>
						<line hits="0" number="367"/>
						<line hits="1" number="370"/>
						<line hits="1" number="371"/>
						<line hits="0" number="373"/>
						<line hits="0" number="374"/>
						<line branch="true" condition-coverage="0% (0/2)" hits="0" missing-branches="376,387" number="375"/>
						<line hits="0" number="376"/>
						<line hits="0" number="377"/>
						<line hits="0" number="378"/>
						<line branch="true" condition-coverage="0% (0/2)" hits="0" missing-branches="380,384" number="379"/>
						<line hits="0" number="380"/>
						<line hits="0" number="384"/>
						<line hits="0" number="387"/>
						<line hits="1" number="390"/>
						<line hits="0" number="393"/>
						<line hits="0" number="394"/>
						<line hits="0" number="395"/>
						<line hits="0" number="408"/>
						<line hits="1" number="411"/>
						<line hits="0" number="414"/>
						<line hits="0" number="415"/>
						<line branch="true" condition-coverage="0% (0/2)" hits="0" missing-branches="exit,418" number="416"/>
						<line branch="true" condition-coverage="0% (0/2)" hits="0" missing-branches="419,434" number="418"/>
						<line hits="0" number="419"/>
						<line branch="true" condition-coverage="0% (0/2)" hits="0" missing-branches="432,479" number="431"/>
						<line hits="0" number="432"/>
						<line hits="0" number="434"/>
						<line hits="0" number="435"/>
						<line hits="0" number="436"/>
						<line hits="0" number="437"/>
						<line branch="true" condition-coverage="0% (0/2)" hits="0" missing-branches="439,442" number="438"/>
						<line hits="0" number="439"/>
						<line hits="0" number="440"/>
						<line hits="0" number="442"/>
						<line hits="0" number="443"/>
						<line hits="0" number="474"/>
						<line branch="true" condition-coverage="0% (0/2)" hits="0" missing-branches="476,479" number="475"/>
						<line hits="0" number="476"/>
						<line hits="0" number="477"/>
						<line hits="0" number="478"/>
						<line hits="0" number="479"/>
						<line hits="1" number="481"/>
						<line hits="1" number="482"/>
						<line hits="0" number="484"/>
						<line branch="true" condition-coverage="0% (0/2)" hits="0" missing-branches="486,490" number="485"/>
						<line hits="0" number="486"/>
						<line hits="0" number="487"/>
						<line hits="0" number="488"/>
						<line hits="0" number="489"/>
						<line hits="0" number="490"/>
					</lines>
				</class>
			</classes>
		</package>
	</packages>
</coverage>
