<?xml version="1.0" ?>
<coverage branch-rate="0.1186" branches-covered="196" branches-valid="1652" complexity="0" line-rate="0.2334" lines-covered="804" lines-valid="3445" timestamp="1738549732957" version="6.2">
	<!-- Generated by coverage.py: https://coverage.readthedocs.io -->
	<!-- Based on https://raw.githubusercontent.com/cobertura/web/master/htdocs/xml/coverage-04.dtd -->
	<sources>
		<source>/code/modules/weko-items-ui/weko_items_ui</source>
	</sources>
	<packages>
		<package branch-rate="0.1186" complexity="0" line-rate="0.2334" name=".">
			<classes>
				<class branch-rate="1" complexity="0" filename="__init__.py" line-rate="1" name="__init__.py">
					<methods/>
					<lines>
						<line hits="1" number="21"/>
						<line hits="1" number="23"/>
						<line hits="1" number="24"/>
						<line hits="1" number="25"/>
						<line hits="1" number="27"/>
					</lines>
				</class>
				<class branch-rate="0" complexity="0" filename="api.py" line-rate="0.16" name="api.py">
					<methods/>
					<lines>
						<line hits="1" number="16"/>
						<line hits="1" number="18"/>
						<line hits="1" number="19"/>
						<line hits="1" number="20"/>
						<line hits="1" number="21"/>
						<line hits="1" number="22"/>
						<line hits="1" number="24"/>
						<line hits="1" number="27"/>
						<line hits="0" number="36"/>
						<line hits="0" number="37"/>
						<line hits="0" number="38"/>
						<line hits="0" number="39"/>
						<line hits="0" number="40"/>
						<line hits="0" number="41"/>
						<line hits="0" number="42"/>
						<line hits="0" number="43"/>
						<line hits="0" number="44"/>
						<line hits="0" number="45"/>
						<line hits="0" number="46"/>
						<line hits="0" number="47"/>
						<line hits="0" number="48"/>
						<line hits="0" number="49"/>
						<line hits="0" number="50"/>
						<line hits="0" number="55"/>
						<line hits="0" number="56"/>
						<line branch="true" condition-coverage="0% (0/2)" hits="0" missing-branches="59,60" number="58"/>
						<line hits="0" number="59"/>
						<line branch="true" condition-coverage="0% (0/2)" hits="0" missing-branches="61,77" number="60"/>
						<line hits="0" number="61"/>
						<line hits="0" number="62"/>
						<line branch="true" condition-coverage="0% (0/2)" hits="0" missing-branches="64,77" number="63"/>
						<line hits="0" number="64"/>
						<line branch="true" condition-coverage="0% (0/2)" hits="0" missing-branches="66,67" number="65"/>
						<line hits="0" number="66"/>
						<line branch="true" condition-coverage="0% (0/2)" hits="0" missing-branches="68,74" number="67"/>
						<line hits="0" number="68"/>
						<line branch="true" condition-coverage="0% (0/2)" hits="0" missing-branches="exit,74" number="69"/>
						<line branch="true" condition-coverage="0% (0/2)" hits="0" missing-branches="75,77" number="74"/>
						<line hits="0" number="75"/>
						<line hits="0" number="77"/>
						<line branch="true" condition-coverage="0% (0/2)" hits="0" missing-branches="80,98" number="79"/>
						<line hits="0" number="80"/>
						<line branch="true" condition-coverage="0% (0/2)" hits="0" missing-branches="exit,87" number="81"/>
						<line hits="0" number="87"/>
						<line branch="true" condition-coverage="0% (0/2)" hits="0" missing-branches="93,98" number="92"/>
						<line hits="0" number="93"/>
						<line hits="0" number="94"/>
						<line hits="0" number="95"/>
						<line hits="0" number="96"/>
						<line hits="0" number="98"/>
					</lines>
				</class>
				<class branch-rate="1" complexity="0" filename="bundles.py" line-rate="1" name="bundles.py">
					<methods/>
					<lines>
						<line hits="1" number="21"/>
						<line hits="1" number="23"/>
						<line hits="1" number="24"/>
						<line hits="1" number="26"/>
						<line hits="1" number="33"/>
						<line hits="1" number="39"/>
						<line hits="1" number="43"/>
						<line hits="1" number="48"/>
						<line hits="1" number="54"/>
						<line hits="1" number="62"/>
						<line hits="1" number="67"/>
						<line hits="1" number="72"/>
						<line hits="1" number="79"/>
						<line hits="1" number="85"/>
						<line hits="1" number="90"/>
					</lines>
				</class>
				<class branch-rate="1" complexity="0" filename="config.py" line-rate="1" name="config.py">
					<methods/>
					<lines>
						<line hits="1" number="21"/>
						<line hits="1" number="22"/>
						<line hits="1" number="24"/>
						<line hits="1" number="27"/>
						<line hits="1" number="30"/>
						<line hits="1" number="33"/>
						<line hits="1" number="36"/>
						<line hits="1" number="39"/>
						<line hits="1" number="42"/>
						<line hits="1" number="45"/>
						<line hits="1" number="48"/>
						<line hits="1" number="52"/>
						<line hits="1" number="56"/>
						<line hits="1" number="58"/>
						<line hits="1" number="60"/>
						<line hits="1" number="63"/>
						<line hits="1" number="72"/>
						<line hits="1" number="75"/>
						<line hits="1" number="78"/>
						<line hits="1" number="79"/>
						<line hits="1" number="80"/>
						<line hits="1" number="81"/>
						<line hits="1" number="82"/>
						<line hits="1" number="83"/>
						<line hits="1" number="84"/>
						<line hits="1" number="85"/>
						<line hits="1" number="88"/>
						<line hits="1" number="90"/>
						<line hits="1" number="92"/>
						<line hits="1" number="94"/>
						<line hits="1" number="96"/>
						<line hits="1" number="98"/>
						<line hits="1" number="100"/>
						<line hits="1" number="102"/>
						<line hits="1" number="104"/>
						<line hits="1" number="106"/>
						<line hits="1" number="109"/>
						<line hits="1" number="112"/>
						<line hits="1" number="115"/>
						<line hits="1" number="118"/>
						<line hits="1" number="121"/>
						<line hits="1" number="123"/>
						<line hits="1" number="125"/>
						<line hits="1" number="127"/>
						<line hits="1" number="129"/>
						<line hits="1" number="130"/>
						<line hits="1" number="131"/>
						<line hits="1" number="132"/>
						<line hits="1" number="133"/>
						<line hits="1" number="134"/>
						<line hits="1" number="135"/>
						<line hits="1" number="136"/>
						<line hits="1" number="138"/>
						<line hits="1" number="140"/>
						<line hits="1" number="142"/>
						<line hits="1" number="144"/>
						<line hits="1" number="146"/>
						<line hits="1" number="149"/>
						<line hits="1" number="182"/>
						<line hits="1" number="189"/>
						<line hits="1" number="191"/>
						<line hits="1" number="193"/>
						<line hits="1" number="195"/>
						<line hits="1" number="198"/>
						<line hits="1" number="206"/>
						<line hits="1" number="208"/>
						<line hits="1" number="210"/>
						<line hits="1" number="261"/>
						<line hits="1" number="270"/>
					</lines>
				</class>
				<class branch-rate="1" complexity="0" filename="errors.py" line-rate="1" name="errors.py">
					<methods/>
					<lines>
						<line hits="1" number="25"/>
						<line hits="1" number="26"/>
						<line branch="true" condition-coverage="100% (2/2)" hits="1" number="28"/>
						<line hits="1" number="31"/>
						<line hits="1" number="32"/>
						<line branch="true" condition-coverage="100% (2/2)" hits="1" number="34"/>
						<line hits="1" number="37"/>
						<line hits="1" number="38"/>
						<line branch="true" condition-coverage="100% (2/2)" hits="1" number="40"/>
						<line hits="1" number="43"/>
						<line hits="1" number="44"/>
						<line branch="true" condition-coverage="100% (2/2)" hits="1" number="46"/>
						<line hits="1" number="49"/>
						<line hits="1" number="50"/>
						<line branch="true" condition-coverage="100% (2/2)" hits="1" number="52"/>
						<line hits="1" number="55"/>
						<line hits="1" number="56"/>
					</lines>
				</class>
				<class branch-rate="0.85" complexity="0" filename="ext.py" line-rate="0.9737" name="ext.py">
					<methods/>
					<lines>
						<line hits="1" number="21"/>
						<line hits="1" number="23"/>
						<line branch="true" condition-coverage="100% (2/2)" hits="1" number="26"/>
						<line hits="1" number="29"/>
						<line hits="1" number="35"/>
						<line hits="1" number="36"/>
						<line branch="true" condition-coverage="100% (2/2)" hits="1" number="39"/>
						<line hits="1" number="42"/>
						<line branch="true" condition-coverage="50% (1/2)" hits="1" missing-branches="exit" number="47"/>
						<line hits="1" number="48"/>
						<line hits="1" number="50"/>
						<line hits="1" number="55"/>
						<line hits="1" number="56"/>
						<line hits="1" number="57"/>
						<line hits="1" number="58"/>
						<line hits="1" number="59"/>
						<line hits="1" number="60"/>
						<line hits="1" number="61"/>
						<line hits="1" number="63"/>
						<line branch="true" condition-coverage="50% (1/2)" hits="1" missing-branches="70" number="69"/>
						<line hits="0" number="70"/>
						<line branch="true" condition-coverage="100% (2/2)" hits="1" number="74"/>
						<line branch="true" condition-coverage="100% (2/2)" hits="1" number="75"/>
						<line hits="1" number="76"/>
						<line branch="true" condition-coverage="100% (2/2)" hits="1" number="78"/>
						<line hits="1" number="81"/>
						<line branch="true" condition-coverage="50% (1/2)" hits="1" missing-branches="exit" number="86"/>
						<line hits="1" number="87"/>
						<line hits="1" number="89"/>
						<line hits="1" number="97"/>
						<line hits="1" number="98"/>
						<line hits="1" number="99"/>
						<line hits="1" number="102"/>
						<line hits="1" number="103"/>
						<line hits="1" number="105"/>
						<line branch="true" condition-coverage="100% (2/2)" hits="1" number="110"/>
						<line branch="true" condition-coverage="100% (2/2)" hits="1" number="111"/>
						<line hits="1" number="112"/>
					</lines>
				</class>
				<class branch-rate="1" complexity="0" filename="permissions.py" line-rate="0.6667" name="permissions.py">
					<methods/>
					<lines>
						<line hits="1" number="21"/>
						<line hits="1" number="23"/>
						<line hits="1" number="24"/>
						<line hits="1" number="26"/>
						<line hits="1" number="27"/>
						<line hits="1" number="30"/>
						<line hits="0" number="32"/>
						<line hits="0" number="33"/>
						<line hits="0" number="34"/>
					</lines>
				</class>
				<class branch-rate="0.5" complexity="0" filename="proxies.py" line-rate="1" name="proxies.py">
					<methods/>
					<lines>
						<line hits="1" number="21"/>
						<line hits="1" number="23"/>
						<line hits="1" number="24"/>
						<line branch="true" condition-coverage="50% (1/2)" hits="1" missing-branches="exit" number="26"/>
						<line hits="1" number="28"/>
					</lines>
				</class>
				<class branch-rate="0.1071" complexity="0" filename="rest.py" line-rate="0.3377" name="rest.py">
					<methods/>
					<lines>
						<line hits="1" number="21"/>
						<line hits="1" number="23"/>
						<line hits="1" number="24"/>
						<line hits="1" number="25"/>
						<line hits="1" number="26"/>
						<line hits="1" number="28"/>
						<line hits="1" number="29"/>
						<line hits="1" number="30"/>
						<line hits="1" number="31"/>
						<line hits="1" number="32"/>
						<line hits="1" number="33"/>
						<line hits="1" number="34"/>
						<line hits="1" number="35"/>
						<line hits="1" number="36"/>
						<line hits="1" number="37"/>
						<line hits="1" number="38"/>
						<line hits="1" number="39"/>
						<line hits="1" number="40"/>
						<line hits="1" number="41"/>
						<line hits="1" number="42"/>
						<line hits="1" number="44"/>
						<line hits="1" number="46"/>
						<line hits="1" number="48"/>
						<line hits="1" number="49"/>
						<line hits="1" number="51"/>
						<line hits="1" number="54"/>
						<line hits="1" number="56"/>
						<line hits="1" number="59"/>
						<line hits="1" number="62"/>
						<line hits="1" number="70"/>
						<line hits="1" number="76"/>
						<line hits="0" number="78"/>
						<line branch="true" condition-coverage="0% (0/2)" hits="0" missing-branches="80,84" number="79"/>
						<line hits="0" number="80"/>
						<line hits="0" number="81"/>
						<line hits="0" number="82"/>
						<line hits="0" number="83"/>
						<line hits="0" number="84"/>
						<line hits="1" number="86"/>
						<line branch="true" condition-coverage="100% (2/2)" hits="1" number="88"/>
						<line hits="1" number="90"/>
						<line hits="1" number="94"/>
						<line hits="1" number="98"/>
						<line hits="1" number="103"/>
						<line hits="1" number="108"/>
						<line branch="true" condition-coverage="100% (2/2)" hits="1" number="111"/>
						<line hits="1" number="114"/>
						<line hits="1" number="116"/>
						<line hits="0" number="118"/>
						<line hits="1" number="123"/>
						<line hits="1" number="124"/>
						<line hits="1" number="125"/>
						<line hits="0" number="128"/>
						<line hits="0" number="129"/>
						<line branch="true" condition-coverage="0% (0/3)" hits="0" missing-branches="exit,131,133" number="130"/>
						<line hits="0" number="131"/>
						<line hits="0" number="133"/>
						<line hits="1" number="135"/>
						<line hits="0" number="136"/>
						<line hits="0" number="138"/>
						<line branch="true" condition-coverage="0% (0/2)" hits="0" missing-branches="141,152" number="140"/>
						<line hits="0" number="141"/>
						<line hits="0" number="142"/>
						<line hits="0" number="143"/>
						<line hits="0" number="144"/>
						<line hits="0" number="145"/>
						<line hits="0" number="146"/>
						<line hits="0" number="147"/>
						<line hits="0" number="148"/>
						<line hits="0" number="149"/>
						<line branch="true" condition-coverage="0% (0/2)" hits="0" missing-branches="153,155" number="152"/>
						<line hits="0" number="153"/>
						<line branch="true" condition-coverage="0% (0/2)" hits="0" missing-branches="156,158" number="155"/>
						<line hits="0" number="156"/>
						<line branch="true" condition-coverage="0% (0/2)" hits="0" missing-branches="159,163" number="158"/>
						<line branch="true" condition-coverage="0% (0/2)" hits="0" missing-branches="158,160" number="159"/>
						<line hits="0" number="160"/>
						<line hits="0" number="163"/>
						<line branch="true" condition-coverage="0% (0/2)" hits="0" missing-branches="165,166" number="164"/>
						<line hits="0" number="165"/>
						<line hits="0" number="166"/>
						<line branch="true" condition-coverage="0% (0/2)" hits="0" missing-branches="168,169" number="167"/>
						<line hits="0" number="168"/>
						<line hits="0" number="169"/>
						<line branch="true" condition-coverage="0% (0/2)" hits="0" missing-branches="171,174" number="170"/>
						<line hits="0" number="171"/>
						<line hits="0" number="174"/>
						<line hits="0" number="175"/>
						<line hits="0" number="181"/>
						<line hits="0" number="182"/>
						<line hits="0" number="185"/>
						<line hits="0" number="188"/>
						<line hits="0" number="192"/>
						<line hits="0" number="193"/>
						<line branch="true" condition-coverage="0% (0/2)" hits="0" missing-branches="196,198" number="195"/>
						<line hits="0" number="196"/>
						<line branch="true" condition-coverage="0% (0/2)" hits="0" missing-branches="199,201" number="198"/>
						<line hits="0" number="199"/>
						<line branch="true" condition-coverage="0% (0/2)" hits="0" missing-branches="202,204" number="201"/>
						<line hits="0" number="202"/>
						<line hits="0" number="204"/>
						<line hits="0" number="205"/>
						<line hits="0" number="206"/>
						<line branch="true" condition-coverage="100% (2/2)" hits="1" number="209"/>
						<line hits="1" number="212"/>
						<line hits="1" number="214"/>
						<line hits="0" number="216"/>
						<line hits="1" number="221"/>
						<line hits="1" number="222"/>
						<line hits="1" number="223"/>
						<line hits="0" number="226"/>
						<line hits="0" number="227"/>
						<line branch="true" condition-coverage="0% (0/3)" hits="0" missing-branches="exit,229,231" number="228"/>
						<line hits="0" number="229"/>
						<line hits="0" number="231"/>
						<line hits="1" number="233"/>
						<line hits="0" number="234"/>
						<line hits="0" number="235"/>
						<line hits="0" number="238"/>
						<line hits="0" number="239"/>
						<line branch="true" condition-coverage="0% (0/2)" hits="0" missing-branches="243,246" number="242"/>
						<line hits="0" number="243"/>
						<line hits="0" number="246"/>
						<line hits="0" number="247"/>
						<line branch="true" condition-coverage="0% (0/2)" hits="0" missing-branches="249,250" number="248"/>
						<line hits="0" number="249"/>
						<line branch="true" condition-coverage="0% (0/2)" hits="0" missing-branches="exit,253" number="250"/>
						<line hits="0" number="253"/>
						<line branch="true" condition-coverage="0% (0/2)" hits="0" missing-branches="257,263" number="256"/>
						<line hits="0" number="257"/>
						<line branch="true" condition-coverage="0% (0/2)" hits="0" missing-branches="259,260" number="258"/>
						<line hits="0" number="259"/>
						<line hits="0" number="260"/>
						<line hits="0" number="263"/>
						<line branch="true" condition-coverage="0% (0/2)" hits="0" missing-branches="267,273" number="266"/>
						<line branch="true" condition-coverage="0% (0/2)" hits="0" missing-branches="268,271" number="267"/>
						<line branch="true" condition-coverage="0% (0/2)" hits="0" missing-branches="269,273" number="268"/>
						<line hits="0" number="269"/>
						<line hits="0" number="271"/>
						<line hits="0" number="273"/>
						<line hits="0" number="274"/>
						<line hits="0" number="283"/>
						<line hits="0" number="284"/>
						<line hits="0" number="287"/>
						<line hits="0" number="290"/>
						<line hits="0" number="295"/>
						<line hits="0" number="297"/>
						<line branch="true" condition-coverage="0% (0/2)" hits="0" missing-branches="301,303" number="299"/>
						<line hits="0" number="301"/>
						<line branch="true" condition-coverage="0% (0/2)" hits="0" missing-branches="304,306" number="303"/>
						<line hits="0" number="304"/>
						<line hits="0" number="306"/>
						<line hits="0" number="307"/>
						<line hits="0" number="308"/>
					</lines>
				</class>
				<class branch-rate="1" complexity="0" filename="scopes.py" line-rate="1" name="scopes.py">
					<methods/>
					<lines>
						<line hits="1" number="25"/>
						<line hits="1" number="27"/>
						<line hits="1" number="29"/>
						<line hits="1" number="30"/>
						<line hits="1" number="33"/>
						<line hits="1" number="41"/>
						<line hits="1" number="46"/>
					</lines>
				</class>
				<class branch-rate="0.1218" complexity="0" filename="utils.py" line-rate="0.1935" name="utils.py">
					<methods/>
					<lines>
						<line hits="1" number="21"/>
						<line hits="1" number="23"/>
						<line hits="1" number="24"/>
						<line hits="1" number="25"/>
						<line hits="1" number="26"/>
						<line hits="1" number="27"/>
						<line hits="1" number="28"/>
						<line hits="1" number="29"/>
						<line hits="1" number="30"/>
						<line hits="1" number="31"/>
						<line hits="1" number="32"/>
						<line hits="1" number="33"/>
						<line hits="1" number="34"/>
						<line hits="1" number="35"/>
						<line hits="1" number="37"/>
						<line hits="1" number="38"/>
						<line hits="1" number="39"/>
						<line hits="1" number="40"/>
						<line hits="1" number="41"/>
						<line hits="1" number="42"/>
						<line hits="1" number="44"/>
						<line hits="1" number="45"/>
						<line hits="1" number="46"/>
						<line hits="1" number="47"/>
						<line hits="1" number="48"/>
						<line hits="1" number="49"/>
						<line hits="1" number="50"/>
						<line hits="1" number="51"/>
						<line hits="1" number="52"/>
						<line hits="1" number="53"/>
						<line hits="1" number="54"/>
						<line hits="1" number="55"/>
						<line hits="1" number="56"/>
						<line hits="1" number="57"/>
						<line hits="1" number="58"/>
						<line hits="1" number="59"/>
						<line hits="1" number="60"/>
						<line hits="1" number="61"/>
						<line hits="1" number="62"/>
						<line hits="1" number="64"/>
						<line hits="1" number="65"/>
						<line hits="1" number="66"/>
						<line hits="1" number="67"/>
						<line hits="1" number="68"/>
						<line hits="1" number="69"/>
						<line hits="1" number="70"/>
						<line hits="1" number="72"/>
						<line hits="1" number="73"/>
						<line hits="1" number="74"/>
						<line hits="1" number="75"/>
						<line hits="1" number="76"/>
						<line hits="1" number="78"/>
						<line hits="1" number="79"/>
						<line hits="1" number="80"/>
						<line hits="1" number="81"/>
						<line hits="1" number="83"/>
						<line hits="1" number="84"/>
						<line hits="1" number="85"/>
						<line hits="1" number="86"/>
						<line hits="1" number="88"/>
						<line hits="1" number="89"/>
						<line hits="1" number="91"/>
						<line hits="1" number="94"/>
						<line hits="0" number="101"/>
						<line hits="0" number="102"/>
						<line hits="0" number="103"/>
						<line hits="0" number="105"/>
						<line hits="0" number="106"/>
						<line branch="true" condition-coverage="0% (0/2)" hits="0" missing-branches="108,112" number="107"/>
						<line hits="0" number="108"/>
						<line branch="true" condition-coverage="0% (0/2)" hits="0" missing-branches="107,110" number="109"/>
						<line hits="0" number="110"/>
						<line hits="0" number="112"/>
						<line hits="1" number="115"/>
						<line hits="0" number="121"/>
						<line hits="0" number="122"/>
						<line hits="0" number="123"/>
						<line branch="true" condition-coverage="0% (0/2)" hits="0" missing-branches="125,144" number="124"/>
						<line hits="0" number="125"/>
						<line branch="true" condition-coverage="0% (0/2)" hits="0" missing-branches="124,127" number="126"/>
						<line hits="0" number="127"/>
						<line hits="0" number="144"/>
						<line hits="1" number="147"/>
						<line hits="0" number="158"/>
						<line hits="0" number="159"/>
						<line hits="0" number="160"/>
						<line hits="0" number="161"/>
						<line hits="0" number="163"/>
						<line hits="0" number="164"/>
						<line hits="0" number="165"/>
						<line hits="0" number="167"/>
						<line hits="0" number="168"/>
						<line hits="0" number="170"/>
						<line branch="true" condition-coverage="0% (0/2)" hits="0" missing-branches="173,178" number="172"/>
						<line branch="true" condition-coverage="0% (0/2)" hits="0" missing-branches="172,174" number="173"/>
						<line hits="0" number="174"/>
						<line hits="0" number="175"/>
						<line hits="0" number="176"/>
						<line hits="0" number="177"/>
						<line hits="0" number="178"/>
						<line hits="0" number="179"/>
						<line hits="0" number="180"/>
						<line hits="1" number="183"/>
						<line hits="0" number="199"/>
						<line hits="0" number="204"/>
						<line hits="0" number="205"/>
						<line hits="0" number="206"/>
						<line hits="0" number="208"/>
						<line hits="0" number="209"/>
						<line hits="0" number="210"/>
						<line hits="0" number="212"/>
						<line hits="0" number="213"/>
						<line hits="0" number="215"/>
						<line branch="true" condition-coverage="0% (0/2)" hits="0" missing-branches="218,222" number="217"/>
						<line branch="true" condition-coverage="0% (0/2)" hits="0" missing-branches="217,219" number="218"/>
						<line hits="0" number="219"/>
						<line hits="0" number="220"/>
						<line branch="true" condition-coverage="0% (0/2)" hits="0" missing-branches="223,229" number="222"/>
						<line hits="0" number="223"/>
						<line hits="0" number="224"/>
						<line hits="0" number="225"/>
						<line hits="0" number="226"/>
						<line hits="0" number="227"/>
						<line hits="0" number="228"/>
						<line hits="0" number="229"/>
						<line hits="0" number="230"/>
						<line hits="0" number="231"/>
						<line hits="0" number="233"/>
						<line hits="1" number="236"/>
						<line hits="0" number="248"/>
						<line hits="0" number="249"/>
						<line hits="0" number="250"/>
						<line hits="0" number="251"/>
						<line hits="0" number="252"/>
						<line hits="0" number="254"/>
						<line hits="0" number="255"/>
						<line hits="0" number="257"/>
						<line branch="true" condition-coverage="0% (0/2)" hits="0" missing-branches="259,268" number="258"/>
						<line branch="true" condition-coverage="0% (0/2)" hits="0" missing-branches="258,260" number="259"/>
						<line hits="0" number="260"/>
						<line branch="true" condition-coverage="0% (0/2)" hits="0" missing-branches="262,264" number="261"/>
						<line hits="0" number="262"/>
						<line hits="0" number="264"/>
						<line hits="0" number="265"/>
						<line hits="0" number="266"/>
						<line hits="0" number="267"/>
						<line hits="0" number="268"/>
						<line hits="0" number="269"/>
						<line hits="0" number="270"/>
						<line hits="1" number="273"/>
						<line hits="0" number="285"/>
						<line hits="0" number="290"/>
						<line branch="true" condition-coverage="0% (0/2)" hits="0" missing-branches="292,295" number="291"/>
						<line hits="0" number="292"/>
						<line hits="0" number="293"/>
						<line hits="0" number="295"/>
						<line hits="0" number="296"/>
						<line hits="0" number="297"/>
						<line hits="0" number="299"/>
						<line hits="0" number="300"/>
						<line hits="0" number="302"/>
						<line branch="true" condition-coverage="0% (0/2)" hits="0" missing-branches="305,309" number="304"/>
						<line branch="true" condition-coverage="0% (0/2)" hits="0" missing-branches="304,306" number="305"/>
						<line hits="0" number="306"/>
						<line hits="0" number="307"/>
						<line hits="0" number="309"/>
						<line hits="1" number="312"/>
						<line hits="0" number="322"/>
						<line branch="true" condition-coverage="0% (0/2)" hits="0" missing-branches="324,325" number="323"/>
						<line hits="0" number="324"/>
						<line branch="true" condition-coverage="0% (0/2)" hits="0" missing-branches="326,327" number="325"/>
						<line hits="0" number="326"/>
						<line hits="0" number="327"/>
						<line hits="1" number="330"/>
						<line hits="0" number="337"/>
						<line hits="0" number="338"/>
						<line hits="1" number="341"/>
						<line branch="true" condition-coverage="0% (0/2)" hits="0" missing-branches="352,355" number="351"/>
						<line hits="0" number="352"/>
						<line hits="0" number="355"/>
						<line branch="true" condition-coverage="0% (0/2)" hits="0" missing-branches="357,359" number="356"/>
						<line hits="0" number="357"/>
						<line hits="0" number="359"/>
						<line hits="0" number="360"/>
						<line hits="0" number="361"/>
						<line branch="true" condition-coverage="0% (0/2)" hits="0" missing-branches="364,398" number="362"/>
						<line branch="true" condition-coverage="0% (0/2)" hits="0" missing-branches="366,372" number="364"/>
						<line branch="true" condition-coverage="0% (0/2)" hits="0" missing-branches="367,370" number="366"/>
						<line hits="0" number="367"/>
						<line hits="0" number="370"/>
						<line hits="0" number="372"/>
						<line hits="0" number="374"/>
						<line branch="true" condition-coverage="0% (0/2)" hits="0" missing-branches="376,393" number="375"/>
						<line branch="true" condition-coverage="0% (0/2)" hits="0" missing-branches="377,381" number="376"/>
						<line branch="true" condition-coverage="0% (0/2)" hits="0" missing-branches="375,378" number="377"/>
						<line hits="0" number="378"/>
						<line hits="0" number="379"/>
						<line branch="true" condition-coverage="0% (0/2)" hits="0" missing-branches="382,384" number="381"/>
						<line hits="0" number="382"/>
						<line hits="0" number="383"/>
						<line branch="true" condition-coverage="0% (0/2)" hits="0" missing-branches="385,386" number="384"/>
						<line hits="0" number="385"/>
						<line branch="true" condition-coverage="0% (0/2)" hits="0" missing-branches="388,392" number="386"/>
						<line hits="0" number="388"/>
						<line hits="0" number="389"/>
						<line hits="0" number="390"/>
						<line hits="0" number="392"/>
						<line branch="true" condition-coverage="0% (0/2)" hits="0" missing-branches="394,396" number="393"/>
						<line hits="0" number="394"/>
						<line hits="0" number="396"/>
						<line hits="0" number="398"/>
						<line hits="1" number="401"/>
						<line branch="true" condition-coverage="0% (0/2)" hits="0" missing-branches="414,416" number="413"/>
						<line hits="0" number="414"/>
						<line hits="0" number="416"/>
						<line hits="0" number="417"/>
						<line hits="0" number="418"/>
						<line branch="true" condition-coverage="0% (0/2)" hits="0" missing-branches="420,473" number="419"/>
						<line branch="true" condition-coverage="0% (0/2)" hits="0" missing-branches="421,423" number="420"/>
						<line hits="0" number="421"/>
						<line hits="0" number="423"/>
						<line hits="0" number="424"/>
						<line hits="0" number="427"/>
						<line hits="0" number="428"/>
						<line branch="true" condition-coverage="0% (0/2)" hits="0" missing-branches="431,432" number="429"/>
						<line hits="0" number="431"/>
						<line branch="true" condition-coverage="0% (0/2)" hits="0" missing-branches="433,435" number="432"/>
						<line hits="0" number="433"/>
						<line hits="0" number="435"/>
						<line hits="0" number="436"/>
						<line branch="true" condition-coverage="0% (0/2)" hits="0" missing-branches="438,441" number="437"/>
						<line branch="true" condition-coverage="0% (0/2)" hits="0" missing-branches="437,439" number="438"/>
						<line hits="0" number="439"/>
						<line hits="0" number="440"/>
						<line hits="0" number="441"/>
						<line hits="0" number="442"/>
						<line hits="0" number="444"/>
						<line hits="0" number="445"/>
						<line branch="true" condition-coverage="0% (0/2)" hits="0" missing-branches="419,448" number="447"/>
						<line branch="true" condition-coverage="0% (0/2)" hits="0" missing-branches="449,464" number="448"/>
						<line branch="true" condition-coverage="0% (0/2)" hits="0" missing-branches="450,458" number="449"/>
						<line hits="0" number="450"/>
						<line hits="0" number="456"/>
						<line hits="0" number="458"/>
						<line hits="0" number="464"/>
						<line hits="0" number="471"/>
						<line hits="0" number="473"/>
						<line hits="1" number="475"/>
						<line branch="true" condition-coverage="0% (0/2)" hits="0" missing-branches="498,500" number="497"/>
						<line hits="0" number="498"/>
						<line hits="0" number="499"/>
						<line branch="true" condition-coverage="0% (0/2)" hits="0" missing-branches="501,503" number="500"/>
						<line hits="0" number="501"/>
						<line hits="0" number="502"/>
						<line branch="true" condition-coverage="0% (0/2)" hits="0" missing-branches="504,510" number="503"/>
						<line hits="0" number="504"/>
						<line hits="0" number="505"/>
						<line branch="true" condition-coverage="0% (0/2)" hits="0" missing-branches="507,508" number="506"/>
						<line hits="0" number="507"/>
						<line hits="0" number="508"/>
						<line branch="true" condition-coverage="0% (0/2)" hits="0" missing-branches="511,525" number="510"/>
						<line branch="true" condition-coverage="0% (0/2)" hits="0" missing-branches="512,519" number="511"/>
						<line hits="0" number="512"/>
						<line hits="0" number="519"/>
						<line hits="0" number="525"/>
						<line hits="0" number="533"/>
						<line hits="1" number="537"/>
						<line hits="0" number="542"/>
						<line branch="true" condition-coverage="0% (0/2)" hits="0" missing-branches="545,546" number="543"/>
						<line hits="0" number="545"/>
						<line branch="true" condition-coverage="0% (0/2)" hits="0" missing-branches="547,558" number="546"/>
						<line hits="0" number="547"/>
						<line hits="0" number="548"/>
						<line hits="0" number="549"/>
						<line hits="0" number="550"/>
						<line hits="0" number="551"/>
						<line hits="0" number="552"/>
						<line hits="0" number="553"/>
						<line branch="true" condition-coverage="0% (0/2)" hits="0" missing-branches="555,556" number="554"/>
						<line hits="0" number="555"/>
						<line hits="0" number="556"/>
						<line hits="0" number="557"/>
						<line hits="0" number="558"/>
						<line hits="1" number="561"/>
						<line hits="0" number="566"/>
						<line branch="true" condition-coverage="0% (0/2)" hits="0" missing-branches="569,570" number="567"/>
						<line hits="0" number="569"/>
						<line branch="true" condition-coverage="0% (0/2)" hits="0" missing-branches="571,573" number="570"/>
						<line branch="true" condition-coverage="0% (0/2)" hits="0" missing-branches="570,572" number="571"/>
						<line hits="0" number="572"/>
						<line hits="0" number="573"/>
						<line hits="1" number="576"/>
						<line hits="0" number="588"/>
						<line hits="0" number="589"/>
						<line branch="true" condition-coverage="0% (0/2)" hits="0" missing-branches="591,592" number="590"/>
						<line hits="0" number="591"/>
						<line hits="0" number="592"/>
						<line hits="0" number="594"/>
						<line hits="0" number="595"/>
						<line branch="true" condition-coverage="0% (0/2)" hits="0" missing-branches="597,601" number="596"/>
						<line branch="true" condition-coverage="0% (0/2)" hits="0" missing-branches="598,599" number="597"/>
						<line hits="0" number="598"/>
						<line branch="true" condition-coverage="0% (0/2)" hits="0" missing-branches="600,601" number="599"/>
						<line hits="0" number="600"/>
						<line hits="0" number="601"/>
						<line hits="0" number="608"/>
						<line hits="0" number="609"/>
						<line hits="0" number="610"/>
						<line hits="0" number="611"/>
						<line hits="0" number="612"/>
						<line hits="0" number="613"/>
						<line hits="0" number="614"/>
						<line hits="0" number="615"/>
						<line hits="0" number="616"/>
						<line hits="0" number="617"/>
						<line hits="0" number="620"/>
						<line hits="0" number="621"/>
						<line hits="0" number="624"/>
						<line hits="0" number="625"/>
						<line hits="0" number="628"/>
						<line hits="0" number="629"/>
						<line hits="0" number="630"/>
						<line hits="0" number="631"/>
						<line hits="0" number="632"/>
						<line hits="0" number="633"/>
						<line hits="0" number="636"/>
						<line hits="0" number="637"/>
						<line hits="0" number="638"/>
						<line hits="0" number="639"/>
						<line hits="0" number="640"/>
						<line hits="0" number="641"/>
						<line hits="0" number="644"/>
						<line hits="0" number="645"/>
						<line hits="0" number="648"/>
						<line hits="0" number="649"/>
						<line hits="0" number="650"/>
						<line hits="0" number="653"/>
						<line hits="0" number="654"/>
						<line hits="0" number="657"/>
						<line hits="0" number="658"/>
						<line hits="0" number="661"/>
						<line hits="0" number="662"/>
						<line hits="0" number="665"/>
						<line hits="0" number="666"/>
						<line hits="0" number="667"/>
						<line hits="0" number="668"/>
						<line hits="0" number="669"/>
						<line hits="0" number="670"/>
						<line hits="0" number="673"/>
						<line hits="0" number="674"/>
						<line hits="0" number="677"/>
						<line hits="0" number="678"/>
						<line hits="0" number="681"/>
						<line branch="true" condition-coverage="0% (0/2)" hits="0" missing-branches="734,895" number="733"/>
						<line hits="0" number="734"/>
						<line hits="0" number="735"/>
						<line branch="true" condition-coverage="0% (0/2)" hits="0" missing-branches="733,738" number="737"/>
						<line branch="true" condition-coverage="0% (0/2)" hits="0" missing-branches="739,747" number="738"/>
						<line hits="0" number="739"/>
						<line hits="0" number="740"/>
						<line hits="0" number="741"/>
						<line branch="true" condition-coverage="0% (0/2)" hits="0" missing-branches="737,744" number="743"/>
						<line branch="true" condition-coverage="0% (0/2)" hits="0" missing-branches="743,745" number="744"/>
						<line hits="0" number="745"/>
						<line branch="true" condition-coverage="0% (0/2)" hits="0" missing-branches="748,756" number="747"/>
						<line hits="0" number="748"/>
						<line hits="0" number="749"/>
						<line hits="0" number="750"/>
						<line branch="true" condition-coverage="0% (0/2)" hits="0" missing-branches="737,753" number="752"/>
						<line branch="true" condition-coverage="0% (0/2)" hits="0" missing-branches="752,754" number="753"/>
						<line hits="0" number="754"/>
						<line branch="true" condition-coverage="0% (0/2)" hits="0" missing-branches="757,783" number="756"/>
						<line hits="0" number="757"/>
						<line hits="0" number="758"/>
						<line hits="0" number="759"/>
						<line branch="true" condition-coverage="0% (0/2)" hits="0" missing-branches="737,762" number="761"/>
						<line branch="true" condition-coverage="0% (0/2)" hits="0" missing-branches="763,766" number="762"/>
						<line hits="0" number="763"/>
						<line branch="true" condition-coverage="0% (0/2)" hits="0" missing-branches="767,770" number="766"/>
						<line hits="0" number="767"/>
						<line branch="true" condition-coverage="0% (0/2)" hits="0" missing-branches="771,774" number="770"/>
						<line hits="0" number="771"/>
						<line branch="true" condition-coverage="0% (0/2)" hits="0" missing-branches="775,778" number="774"/>
						<line hits="0" number="775"/>
						<line branch="true" condition-coverage="0% (0/2)" hits="0" missing-branches="761,779" number="778"/>
						<line hits="0" number="779"/>
						<line branch="true" condition-coverage="0% (0/2)" hits="0" missing-branches="784,810" number="783"/>
						<line hits="0" number="784"/>
						<line hits="0" number="785"/>
						<line hits="0" number="786"/>
						<line branch="true" condition-coverage="0% (0/2)" hits="0" missing-branches="737,789" number="788"/>
						<line branch="true" condition-coverage="0% (0/2)" hits="0" missing-branches="790,793" number="789"/>
						<line hits="0" number="790"/>
						<line branch="true" condition-coverage="0% (0/2)" hits="0" missing-branches="794,797" number="793"/>
						<line hits="0" number="794"/>
						<line branch="true" condition-coverage="0% (0/2)" hits="0" missing-branches="798,801" number="797"/>
						<line hits="0" number="798"/>
						<line branch="true" condition-coverage="0% (0/2)" hits="0" missing-branches="802,805" number="801"/>
						<line hits="0" number="802"/>
						<line branch="true" condition-coverage="0% (0/2)" hits="0" missing-branches="788,806" number="805"/>
						<line hits="0" number="806"/>
						<line branch="true" condition-coverage="0% (0/2)" hits="0" missing-branches="811,821" number="810"/>
						<line hits="0" number="811"/>
						<line hits="0" number="812"/>
						<line hits="0" number="813"/>
						<line branch="true" condition-coverage="0% (0/2)" hits="0" missing-branches="737,816" number="815"/>
						<line branch="true" condition-coverage="0% (0/2)" hits="0" missing-branches="815,817" number="816"/>
						<line hits="0" number="817"/>
						<line branch="true" condition-coverage="0% (0/2)" hits="0" missing-branches="822,836" number="821"/>
						<line hits="0" number="822"/>
						<line hits="0" number="823"/>
						<line hits="0" number="824"/>
						<line branch="true" condition-coverage="0% (0/2)" hits="0" missing-branches="737,827" number="826"/>
						<line branch="true" condition-coverage="0% (0/2)" hits="0" missing-branches="828,831" number="827"/>
						<line hits="0" number="828"/>
						<line branch="true" condition-coverage="0% (0/2)" hits="0" missing-branches="826,832" number="831"/>
						<line hits="0" number="832"/>
						<line branch="true" condition-coverage="0% (0/2)" hits="0" missing-branches="837,846" number="836"/>
						<line branch="true" condition-coverage="0% (0/2)" hits="0" missing-branches="737,838" number="837"/>
						<line hits="0" number="838"/>
						<line hits="0" number="839"/>
						<line hits="0" number="840"/>
						<line branch="true" condition-coverage="0% (0/2)" hits="0" missing-branches="737,843" number="842"/>
						<line branch="true" condition-coverage="0% (0/2)" hits="0" missing-branches="842,844" number="843"/>
						<line hits="0" number="844"/>
						<line branch="true" condition-coverage="0% (0/2)" hits="0" missing-branches="847,855" number="846"/>
						<line hits="0" number="847"/>
						<line hits="0" number="848"/>
						<line hits="0" number="849"/>
						<line branch="true" condition-coverage="0% (0/2)" hits="0" missing-branches="737,852" number="851"/>
						<line branch="true" condition-coverage="0% (0/2)" hits="0" missing-branches="851,853" number="852"/>
						<line hits="0" number="853"/>
						<line branch="true" condition-coverage="0% (0/2)" hits="0" missing-branches="856,866" number="855"/>
						<line hits="0" number="856"/>
						<line hits="0" number="857"/>
						<line hits="0" number="858"/>
						<line branch="true" condition-coverage="0% (0/2)" hits="0" missing-branches="737,861" number="860"/>
						<line branch="true" condition-coverage="0% (0/2)" hits="0" missing-branches="860,862" number="861"/>
						<line hits="0" number="862"/>
						<line branch="true" condition-coverage="0% (0/2)" hits="0" missing-branches="737,867" number="866"/>
						<line hits="0" number="867"/>
						<line hits="0" number="868"/>
						<line hits="0" number="869"/>
						<line branch="true" condition-coverage="0% (0/2)" hits="0" missing-branches="737,871" number="870"/>
						<line branch="true" condition-coverage="0% (0/2)" hits="0" missing-branches="872,875" number="871"/>
						<line hits="0" number="872"/>
						<line branch="true" condition-coverage="0% (0/2)" hits="0" missing-branches="876,879" number="875"/>
						<line hits="0" number="876"/>
						<line branch="true" condition-coverage="0% (0/2)" hits="0" missing-branches="880,883" number="879"/>
						<line hits="0" number="880"/>
						<line branch="true" condition-coverage="0% (0/2)" hits="0" missing-branches="884,887" number="883"/>
						<line hits="0" number="884"/>
						<line branch="true" condition-coverage="0% (0/2)" hits="0" missing-branches="870,888" number="887"/>
						<line hits="0" number="888"/>
						<line hits="0" number="895"/>
						<line hits="0" number="897"/>
						<line branch="true" condition-coverage="0% (0/2)" hits="0" missing-branches="exit,904" number="903"/>
						<line hits="0" number="904"/>
						<line hits="0" number="906"/>
						<line hits="0" number="915"/>
						<line branch="true" condition-coverage="0% (0/2)" hits="0" missing-branches="exit,917" number="916"/>
						<line hits="0" number="917"/>
						<line hits="0" number="924"/>
						<line hits="0" number="925"/>
						<line hits="0" number="926"/>
						<line hits="0" number="927"/>
						<line hits="0" number="928"/>
						<line hits="0" number="930"/>
						<line hits="0" number="932"/>
						<line branch="true" condition-coverage="0% (0/2)" hits="0" missing-branches="exit,939" number="938"/>
						<line hits="0" number="939"/>
						<line hits="0" number="941"/>
						<line hits="0" number="948"/>
						<line branch="true" condition-coverage="0% (0/2)" hits="0" missing-branches="exit,950" number="949"/>
						<line hits="0" number="950"/>
						<line hits="0" number="957"/>
						<line hits="0" number="958"/>
						<line hits="0" number="959"/>
						<line hits="0" number="960"/>
						<line hits="0" number="961"/>
						<line hits="0" number="963"/>
						<line hits="0" number="965"/>
						<line branch="true" condition-coverage="0% (0/2)" hits="0" missing-branches="exit,972" number="971"/>
						<line hits="0" number="972"/>
						<line hits="0" number="974"/>
						<line hits="0" number="981"/>
						<line branch="true" condition-coverage="0% (0/2)" hits="0" missing-branches="exit,983" number="982"/>
						<line hits="0" number="983"/>
						<line hits="0" number="990"/>
						<line hits="0" number="991"/>
						<line hits="0" number="992"/>
						<line hits="0" number="993"/>
						<line hits="0" number="994"/>
						<line hits="0" number="996"/>
						<line hits="0" number="998"/>
						<line hits="0" number="1003"/>
						<line branch="true" condition-coverage="0% (0/2)" hits="0" missing-branches="1006,1009" number="1005"/>
						<line branch="true" condition-coverage="0% (0/2)" hits="0" missing-branches="1005,1007" number="1006"/>
						<line hits="0" number="1007"/>
						<line branch="true" condition-coverage="0% (0/2)" hits="0" missing-branches="exit,1010" number="1009"/>
						<line hits="0" number="1010"/>
						<line hits="0" number="1012"/>
						<line hits="0" number="1018"/>
						<line branch="true" condition-coverage="0% (0/2)" hits="0" missing-branches="exit,1020" number="1019"/>
						<line hits="0" number="1020"/>
						<line hits="0" number="1026"/>
						<line hits="0" number="1027"/>
						<line hits="0" number="1028"/>
						<line hits="0" number="1029"/>
						<line branch="true" condition-coverage="0% (0/2)" hits="0" missing-branches="1054,1608" number="1053"/>
						<line hits="0" number="1054"/>
						<line branch="true" condition-coverage="0% (0/2)" hits="0" missing-branches="1057,1086" number="1056"/>
						<line branch="true" condition-coverage="0% (0/2)" hits="0" missing-branches="1058,1068" number="1057"/>
						<line hits="0" number="1058"/>
						<line branch="true" condition-coverage="0% (0/2)" hits="0" missing-branches="1057,1060" number="1059"/>
						<line branch="true" condition-coverage="0% (0/2)" hits="0" missing-branches="1062,1066" number="1060"/>
						<line hits="0" number="1062"/>
						<line hits="0" number="1063"/>
						<line hits="0" number="1064"/>
						<line hits="0" number="1066"/>
						<line hits="0" number="1068"/>
						<line hits="0" number="1072"/>
						<line hits="0" number="1076"/>
						<line hits="0" number="1081"/>
						<line hits="0" number="1082"/>
						<line hits="0" number="1083"/>
						<line branch="true" condition-coverage="0% (0/2)" hits="0" missing-branches="1087,1111" number="1086"/>
						<line branch="true" condition-coverage="0% (0/2)" hits="0" missing-branches="1088,1098" number="1087"/>
						<line hits="0" number="1088"/>
						<line branch="true" condition-coverage="0% (0/2)" hits="0" missing-branches="1087,1090" number="1089"/>
						<line branch="true" condition-coverage="0% (0/2)" hits="0" missing-branches="1092,1095" number="1090"/>
						<line hits="0" number="1092"/>
						<line hits="0" number="1093"/>
						<line hits="0" number="1095"/>
						<line hits="0" number="1098"/>
						<line hits="0" number="1102"/>
						<line hits="0" number="1107"/>
						<line hits="0" number="1108"/>
						<line branch="true" condition-coverage="0% (0/2)" hits="0" missing-branches="1112,1248" number="1111"/>
						<line branch="true" condition-coverage="0% (0/2)" hits="0" missing-branches="1053,1113" number="1112"/>
						<line branch="true" condition-coverage="0% (0/2)" hits="0" missing-branches="1112,1114" number="1113"/>
						<line branch="true" condition-coverage="0% (0/2)" hits="0" missing-branches="1112,1116" number="1114"/>
						<line branch="true" condition-coverage="0% (0/2)" hits="0" missing-branches="1117,1145" number="1116"/>
						<line hits="0" number="1117"/>
						<line branch="true" condition-coverage="0% (0/2)" hits="0" missing-branches="1119,1127" number="1118"/>
						<line hits="0" number="1119"/>
						<line branch="true" condition-coverage="0% (0/2)" hits="0" missing-branches="1118,1121" number="1120"/>
						<line branch="true" condition-coverage="0% (0/2)" hits="0" missing-branches="1120,1123" number="1121"/>
						<line hits="0" number="1123"/>
						<line hits="0" number="1124"/>
						<line hits="0" number="1125"/>
						<line hits="0" number="1127"/>
						<line hits="0" number="1131"/>
						<line hits="0" number="1135"/>
						<line hits="0" number="1140"/>
						<line hits="0" number="1141"/>
						<line hits="0" number="1142"/>
						<line branch="true" condition-coverage="0% (0/2)" hits="0" missing-branches="1146,1174" number="1145"/>
						<line hits="0" number="1146"/>
						<line branch="true" condition-coverage="0% (0/2)" hits="0" missing-branches="1148,1156" number="1147"/>
						<line hits="0" number="1148"/>
						<line branch="true" condition-coverage="0% (0/2)" hits="0" missing-branches="1147,1150" number="1149"/>
						<line branch="true" condition-coverage="0% (0/2)" hits="0" missing-branches="1149,1152" number="1150"/>
						<line hits="0" number="1152"/>
						<line hits="0" number="1153"/>
						<line hits="0" number="1154"/>
						<line hits="0" number="1156"/>
						<line hits="0" number="1160"/>
						<line hits="0" number="1164"/>
						<line hits="0" number="1169"/>
						<line hits="0" number="1170"/>
						<line hits="0" number="1171"/>
						<line branch="true" condition-coverage="0% (0/2)" hits="0" missing-branches="1175,1193" number="1174"/>
						<line hits="0" number="1175"/>
						<line branch="true" condition-coverage="0% (0/2)" hits="0" missing-branches="1114,1177" number="1176"/>
						<line hits="0" number="1177"/>
						<line branch="true" condition-coverage="0% (0/2)" hits="0" missing-branches="1179,1185" number="1178"/>
						<line hits="0" number="1179"/>
						<line branch="true" condition-coverage="0% (0/2)" hits="0" missing-branches="1178,1181" number="1180"/>
						<line branch="true" condition-coverage="0% (0/2)" hits="0" missing-branches="1180,1183" number="1181"/>
						<line hits="0" number="1183"/>
						<line hits="0" number="1185"/>
						<line hits="0" number="1190"/>
						<line branch="true" condition-coverage="0% (0/2)" hits="0" missing-branches="1194,1222" number="1193"/>
						<line hits="0" number="1194"/>
						<line branch="true" condition-coverage="0% (0/2)" hits="0" missing-branches="1196,1204" number="1195"/>
						<line hits="0" number="1196"/>
						<line branch="true" condition-coverage="0% (0/2)" hits="0" missing-branches="1195,1198" number="1197"/>
						<line branch="true" condition-coverage="0% (0/2)" hits="0" missing-branches="1197,1200" number="1198"/>
						<line hits="0" number="1200"/>
						<line hits="0" number="1201"/>
						<line hits="0" number="1202"/>
						<line hits="0" number="1204"/>
						<line hits="0" number="1208"/>
						<line hits="0" number="1212"/>
						<line hits="0" number="1217"/>
						<line hits="0" number="1218"/>
						<line hits="0" number="1219"/>
						<line branch="true" condition-coverage="0% (0/2)" hits="0" missing-branches="1223,1245" number="1222"/>
						<line hits="0" number="1223"/>
						<line branch="true" condition-coverage="0% (0/2)" hits="0" missing-branches="1225,1232" number="1224"/>
						<line hits="0" number="1225"/>
						<line branch="true" condition-coverage="0% (0/2)" hits="0" missing-branches="1224,1227" number="1226"/>
						<line branch="true" condition-coverage="0% (0/2)" hits="0" missing-branches="1226,1229" number="1227"/>
						<line hits="0" number="1229"/>
						<line hits="0" number="1230"/>
						<line hits="0" number="1232"/>
						<line hits="0" number="1236"/>
						<line hits="0" number="1241"/>
						<line hits="0" number="1242"/>
						<line hits="0" number="1245"/>
						<line branch="true" condition-coverage="0% (0/2)" hits="0" missing-branches="1249,1385" number="1248"/>
						<line branch="true" condition-coverage="0% (0/2)" hits="0" missing-branches="1053,1250" number="1249"/>
						<line branch="true" condition-coverage="0% (0/2)" hits="0" missing-branches="1249,1251" number="1250"/>
						<line branch="true" condition-coverage="0% (0/2)" hits="0" missing-branches="1249,1253" number="1251"/>
						<line branch="true" condition-coverage="0% (0/2)" hits="0" missing-branches="1254,1282" number="1253"/>
						<line hits="0" number="1254"/>
						<line branch="true" condition-coverage="0% (0/2)" hits="0" missing-branches="1256,1264" number="1255"/>
						<line hits="0" number="1256"/>
						<line branch="true" condition-coverage="0% (0/2)" hits="0" missing-branches="1255,1258" number="1257"/>
						<line branch="true" condition-coverage="0% (0/2)" hits="0" missing-branches="1257,1260" number="1258"/>
						<line hits="0" number="1260"/>
						<line hits="0" number="1261"/>
						<line hits="0" number="1262"/>
						<line hits="0" number="1264"/>
						<line hits="0" number="1268"/>
						<line hits="0" number="1272"/>
						<line hits="0" number="1277"/>
						<line hits="0" number="1278"/>
						<line hits="0" number="1279"/>
						<line branch="true" condition-coverage="0% (0/2)" hits="0" missing-branches="1283,1311" number="1282"/>
						<line hits="0" number="1283"/>
						<line branch="true" condition-coverage="0% (0/2)" hits="0" missing-branches="1285,1293" number="1284"/>
						<line hits="0" number="1285"/>
						<line branch="true" condition-coverage="0% (0/2)" hits="0" missing-branches="1284,1287" number="1286"/>
						<line branch="true" condition-coverage="0% (0/2)" hits="0" missing-branches="1286,1289" number="1287"/>
						<line hits="0" number="1289"/>
						<line hits="0" number="1290"/>
						<line hits="0" number="1291"/>
						<line hits="0" number="1293"/>
						<line hits="0" number="1297"/>
						<line hits="0" number="1301"/>
						<line hits="0" number="1306"/>
						<line hits="0" number="1307"/>
						<line hits="0" number="1308"/>
						<line branch="true" condition-coverage="0% (0/2)" hits="0" missing-branches="1312,1330" number="1311"/>
						<line hits="0" number="1312"/>
						<line branch="true" condition-coverage="0% (0/2)" hits="0" missing-branches="1251,1314" number="1313"/>
						<line hits="0" number="1314"/>
						<line branch="true" condition-coverage="0% (0/2)" hits="0" missing-branches="1316,1322" number="1315"/>
						<line hits="0" number="1316"/>
						<line branch="true" condition-coverage="0% (0/2)" hits="0" missing-branches="1315,1318" number="1317"/>
						<line branch="true" condition-coverage="0% (0/2)" hits="0" missing-branches="1317,1320" number="1318"/>
						<line hits="0" number="1320"/>
						<line hits="0" number="1322"/>
						<line hits="0" number="1327"/>
						<line branch="true" condition-coverage="0% (0/2)" hits="0" missing-branches="1331,1359" number="1330"/>
						<line hits="0" number="1331"/>
						<line branch="true" condition-coverage="0% (0/2)" hits="0" missing-branches="1333,1341" number="1332"/>
						<line hits="0" number="1333"/>
						<line branch="true" condition-coverage="0% (0/2)" hits="0" missing-branches="1332,1335" number="1334"/>
						<line branch="true" condition-coverage="0% (0/2)" hits="0" missing-branches="1334,1337" number="1335"/>
						<line hits="0" number="1337"/>
						<line hits="0" number="1338"/>
						<line hits="0" number="1339"/>
						<line hits="0" number="1341"/>
						<line hits="0" number="1345"/>
						<line hits="0" number="1349"/>
						<line hits="0" number="1354"/>
						<line hits="0" number="1355"/>
						<line hits="0" number="1356"/>
						<line branch="true" condition-coverage="0% (0/2)" hits="0" missing-branches="1360,1382" number="1359"/>
						<line hits="0" number="1360"/>
						<line branch="true" condition-coverage="0% (0/2)" hits="0" missing-branches="1362,1369" number="1361"/>
						<line hits="0" number="1362"/>
						<line branch="true" condition-coverage="0% (0/2)" hits="0" missing-branches="1361,1364" number="1363"/>
						<line branch="true" condition-coverage="0% (0/2)" hits="0" missing-branches="1363,1366" number="1364"/>
						<line hits="0" number="1366"/>
						<line hits="0" number="1367"/>
						<line hits="0" number="1369"/>
						<line hits="0" number="1373"/>
						<line hits="0" number="1378"/>
						<line hits="0" number="1379"/>
						<line hits="0" number="1382"/>
						<line branch="true" condition-coverage="0% (0/2)" hits="0" missing-branches="1386,1410" number="1385"/>
						<line branch="true" condition-coverage="0% (0/2)" hits="0" missing-branches="1053,1387" number="1386"/>
						<line branch="true" condition-coverage="0% (0/2)" hits="0" missing-branches="1386,1388" number="1387"/>
						<line branch="true" condition-coverage="0% (0/2)" hits="0" missing-branches="1386,1390" number="1388"/>
						<line branch="true" condition-coverage="0% (0/2)" hits="0" missing-branches="1391,1407" number="1390"/>
						<line hits="0" number="1391"/>
						<line branch="true" condition-coverage="0% (0/2)" hits="0" missing-branches="1393,1399" number="1392"/>
						<line hits="0" number="1393"/>
						<line branch="true" condition-coverage="0% (0/2)" hits="0" missing-branches="1392,1395" number="1394"/>
						<line branch="true" condition-coverage="0% (0/2)" hits="0" missing-branches="1394,1397" number="1395"/>
						<line hits="0" number="1397"/>
						<line hits="0" number="1399"/>
						<line hits="0" number="1404"/>
						<line hits="0" number="1407"/>
						<line branch="true" condition-coverage="0% (0/2)" hits="0" missing-branches="1411,1452" number="1410"/>
						<line branch="true" condition-coverage="0% (0/2)" hits="0" missing-branches="1053,1412" number="1411"/>
						<line branch="true" condition-coverage="0% (0/2)" hits="0" missing-branches="1411,1413" number="1412"/>
						<line branch="true" condition-coverage="0% (0/2)" hits="0" missing-branches="1411,1415" number="1413"/>
						<line branch="true" condition-coverage="0% (0/2)" hits="0" missing-branches="1416,1432" number="1415"/>
						<line hits="0" number="1416"/>
						<line branch="true" condition-coverage="0% (0/2)" hits="0" missing-branches="1418,1424" number="1417"/>
						<line hits="0" number="1418"/>
						<line branch="true" condition-coverage="0% (0/2)" hits="0" missing-branches="1417,1420" number="1419"/>
						<line branch="true" condition-coverage="0% (0/2)" hits="0" missing-branches="1419,1422" number="1420"/>
						<line hits="0" number="1422"/>
						<line hits="0" number="1424"/>
						<line hits="0" number="1429"/>
						<line branch="true" condition-coverage="0% (0/2)" hits="0" missing-branches="1433,1449" number="1432"/>
						<line hits="0" number="1433"/>
						<line branch="true" condition-coverage="0% (0/2)" hits="0" missing-branches="1435,1441" number="1434"/>
						<line hits="0" number="1435"/>
						<line branch="true" condition-coverage="0% (0/2)" hits="0" missing-branches="1434,1437" number="1436"/>
						<line branch="true" condition-coverage="0% (0/2)" hits="0" missing-branches="1436,1439" number="1437"/>
						<line hits="0" number="1439"/>
						<line hits="0" number="1441"/>
						<line hits="0" number="1446"/>
						<line hits="0" number="1449"/>
						<line branch="true" condition-coverage="0% (0/2)" hits="0" missing-branches="1453,1470" number="1452"/>
						<line branch="true" condition-coverage="0% (0/2)" hits="0" missing-branches="1454,1462" number="1453"/>
						<line hits="0" number="1454"/>
						<line branch="true" condition-coverage="0% (0/2)" hits="0" missing-branches="1456,1460" number="1455"/>
						<line branch="true" condition-coverage="0% (0/2)" hits="0" missing-branches="1455,1458" number="1456"/>
						<line hits="0" number="1458"/>
						<line hits="0" number="1460"/>
						<line hits="0" number="1462"/>
						<line hits="0" number="1467"/>
						<line branch="true" condition-coverage="0% (0/2)" hits="0" missing-branches="1471,1488" number="1470"/>
						<line branch="true" condition-coverage="0% (0/2)" hits="0" missing-branches="1472,1480" number="1471"/>
						<line hits="0" number="1472"/>
						<line branch="true" condition-coverage="0% (0/2)" hits="0" missing-branches="1474,1478" number="1473"/>
						<line branch="true" condition-coverage="0% (0/2)" hits="0" missing-branches="1473,1476" number="1474"/>
						<line hits="0" number="1476"/>
						<line hits="0" number="1478"/>
						<line hits="0" number="1480"/>
						<line hits="0" number="1485"/>
						<line branch="true" condition-coverage="0% (0/2)" hits="0" missing-branches="1489,1509" number="1488"/>
						<line branch="true" condition-coverage="0% (0/2)" hits="0" missing-branches="1053,1490" number="1489"/>
						<line branch="true" condition-coverage="0% (0/2)" hits="0" missing-branches="1489,1491" number="1490"/>
						<line branch="true" condition-coverage="0% (0/2)" hits="0" missing-branches="1489,1493" number="1491"/>
						<line branch="true" condition-coverage="0% (0/2)" hits="0" missing-branches="1494,1506" number="1493"/>
						<line hits="0" number="1494"/>
						<line branch="true" condition-coverage="0% (0/2)" hits="0" missing-branches="1497,1499" number="1495"/>
						<line hits="0" number="1497"/>
						<line hits="0" number="1499"/>
						<line hits="0" number="1504"/>
						<line hits="0" number="1506"/>
						<line branch="true" condition-coverage="0% (0/2)" hits="0" missing-branches="1511,1605" number="1509"/>
						<line branch="true" condition-coverage="0% (0/2)" hits="0" missing-branches="1512,1521" number="1511"/>
						<line branch="true" condition-coverage="0% (0/2)" hits="0" missing-branches="1511,1513" number="1512"/>
						<line branch="true" condition-coverage="0% (0/2)" hits="0" missing-branches="1511,1514" number="1513"/>
						<line branch="true" condition-coverage="0% (0/2)" hits="0" missing-branches="1513,1515" number="1514"/>
						<line hits="0" number="1515"/>
						<line hits="0" number="1516"/>
						<line branch="true" condition-coverage="0% (0/2)" hits="0" missing-branches="1513,1518" number="1517"/>
						<line branch="true" condition-coverage="0% (0/2)" hits="0" missing-branches="1517,1520" number="1518"/>
						<line hits="0" number="1520"/>
						<line branch="true" condition-coverage="0% (0/2)" hits="0" missing-branches="1523,1530" number="1521"/>
						<line hits="0" number="1523"/>
						<line hits="0" number="1528"/>
						<line branch="true" condition-coverage="0% (0/2)" hits="0" missing-branches="1053,1531" number="1530"/>
						<line branch="true" condition-coverage="0% (0/2)" hits="0" missing-branches="1530,1532" number="1531"/>
						<line branch="true" condition-coverage="0% (0/2)" hits="0" missing-branches="1530,1534" number="1532"/>
						<line branch="true" condition-coverage="0% (0/2)" hits="0" missing-branches="1535,1551" number="1534"/>
						<line hits="0" number="1535"/>
						<line branch="true" condition-coverage="0% (0/2)" hits="0" missing-branches="1537,1543" number="1536"/>
						<line hits="0" number="1537"/>
						<line branch="true" condition-coverage="0% (0/2)" hits="0" missing-branches="1536,1539" number="1538"/>
						<line branch="true" condition-coverage="0% (0/2)" hits="0" missing-branches="1538,1541" number="1539"/>
						<line hits="0" number="1541"/>
						<line hits="0" number="1543"/>
						<line hits="0" number="1548"/>
						<line branch="true" condition-coverage="0% (0/2)" hits="0" missing-branches="1552,1568" number="1551"/>
						<line hits="0" number="1552"/>
						<line branch="true" condition-coverage="0% (0/2)" hits="0" missing-branches="1554,1560" number="1553"/>
						<line hits="0" number="1554"/>
						<line branch="true" condition-coverage="0% (0/2)" hits="0" missing-branches="1553,1556" number="1555"/>
						<line branch="true" condition-coverage="0% (0/2)" hits="0" missing-branches="1555,1558" number="1556"/>
						<line hits="0" number="1558"/>
						<line hits="0" number="1560"/>
						<line hits="0" number="1565"/>
						<line branch="true" condition-coverage="0% (0/2)" hits="0" missing-branches="1569,1585" number="1568"/>
						<line hits="0" number="1569"/>
						<line branch="true" condition-coverage="0% (0/2)" hits="0" missing-branches="1571,1577" number="1570"/>
						<line hits="0" number="1571"/>
						<line branch="true" condition-coverage="0% (0/2)" hits="0" missing-branches="1570,1573" number="1572"/>
						<line branch="true" condition-coverage="0% (0/2)" hits="0" missing-branches="1572,1575" number="1573"/>
						<line hits="0" number="1575"/>
						<line hits="0" number="1577"/>
						<line hits="0" number="1582"/>
						<line branch="true" condition-coverage="0% (0/2)" hits="0" missing-branches="1586,1602" number="1585"/>
						<line hits="0" number="1586"/>
						<line branch="true" condition-coverage="0% (0/2)" hits="0" missing-branches="1588,1594" number="1587"/>
						<line hits="0" number="1588"/>
						<line branch="true" condition-coverage="0% (0/2)" hits="0" missing-branches="1587,1590" number="1589"/>
						<line branch="true" condition-coverage="0% (0/2)" hits="0" missing-branches="1589,1592" number="1590"/>
						<line hits="0" number="1592"/>
						<line hits="0" number="1594"/>
						<line hits="0" number="1599"/>
						<line hits="0" number="1602"/>
						<line hits="0" number="1605"/>
						<line hits="0" number="1608"/>
						<line hits="0" number="1610"/>
						<line hits="0" number="1612"/>
						<line hits="0" number="1614"/>
						<line hits="0" number="1615"/>
						<line branch="true" condition-coverage="0% (0/2)" hits="0" missing-branches="1617,1626" number="1616"/>
						<line hits="0" number="1617"/>
						<line hits="0" number="1618"/>
						<line hits="0" number="1619"/>
						<line branch="true" condition-coverage="0% (0/2)" hits="0" missing-branches="1621,1622" number="1620"/>
						<line hits="0" number="1621"/>
						<line branch="true" condition-coverage="0% (0/2)" hits="0" missing-branches="1623,1625" number="1622"/>
						<line hits="0" number="1623"/>
						<line hits="0" number="1625"/>
						<line branch="true" condition-coverage="0% (0/2)" hits="0" missing-branches="1627,1632" number="1626"/>
						<line hits="0" number="1627"/>
						<line hits="0" number="1628"/>
						<line hits="0" number="1629"/>
						<line hits="0" number="1630"/>
						<line hits="0" number="1631"/>
						<line hits="0" number="1632"/>
						<line hits="0" number="1633"/>
						<line hits="0" number="1634"/>
						<line hits="0" number="1635"/>
						<line hits="1" number="1638"/>
						<line hits="0" number="1644"/>
						<line hits="0" number="1645"/>
						<line branch="true" condition-coverage="0% (0/2)" hits="0" missing-branches="1647,1652" number="1646"/>
						<line hits="0" number="1647"/>
						<line branch="true" condition-coverage="0% (0/2)" hits="0" missing-branches="1649,1652" number="1648"/>
						<line hits="0" number="1649"/>
						<line hits="0" number="1650"/>
						<line hits="0" number="1652"/>
						<line hits="1" number="1655"/>
						<line branch="true" condition-coverage="0% (0/2)" hits="0" missing-branches="1666,1670" number="1665"/>
						<line branch="true" condition-coverage="0% (0/2)" hits="0" missing-branches="1667,1668" number="1666"/>
						<line hits="0" number="1667"/>
						<line hits="0" number="1668"/>
						<line branch="true" condition-coverage="0% (0/2)" hits="0" missing-branches="1671,1674" number="1670"/>
						<line hits="0" number="1671"/>
						<line hits="0" number="1674"/>
						<line hits="1" number="1678"/>
						<line hits="0" number="1686"/>
						<line hits="0" number="1687"/>
						<line branch="true" condition-coverage="0% (0/2)" hits="0" missing-branches="1691,1692" number="1688"/>
						<line hits="0" number="1691"/>
						<line hits="0" number="1692"/>
						<line hits="0" number="1694"/>
						<line branch="true" condition-coverage="0% (0/2)" hits="0" missing-branches="1697,1705" number="1696"/>
						<line branch="true" condition-coverage="0% (0/2)" hits="0" missing-branches="1698,1701" number="1697"/>
						<line hits="0" number="1698"/>
						<line branch="true" condition-coverage="0% (0/2)" hits="0" missing-branches="1697,1700" number="1699"/>
						<line hits="0" number="1700"/>
						<line branch="true" condition-coverage="0% (0/2)" hits="0" missing-branches="1702,1705" number="1701"/>
						<line hits="0" number="1702"/>
						<line branch="true" condition-coverage="0% (0/2)" hits="0" missing-branches="1701,1704" number="1703"/>
						<line hits="0" number="1704"/>
						<line hits="0" number="1705"/>
						<line hits="1" number="1708"/>
						<line hits="0" number="1716"/>
						<line hits="0" number="1717"/>
						<line branch="true" condition-coverage="0% (0/2)" hits="0" missing-branches="1722,1723" number="1718"/>
						<line hits="0" number="1722"/>
						<line hits="0" number="1723"/>
						<line hits="0" number="1725"/>
						<line branch="true" condition-coverage="0% (0/2)" hits="0" missing-branches="1728,1735" number="1727"/>
						<line hits="0" number="1728"/>
						<line hits="0" number="1729"/>
						<line hits="0" number="1732"/>
						<line hits="0" number="1735"/>
						<line hits="1" number="1738"/>
						<line branch="true" condition-coverage="0% (0/2)" hits="0" missing-branches="exit,1745" number="1744"/>
						<line branch="true" condition-coverage="0% (0/2)" hits="0" missing-branches="1746,1749" number="1745"/>
						<line hits="0" number="1746"/>
						<line branch="true" condition-coverage="0% (0/2)" hits="0" missing-branches="1744,1750" number="1749"/>
						<line branch="true" condition-coverage="0% (0/2)" hits="0" missing-branches="1744,1751" number="1750"/>
						<line branch="true" condition-coverage="0% (0/2)" hits="0" missing-branches="1750,1752" number="1751"/>
						<line branch="true" condition-coverage="0% (0/2)" hits="0" missing-branches="1753,1757" number="1752"/>
						<line branch="true" condition-coverage="0% (0/2)" hits="0" missing-branches="1751,1754" number="1753"/>
						<line branch="true" condition-coverage="0% (0/2)" hits="0" missing-branches="1753,1755" number="1754"/>
						<line hits="0" number="1755"/>
						<line hits="0" number="1756"/>
						<line branch="true" condition-coverage="0% (0/2)" hits="0" missing-branches="1751,1758" number="1757"/>
						<line branch="true" condition-coverage="0% (0/2)" hits="0" missing-branches="1751,1759" number="1758"/>
						<line hits="0" number="1759"/>
						<line hits="0" number="1760"/>
						<line hits="1" number="1763"/>
						<line hits="0" number="1770"/>
						<line hits="0" number="1772"/>
						<line hits="0" number="1773"/>
						<line hits="0" number="1774"/>
						<line hits="0" number="1775"/>
						<line hits="0" number="1778"/>
						<line hits="0" number="1780"/>
						<line branch="true" condition-coverage="0% (0/2)" hits="0" missing-branches="1782,1787" number="1781"/>
						<line hits="0" number="1782"/>
						<line hits="0" number="1783"/>
						<line hits="0" number="1787"/>
						<line hits="0" number="1790"/>
						<line branch="true" condition-coverage="0% (0/2)" hits="0" missing-branches="1792,1837" number="1791"/>
						<line branch="true" condition-coverage="0% (0/2)" hits="0" missing-branches="1793,1796" number="1792"/>
						<line hits="0" number="1793"/>
						<line branch="true" condition-coverage="0% (0/2)" hits="0" missing-branches="1791,1797" number="1796"/>
						<line branch="true" condition-coverage="0% (0/2)" hits="0" missing-branches="1791,1798" number="1797"/>
						<line branch="true" condition-coverage="0% (0/2)" hits="0" missing-branches="1797,1799" number="1798"/>
						<line branch="true" condition-coverage="0% (0/2)" hits="0" missing-branches="1800,1818" number="1799"/>
						<line branch="true" condition-coverage="0% (0/2)" hits="0" missing-branches="1798,1801" number="1800"/>
						<line branch="true" condition-coverage="0% (0/2)" hits="0" missing-branches="1800,1802" number="1801"/>
						<line hits="0" number="1802"/>
						<line branch="true" condition-coverage="0% (0/2)" hits="0" missing-branches="1804,1817" number="1803"/>
						<line hits="0" number="1804"/>
						<line hits="0" number="1807"/>
						<line hits="0" number="1808"/>
						<line hits="0" number="1809"/>
						<line hits="0" number="1811"/>
						<line hits="0" number="1815"/>
						<line hits="0" number="1817"/>
						<line branch="true" condition-coverage="0% (0/2)" hits="0" missing-branches="1798,1819" number="1818"/>
						<line branch="true" condition-coverage="0% (0/2)" hits="0" missing-branches="1798,1820" number="1819"/>
						<line hits="0" number="1820"/>
						<line branch="true" condition-coverage="0% (0/2)" hits="0" missing-branches="1822,1835" number="1821"/>
						<line hits="0" number="1822"/>
						<line hits="0" number="1825"/>
						<line hits="0" number="1826"/>
						<line hits="0" number="1827"/>
						<line hits="0" number="1829"/>
						<line hits="0" number="1833"/>
						<line hits="0" number="1835"/>
						<line branch="true" condition-coverage="0% (0/2)" hits="0" missing-branches="exit,1838" number="1837"/>
						<line hits="0" number="1838"/>
						<line hits="1" number="1843"/>
						<line hits="0" number="1853"/>
						<line hits="0" number="1854"/>
						<line hits="0" number="1855"/>
						<line hits="0" number="1856"/>
						<line hits="0" number="1859"/>
						<line hits="0" number="1862"/>
						<line hits="0" number="1866"/>
						<line hits="0" number="1867"/>
						<line hits="0" number="1868"/>
						<line hits="0" number="1869"/>
						<line hits="0" number="1870"/>
						<line hits="0" number="1874"/>
						<line hits="0" number="1878"/>
						<line hits="0" number="1882"/>
						<line hits="0" number="1886"/>
						<line hits="0" number="1889"/>
						<line hits="0" number="1890"/>
						<line hits="0" number="1891"/>
						<line hits="0" number="1892"/>
						<line branch="true" condition-coverage="0% (0/2)" hits="0" missing-branches="1894,1900" number="1893"/>
						<line hits="0" number="1894"/>
						<line hits="0" number="1900"/>
						<line hits="1" number="1903"/>
						<line hits="0" number="1920"/>
						<line hits="0" number="1922"/>
						<line branch="true" condition-coverage="0% (0/2)" hits="0" missing-branches="1924,1926" number="1923"/>
						<line hits="0" number="1924"/>
						<line hits="0" number="1926"/>
						<line hits="0" number="1927"/>
						<line branch="true" condition-coverage="0% (0/2)" hits="0" missing-branches="1930,1934" number="1929"/>
						<line branch="true" condition-coverage="0% (0/2)" hits="0" missing-branches="1931,1934" number="1930"/>
						<line hits="0" number="1931"/>
						<line hits="0" number="1934"/>
						<line branch="true" condition-coverage="0% (0/2)" hits="0" missing-branches="1938,2184" number="1937"/>
						<line hits="0" number="1940"/>
						<line hits="0" number="1941"/>
						<line hits="0" number="1942"/>
						<line hits="0" number="1943"/>
						<line hits="0" number="1944"/>
						<line hits="0" number="1945"/>
						<line hits="0" number="1947"/>
						<line hits="0" number="1949"/>
						<line hits="0" number="1950"/>
						<line branch="true" condition-coverage="0% (0/2)" hits="0" missing-branches="exit,1952" number="1951"/>
						<line hits="0" number="1952"/>
						<line hits="0" number="1955"/>
						<line hits="0" number="1957"/>
						<line hits="0" number="1958"/>
						<line hits="0" number="1960"/>
						<line hits="0" number="1962"/>
						<line hits="0" number="1963"/>
						<line branch="true" condition-coverage="0% (0/2)" hits="0" missing-branches="1965,1979" number="1964"/>
						<line branch="true" condition-coverage="0% (0/2)" hits="0" missing-branches="1968,1971" number="1965"/>
						<line hits="0" number="1968"/>
						<line branch="true" condition-coverage="0% (0/2)" hits="0" missing-branches="1972,1975" number="1971"/>
						<line hits="0" number="1972"/>
						<line hits="0" number="1975"/>
						<line hits="0" number="1976"/>
						<line branch="true" condition-coverage="0% (0/2)" hits="0" missing-branches="1964,1978" number="1977"/>
						<line hits="0" number="1978"/>
						<line hits="0" number="1979"/>
						<line hits="0" number="1981"/>
						<line hits="0" number="1983"/>
						<line hits="0" number="1985"/>
						<line hits="0" number="1986"/>
						<line branch="true" condition-coverage="0% (0/2)" hits="0" missing-branches="1988,1995" number="1987"/>
						<line branch="true" condition-coverage="0% (0/2)" hits="0" missing-branches="1987,1989" number="1988"/>
						<line hits="0" number="1989"/>
						<line branch="true" condition-coverage="0% (0/2)" hits="0" missing-branches="exit,1993" number="1991"/>
						<line branch="true" condition-coverage="0% (0/2)" hits="0" missing-branches="1987,1994" number="1993"/>
						<line hits="0" number="1994"/>
						<line hits="0" number="1995"/>
						<line hits="0" number="1997"/>
						<line hits="0" number="1999"/>
						<line hits="0" number="2001"/>
						<line hits="0" number="2002"/>
						<line branch="true" condition-coverage="0% (0/2)" hits="0" missing-branches="2004,2011" number="2003"/>
						<line branch="true" condition-coverage="0% (0/2)" hits="0" missing-branches="2003,2005" number="2004"/>
						<line hits="0" number="2005"/>
						<line branch="true" condition-coverage="0% (0/2)" hits="0" missing-branches="exit,2009" number="2007"/>
						<line branch="true" condition-coverage="0% (0/2)" hits="0" missing-branches="2003,2010" number="2009"/>
						<line hits="0" number="2010"/>
						<line hits="0" number="2011"/>
						<line hits="0" number="2013"/>
						<line hits="0" number="2015"/>
						<line hits="0" number="2017"/>
						<line hits="0" number="2018"/>
						<line branch="true" condition-coverage="0% (0/2)" hits="0" missing-branches="2020,2029" number="2019"/>
						<line hits="0" number="2020"/>
						<line branch="true" condition-coverage="0% (0/2)" hits="0" missing-branches="2022,2027" number="2021"/>
						<line hits="0" number="2022"/>
						<line hits="0" number="2027"/>
						<line hits="0" number="2029"/>
						<line branch="true" condition-coverage="0% (0/2)" hits="0" missing-branches="2031,2032" number="2030"/>
						<line hits="0" number="2031"/>
						<line branch="true" condition-coverage="0% (0/2)" hits="0" missing-branches="2033,2058" number="2032"/>
						<line hits="0" number="2033"/>
						<line branch="true" condition-coverage="0% (0/2)" hits="0" missing-branches="2035,2058" number="2034"/>
						<line hits="0" number="2035"/>
						<line branch="true" condition-coverage="0% (0/2)" hits="0" missing-branches="2034,2037" number="2036"/>
						<line hits="0" number="2037"/>
						<line branch="true" condition-coverage="0% (0/2)" hits="0" missing-branches="2039,2056" number="2038"/>
						<line branch="true" condition-coverage="0% (0/2)" hits="0" missing-branches="2040,2047" number="2039"/>
						<line hits="0" number="2040"/>
						<line branch="true" condition-coverage="0% (0/2)" hits="0" missing-branches="2043,2045" number="2041"/>
						<line hits="0" number="2043"/>
						<line hits="0" number="2045"/>
						<line hits="0" number="2046"/>
						<line branch="true" condition-coverage="0% (0/2)" hits="0" missing-branches="2048,2051" number="2047"/>
						<line hits="0" number="2048"/>
						<line branch="true" condition-coverage="0% (0/2)" hits="0" missing-branches="2038,2050" number="2049"/>
						<line hits="0" number="2050"/>
						<line branch="true" condition-coverage="0% (0/2)" hits="0" missing-branches="2052,2054" number="2051"/>
						<line hits="0" number="2052"/>
						<line hits="0" number="2054"/>
						<line hits="0" number="2055"/>
						<line branch="true" condition-coverage="0% (0/2)" hits="0" missing-branches="2034,2057" number="2056"/>
						<line hits="0" number="2057"/>
						<line hits="0" number="2058"/>
						<line hits="0" number="2060"/>
						<line hits="0" number="2080"/>
						<line hits="0" number="2081"/>
						<line hits="0" number="2082"/>
						<line hits="0" number="2083"/>
						<line hits="0" number="2084"/>
						<line branch="true" condition-coverage="0% (0/2)" hits="0" missing-branches="2086,2182" number="2085"/>
						<line hits="0" number="2086"/>
						<line hits="0" number="2087"/>
						<line hits="0" number="2088"/>
						<line branch="true" condition-coverage="0% (0/2)" hits="0" missing-branches="2090,2147" number="2089"/>
						<line branch="true" condition-coverage="0% (0/2)" hits="0" missing-branches="2091,2096" number="2090"/>
						<line hits="0" number="2091"/>
						<line hits="0" number="2093"/>
						<line hits="0" number="2096"/>
						<line hits="0" number="2097"/>
						<line branch="true" condition-coverage="0% (0/2)" hits="0" missing-branches="2101,2114" number="2100"/>
						<line hits="0" number="2101"/>
[...]
						<line hits="0" number="443"/>
						<line hits="1" number="446"/>
						<line hits="1" number="448"/>
						<line hits="1" number="449"/>
						<line hits="0" number="451"/>
						<line hits="0" number="452"/>
						<line branch="true" condition-coverage="0% (0/2)" hits="0" missing-branches="454,456" number="453"/>
						<line hits="0" number="454"/>
						<line hits="0" number="456"/>
						<line hits="0" number="457"/>
						<line hits="0" number="462"/>
						<line hits="0" number="463"/>
						<line branch="true" condition-coverage="0% (0/2)" hits="0" missing-branches="465,468" number="464"/>
						<line hits="0" number="465"/>
						<line hits="0" number="466"/>
						<line branch="true" condition-coverage="0% (0/2)" hits="0" missing-branches="469,548" number="468"/>
						<line hits="0" number="469"/>
						<line branch="true" condition-coverage="0% (0/2)" hits="0" missing-branches="471,473" number="470"/>
						<line hits="0" number="471"/>
						<line hits="0" number="473"/>
						<line hits="0" number="474"/>
						<line branch="true" condition-coverage="0% (0/2)" hits="0" missing-branches="478,484" number="477"/>
						<line hits="0" number="478"/>
						<line hits="0" number="479"/>
						<line hits="0" number="480"/>
						<line hits="0" number="481"/>
						<line hits="0" number="484"/>
						<line hits="0" number="486"/>
						<line hits="0" number="489"/>
						<line hits="0" number="490"/>
						<line branch="true" condition-coverage="0% (0/2)" hits="0" missing-branches="492,500" number="491"/>
						<line hits="0" number="492"/>
						<line branch="true" condition-coverage="0% (0/2)" hits="0" missing-branches="495,501" number="493"/>
						<line hits="0" number="495"/>
						<line hits="0" number="497"/>
						<line hits="0" number="500"/>
						<line branch="true" condition-coverage="0% (0/2)" hits="0" missing-branches="503,505" number="501"/>
						<line hits="0" number="503"/>
						<line hits="0" number="505"/>
						<line hits="0" number="506"/>
						<line hits="0" number="508"/>
						<line hits="0" number="524"/>
						<line hits="0" number="526"/>
						<line branch="true" condition-coverage="0% (0/2)" hits="0" missing-branches="549,561" number="548"/>
						<line hits="0" number="549"/>
						<line hits="0" number="550"/>
						<line hits="0" number="551"/>
						<line hits="0" number="553"/>
						<line hits="0" number="561"/>
						<line hits="0" number="563"/>
						<line hits="0" number="564"/>
						<line branch="true" condition-coverage="0% (0/2)" hits="0" missing-branches="567,571" number="565"/>
						<line hits="0" number="567"/>
						<line hits="0" number="568"/>
						<line hits="0" number="569"/>
						<line hits="0" number="570"/>
						<line branch="true" condition-coverage="0% (0/2)" hits="0" missing-branches="573,577" number="571"/>
						<line hits="0" number="573"/>
						<line hits="0" number="577"/>
						<line branch="true" condition-coverage="0% (0/2)" hits="0" missing-branches="579,581" number="578"/>
						<line hits="0" number="579"/>
						<line hits="0" number="580"/>
						<line branch="true" condition-coverage="0% (0/2)" hits="0" missing-branches="582,586" number="581"/>
						<line hits="0" number="582"/>
						<line hits="0" number="583"/>
						<line hits="0" number="584"/>
						<line hits="0" number="585"/>
						<line branch="true" condition-coverage="0% (0/2)" hits="0" missing-branches="587,589" number="586"/>
						<line hits="0" number="587"/>
						<line hits="0" number="588"/>
						<line branch="true" condition-coverage="0% (0/2)" hits="0" missing-branches="590,592" number="589"/>
						<line hits="0" number="590"/>
						<line hits="0" number="591"/>
						<line hits="0" number="592"/>
						<line hits="0" number="593"/>
						<line hits="0" number="594"/>
						<line hits="0" number="596"/>
						<line hits="1" number="599"/>
						<line hits="0" number="604"/>
						<line hits="0" number="605"/>
						<line hits="0" number="606"/>
						<line hits="0" number="608"/>
						<line hits="0" number="610"/>
						<line hits="0" number="617"/>
						<line hits="0" number="618"/>
						<line branch="true" condition-coverage="0% (0/2)" hits="0" missing-branches="620,623" number="619"/>
						<line hits="0" number="620"/>
						<line hits="0" number="623"/>
						<line branch="true" condition-coverage="0% (0/2)" hits="0" missing-branches="625,627" number="624"/>
						<line hits="0" number="625"/>
						<line hits="0" number="627"/>
						<line hits="0" number="628"/>
						<line hits="0" number="629"/>
						<line hits="0" number="630"/>
						<line hits="0" number="631"/>
						<line hits="0" number="633"/>
						<line hits="0" number="634"/>
						<line branch="true" condition-coverage="0% (0/2)" hits="0" missing-branches="636,646" number="635"/>
						<line hits="0" number="636"/>
						<line hits="0" number="637"/>
						<line branch="true" condition-coverage="0% (0/2)" hits="0" missing-branches="639,646" number="638"/>
						<line hits="0" number="639"/>
						<line branch="true" condition-coverage="0% (0/2)" hits="0" missing-branches="641,642" number="640"/>
						<line hits="0" number="641"/>
						<line branch="true" condition-coverage="0% (0/2)" hits="0" missing-branches="643,644" number="642"/>
						<line hits="0" number="643"/>
						<line branch="true" condition-coverage="0% (0/2)" hits="0" missing-branches="645,646" number="644"/>
						<line hits="0" number="645"/>
						<line hits="0" number="646"/>
						<line hits="0" number="648"/>
						<line hits="1" number="665"/>
						<line hits="0" number="667"/>
						<line hits="0" number="669"/>
						<line hits="0" number="673"/>
						<line hits="0" number="674"/>
						<line hits="0" number="675"/>
						<line hits="1" number="678"/>
						<line hits="1" number="679"/>
						<line hits="0" number="685"/>
						<line hits="1" number="690"/>
						<line hits="1" number="691"/>
						<line hits="1" number="692"/>
						<line hits="0" number="704"/>
						<line hits="0" number="708"/>
						<line branch="true" condition-coverage="0% (0/2)" hits="0" missing-branches="710,711" number="709"/>
						<line hits="0" number="710"/>
						<line branch="true" condition-coverage="0% (0/2)" hits="0" missing-branches="712,714" number="711"/>
						<line hits="0" number="712"/>
						<line hits="0" number="714"/>
						<line hits="0" number="715"/>
						<line hits="0" number="716"/>
						<line hits="0" number="718"/>
						<line hits="1" number="721"/>
						<line hits="0" number="727"/>
						<line branch="true" condition-coverage="0% (0/2)" hits="0" missing-branches="729,731" number="728"/>
						<line hits="0" number="729"/>
						<line hits="0" number="730"/>
						<line hits="0" number="731"/>
						<line hits="0" number="732"/>
						<line hits="0" number="733"/>
						<line hits="1" number="736"/>
						<line hits="0" number="758"/>
						<line branch="true" condition-coverage="0% (0/2)" hits="0" missing-branches="766,769" number="764"/>
						<line hits="0" number="766"/>
						<line hits="0" number="767"/>
						<line hits="0" number="769"/>
						<line hits="0" number="770"/>
						<line hits="0" number="771"/>
						<line hits="0" number="773"/>
						<line branch="true" condition-coverage="0% (0/2)" hits="0" missing-branches="775,784" number="774"/>
						<line branch="true" condition-coverage="0% (0/2)" hits="0" missing-branches="776,779" number="775"/>
						<line hits="0" number="776"/>
						<line hits="0" number="777"/>
						<line hits="0" number="779"/>
						<line hits="0" number="780"/>
						<line hits="0" number="781"/>
						<line hits="0" number="782"/>
						<line branch="true" condition-coverage="0% (0/2)" hits="0" missing-branches="785,792" number="784"/>
						<line hits="0" number="785"/>
						<line hits="0" number="787"/>
						<line hits="0" number="788"/>
						<line hits="0" number="789"/>
						<line hits="0" number="790"/>
						<line hits="0" number="792"/>
						<line hits="1" number="795"/>
						<line hits="1" number="797"/>
						<line hits="0" number="810"/>
						<line hits="0" number="816"/>
						<line hits="0" number="817"/>
						<line hits="0" number="818"/>
						<line hits="0" number="819"/>
						<line branch="true" condition-coverage="0% (0/2)" hits="0" missing-branches="821,825" number="820"/>
						<line hits="0" number="821"/>
						<line hits="0" number="822"/>
						<line hits="0" number="823"/>
						<line hits="0" number="825"/>
						<line hits="1" number="828"/>
						<line hits="0" number="834"/>
						<line hits="0" number="839"/>
						<line hits="0" number="840"/>
						<line hits="0" number="841"/>
						<line hits="0" number="842"/>
						<line hits="0" number="843"/>
						<line hits="0" number="845"/>
						<line hits="1" number="848"/>
						<line hits="1" number="849"/>
						<line hits="0" number="865"/>
						<line branch="true" condition-coverage="0% (0/2)" hits="0" missing-branches="869,874" number="867"/>
						<line hits="0" number="869"/>
						<line hits="0" number="874"/>
						<line hits="0" number="875"/>
						<line hits="0" number="876"/>
						<line hits="0" number="877"/>
						<line hits="0" number="880"/>
						<line hits="0" number="881"/>
						<line branch="true" condition-coverage="0% (0/2)" hits="0" missing-branches="883,888" number="882"/>
						<line hits="0" number="883"/>
						<line hits="0" number="888"/>
						<line branch="true" condition-coverage="0% (0/2)" hits="0" missing-branches="894,1009" number="893"/>
						<line hits="0" number="894"/>
						<line hits="0" number="895"/>
						<line hits="0" number="898"/>
						<line hits="0" number="899"/>
						<line hits="0" number="901"/>
						<line hits="0" number="902"/>
						<line hits="0" number="903"/>
						<line branch="true" condition-coverage="0% (0/2)" hits="0" missing-branches="907,913" number="906"/>
						<line hits="0" number="907"/>
						<line branch="true" condition-coverage="0% (0/2)" hits="0" missing-branches="914,919" number="913"/>
						<line hits="0" number="914"/>
						<line hits="0" number="919"/>
						<line hits="0" number="920"/>
						<line branch="true" condition-coverage="0% (0/2)" hits="0" missing-branches="922,927" number="921"/>
						<line hits="0" number="922"/>
						<line branch="true" condition-coverage="0% (0/2)" hits="0" missing-branches="928,934" number="927"/>
						<line hits="0" number="928"/>
						<line branch="true" condition-coverage="0% (0/2)" hits="0" missing-branches="935,942" number="934"/>
						<line hits="0" number="935"/>
						<line hits="0" number="942"/>
						<line hits="0" number="943"/>
						<line branch="true" condition-coverage="0% (0/2)" hits="0" missing-branches="946,954" number="945"/>
						<line hits="0" number="946"/>
						<line branch="true" condition-coverage="0% (0/2)" hits="0" missing-branches="948,954" number="947"/>
						<line hits="0" number="948"/>
						<line branch="true" condition-coverage="0% (0/2)" hits="0" missing-branches="955,958" number="954"/>
						<line hits="0" number="955"/>
						<line hits="0" number="956"/>
						<line hits="0" number="958"/>
						<line hits="0" number="961"/>
						<line branch="true" condition-coverage="0% (0/2)" hits="0" missing-branches="964,968" number="963"/>
						<line hits="0" number="964"/>
						<line hits="0" number="968"/>
						<line hits="0" number="969"/>
						<line hits="0" number="970"/>
						<line hits="0" number="971"/>
						<line hits="0" number="972"/>
						<line hits="0" number="974"/>
						<line hits="0" number="975"/>
						<line hits="0" number="976"/>
						<line branch="true" condition-coverage="0% (0/2)" hits="0" missing-branches="978,984" number="977"/>
						<line hits="0" number="978"/>
						<line hits="0" number="979"/>
						<line hits="0" number="980"/>
						<line hits="0" number="984"/>
						<line hits="0" number="985"/>
						<line hits="0" number="986"/>
						<line hits="0" number="987"/>
						<line hits="0" number="988"/>
						<line hits="0" number="989"/>
						<line branch="true" condition-coverage="0% (0/2)" hits="0" missing-branches="995,1000" number="994"/>
						<line hits="0" number="995"/>
						<line hits="0" number="996"/>
						<line hits="0" number="1000"/>
						<line hits="0" number="1003"/>
						<line hits="0" number="1009"/>
						<line hits="1" number="1015"/>
						<line hits="0" number="1019"/>
						<line branch="true" condition-coverage="0% (0/2)" hits="0" missing-branches="1022,1033" number="1021"/>
						<line hits="0" number="1022"/>
						<line hits="0" number="1023"/>
						<line hits="0" number="1024"/>
						<line hits="0" number="1025"/>
						<line hits="0" number="1026"/>
						<line hits="0" number="1027"/>
						<line hits="0" number="1028"/>
						<line hits="0" number="1029"/>
						<line hits="0" number="1030"/>
						<line hits="0" number="1033"/>
						<line hits="0" number="1034"/>
						<line hits="0" number="1036"/>
						<line hits="0" number="1039"/>
						<line hits="0" number="1043"/>
						<line hits="0" number="1045"/>
						<line branch="true" condition-coverage="0% (0/2)" hits="0" missing-branches="1047,1054" number="1046"/>
						<line hits="0" number="1047"/>
						<line branch="true" condition-coverage="0% (0/2)" hits="0" missing-branches="1049,1054" number="1048"/>
						<line branch="true" condition-coverage="0% (0/2)" hits="0" missing-branches="1050,1053" number="1049"/>
						<line hits="0" number="1050"/>
						<line hits="0" number="1053"/>
						<line hits="0" number="1054"/>
						<line hits="1" number="1064"/>
						<line hits="0" number="1066"/>
						<line hits="0" number="1067"/>
						<line branch="true" condition-coverage="0% (0/2)" hits="0" missing-branches="1069,1070" number="1068"/>
						<line hits="0" number="1069"/>
						<line hits="0" number="1070"/>
						<line hits="1" number="1073"/>
						<line branch="true" condition-coverage="0% (0/2)" hits="0" missing-branches="1080,1082" number="1079"/>
						<line hits="0" number="1080"/>
						<line hits="0" number="1082"/>
						<line hits="0" number="1083"/>
						<line branch="true" condition-coverage="0% (0/2)" hits="0" missing-branches="1085,1092" number="1084"/>
						<line hits="0" number="1085"/>
						<line hits="0" number="1086"/>
						<line branch="true" condition-coverage="0% (0/2)" hits="0" missing-branches="1084,1088" number="1087"/>
						<line branch="true" condition-coverage="0% (0/2)" hits="0" missing-branches="1087,1089" number="1088"/>
						<line hits="0" number="1089"/>
						<line hits="0" number="1090"/>
						<line hits="0" number="1091"/>
						<line hits="0" number="1092"/>
						<line hits="1" number="1095"/>
						<line hits="0" number="1101"/>
						<line hits="0" number="1102"/>
						<line hits="0" number="1103"/>
						<line hits="0" number="1104"/>
						<line hits="0" number="1105"/>
						<line hits="1" number="1108"/>
						<line hits="0" number="1111"/>
						<line branch="true" condition-coverage="0% (0/2)" hits="0" missing-branches="1116,1118" number="1115"/>
						<line hits="0" number="1116"/>
						<line branch="true" condition-coverage="0% (0/2)" hits="0" missing-branches="1119,1121" number="1118"/>
						<line hits="0" number="1119"/>
						<line hits="0" number="1121"/>
						<line hits="0" number="1122"/>
						<line hits="0" number="1123"/>
						<line hits="0" number="1124"/>
						<line hits="0" number="1125"/>
						<line branch="true" condition-coverage="0% (0/2)" hits="0" missing-branches="1127,1133" number="1126"/>
						<line hits="0" number="1127"/>
						<line hits="0" number="1128"/>
						<line hits="0" number="1129"/>
						<line branch="true" condition-coverage="0% (0/2)" hits="0" missing-branches="1131,1133" number="1130"/>
						<line hits="0" number="1131"/>
						<line hits="0" number="1133"/>
						<line hits="0" number="1136"/>
						<line hits="0" number="1139"/>
						<line hits="0" number="1140"/>
						<line hits="0" number="1142"/>
						<line hits="1" number="1156"/>
						<line hits="1" number="1157"/>
						<line hits="0" number="1163"/>
						<line hits="0" number="1167"/>
						<line hits="0" number="1168"/>
						<line hits="0" number="1175"/>
						<line hits="1" number="1178"/>
						<line hits="1" number="1180"/>
						<line hits="0" number="1200"/>
						<line hits="0" number="1201"/>
						<line branch="true" condition-coverage="0% (0/2)" hits="0" missing-branches="1205,1219" number="1202"/>
						<line hits="0" number="1205"/>
						<line hits="0" number="1207"/>
						<line hits="0" number="1208"/>
						<line branch="true" condition-coverage="0% (0/2)" hits="0" missing-branches="1210,1215" number="1209"/>
						<line hits="0" number="1210"/>
						<line branch="true" condition-coverage="0% (0/2)" hits="0" missing-branches="exit,1214" number="1213"/>
						<line hits="0" number="1214"/>
						<line branch="true" condition-coverage="0% (0/2)" hits="0" missing-branches="1216,1217" number="1215"/>
						<line hits="0" number="1216"/>
						<line hits="0" number="1217"/>
						<line hits="0" number="1219"/>
						<line hits="1" number="1222"/>
						<line hits="1" number="1223"/>
						<line hits="1" number="1224"/>
						<line hits="1" number="1225"/>
						<line hits="0" number="1231"/>
						<line hits="0" number="1232"/>
						<line branch="true" condition-coverage="0% (0/2)" hits="0" missing-branches="1234,1238" number="1233"/>
						<line hits="0" number="1234"/>
						<line hits="0" number="1236"/>
						<line hits="0" number="1238"/>
						<line hits="1" number="1241"/>
						<line hits="0" number="1244"/>
						<line branch="true" condition-coverage="0% (0/2)" hits="0" missing-branches="1246,1259" number="1245"/>
						<line hits="0" number="1246"/>
						<line branch="true" condition-coverage="0% (0/2)" hits="0" missing-branches="1248,1257" number="1247"/>
						<line hits="0" number="1248"/>
						<line hits="0" number="1249"/>
						<line hits="0" number="1250"/>
						<line hits="0" number="1251"/>
						<line hits="0" number="1256"/>
						<line hits="0" number="1257"/>
						<line hits="0" number="1259"/>
						<line hits="1" number="1261"/>
						<line hits="0" number="1264"/>
						<line branch="true" condition-coverage="0% (0/2)" hits="0" missing-branches="1266,1277" number="1265"/>
						<line hits="0" number="1266"/>
						<line branch="true" condition-coverage="0% (0/2)" hits="0" missing-branches="1268,1275" number="1267"/>
						<line hits="0" number="1268"/>
						<line hits="0" number="1269"/>
						<line hits="0" number="1270"/>
						<line hits="0" number="1274"/>
						<line hits="0" number="1275"/>
						<line hits="0" number="1277"/>
						<line hits="1" number="1280"/>
						<line hits="0" number="1283"/>
						<line hits="0" number="1284"/>
						<line hits="0" number="1288"/>
						<line hits="1" number="1291"/>
						<line hits="1" number="1292"/>
						<line hits="1" number="1293"/>
						<line hits="0" number="1299"/>
						<line branch="true" condition-coverage="0% (0/2)" hits="0" missing-branches="1301,1302" number="1300"/>
						<line hits="0" number="1301"/>
						<line hits="0" number="1302"/>
						<line hits="1" number="1305"/>
						<line hits="1" number="1307"/>
						<line hits="1" number="1308"/>
						<line hits="0" number="1319"/>
						<line hits="0" number="1320"/>
						<line branch="true" condition-coverage="0% (0/2)" hits="0" missing-branches="1323,1327" number="1321"/>
						<line hits="0" number="1323"/>
						<line hits="0" number="1327"/>
						<line hits="1" number="1329"/>
						<line hits="1" number="1330"/>
						<line hits="0" number="1332"/>
						<line branch="true" condition-coverage="0% (0/2)" hits="0" missing-branches="1334,1338" number="1333"/>
						<line hits="0" number="1334"/>
						<line hits="0" number="1335"/>
						<line hits="0" number="1336"/>
						<line hits="0" number="1337"/>
						<line hits="0" number="1338"/>
					</lines>
				</class>
			</classes>
		</package>
	</packages>
</coverage>
